Array Index: 77
running inference on: 
20170212_tp_bl6_crii_rlat_04
(1/1080) loc: (10, 96, 96)
Elapsed: 0.424271
(2/1080) loc: (10, 96, 240)
Elapsed: 0.399202
(3/1080) loc: (10, 96, 384)
Elapsed: 0.398505
(4/1080) loc: (10, 96, 528)
Elapsed: 0.398778
(5/1080) loc: (10, 96, 672)
Elapsed: 0.400721
(6/1080) loc: (10, 96, 816)
Elapsed: 0.399260
(7/1080) loc: (10, 96, 960)
Elapsed: 0.399305
(8/1080) loc: (10, 96, 1104)
Elapsed: 0.400139
(9/1080) loc: (10, 96, 1248)
Elapsed: 0.400625
(10/1080) loc: (10, 96, 1392)
Elapsed: 0.398594
(11/1080) loc: (10, 96, 1536)
Elapsed: 0.398520
(12/1080) loc: (10, 96, 1680)
Elapsed: 0.397668
(13/1080) loc: (10, 96, 1824)
Elapsed: 0.398462
(14/1080) loc: (10, 96, 1968)
Elapsed: 0.397207
(15/1080) loc: (10, 96, 2112)
Elapsed: 0.397128
(16/1080) loc: (10, 96, 2256)
Elapsed: 0.397562
(17/1080) loc: (10, 96, 2400)
Elapsed: 0.399398
(18/1080) loc: (10, 96, 2544)
Elapsed: 0.403143
(19/1080) loc: (10, 96, 2688)
Elapsed: 0.398518
(20/1080) loc: (10, 96, 2814)
Elapsed: 0.399163
(21/1080) loc: (10, 240, 96)
Elapsed: 0.406352
(22/1080) loc: (10, 240, 240)
Elapsed: 0.401119
(23/1080) loc: (10, 240, 384)
Elapsed: 0.399336
(24/1080) loc: (10, 240, 528)
Elapsed: 0.399668
(25/1080) loc: (10, 240, 672)
Elapsed: 0.398522
(26/1080) loc: (10, 240, 816)
Elapsed: 0.399112
(27/1080) loc: (10, 240, 960)
Elapsed: 0.399588
(28/1080) loc: (10, 240, 1104)
Elapsed: 0.401277
(29/1080) loc: (10, 240, 1248)
Elapsed: 0.398997
(30/1080) loc: (10, 240, 1392)
Elapsed: 0.398841
(31/1080) loc: (10, 240, 1536)
Elapsed: 0.400532
(32/1080) loc: (10, 240, 1680)
Elapsed: 0.401929
(33/1080) loc: (10, 240, 1824)
Elapsed: 0.399315
(34/1080) loc: (10, 240, 1968)
Elapsed: 0.399026
(35/1080) loc: (10, 240, 2112)
Elapsed: 0.397010
(36/1080) loc: (10, 240, 2256)
Elapsed: 0.398450
(37/1080) loc: (10, 240, 2400)
Elapsed: 0.397269
(38/1080) loc: (10, 240, 2544)
Elapsed: 0.398634
(39/1080) loc: (10, 240, 2688)
Elapsed: 0.397519
(40/1080) loc: (10, 240, 2814)
Elapsed: 0.398118
(41/1080) loc: (10, 384, 96)
Elapsed: 0.406993
(42/1080) loc: (10, 384, 240)
Elapsed: 0.400432
(43/1080) loc: (10, 384, 384)
Elapsed: 0.399693
(44/1080) loc: (10, 384, 528)
Elapsed: 0.399275
(45/1080) loc: (10, 384, 672)
Elapsed: 0.399433
(46/1080) loc: (10, 384, 816)
Elapsed: 0.399010
(47/1080) loc: (10, 384, 960)
Elapsed: 0.400137
(48/1080) loc: (10, 384, 1104)
Elapsed: 0.398720
(49/1080) loc: (10, 384, 1248)
Elapsed: 0.398917
(50/1080) loc: (10, 384, 1392)
Elapsed: 0.400785
(51/1080) loc: (10, 384, 1536)
Elapsed: 0.400687
(52/1080) loc: (10, 384, 1680)
Elapsed: 0.400276
(53/1080) loc: (10, 384, 1824)
Elapsed: 0.399533
(54/1080) loc: (10, 384, 1968)
Elapsed: 0.398847
(55/1080) loc: (10, 384, 2112)
Elapsed: 0.397466
(56/1080) loc: (10, 384, 2256)
Elapsed: 0.398184
(57/1080) loc: (10, 384, 2400)
Elapsed: 0.397846
(58/1080) loc: (10, 384, 2544)
Elapsed: 0.399185
(59/1080) loc: (10, 384, 2688)
Elapsed: 0.397752
(60/1080) loc: (10, 384, 2814)
Elapsed: 0.398306
(61/1080) loc: (10, 528, 96)
Elapsed: 0.407309
(62/1080) loc: (10, 528, 240)
Elapsed: 0.399719
(63/1080) loc: (10, 528, 384)
Elapsed: 0.399134
(64/1080) loc: (10, 528, 528)
Elapsed: 0.398771
(65/1080) loc: (10, 528, 672)
Elapsed: 0.398145
(66/1080) loc: (10, 528, 816)
Elapsed: 0.398899
(67/1080) loc: (10, 528, 960)
Elapsed: 0.398546
(68/1080) loc: (10, 528, 1104)
Elapsed: 0.404567
(69/1080) loc: (10, 528, 1248)
Elapsed: 0.399576
(70/1080) loc: (10, 528, 1392)
Elapsed: 0.400248
(71/1080) loc: (10, 528, 1536)
Elapsed: 0.398559
(72/1080) loc: (10, 528, 1680)
Elapsed: 0.399201
(73/1080) loc: (10, 528, 1824)
Elapsed: 0.397921
(74/1080) loc: (10, 528, 1968)
Elapsed: 0.397654
(75/1080) loc: (10, 528, 2112)
Elapsed: 0.396948
(76/1080) loc: (10, 528, 2256)
Elapsed: 0.397877
(77/1080) loc: (10, 528, 2400)
Elapsed: 0.398313
(78/1080) loc: (10, 528, 2544)
Elapsed: 0.398154
(79/1080) loc: (10, 528, 2688)
Elapsed: 0.397184
(80/1080) loc: (10, 528, 2814)
Elapsed: 0.398796
(81/1080) loc: (10, 672, 96)
Elapsed: 0.407876
(82/1080) loc: (10, 672, 240)
Elapsed: 0.399550
(83/1080) loc: (10, 672, 384)
Elapsed: 0.402185
(84/1080) loc: (10, 672, 528)
Elapsed: 0.399147
(85/1080) loc: (10, 672, 672)
Elapsed: 0.400450
(86/1080) loc: (10, 672, 816)
Elapsed: 0.398987
(87/1080) loc: (10, 672, 960)
Elapsed: 0.398998
(88/1080) loc: (10, 672, 1104)
Elapsed: 0.399594
(89/1080) loc: (10, 672, 1248)
Elapsed: 0.398192
(90/1080) loc: (10, 672, 1392)
Elapsed: 0.399199
(91/1080) loc: (10, 672, 1536)
Elapsed: 0.398706
(92/1080) loc: (10, 672, 1680)
Elapsed: 0.398817
(93/1080) loc: (10, 672, 1824)
Elapsed: 0.399017
(94/1080) loc: (10, 672, 1968)
Elapsed: 0.399536
(95/1080) loc: (10, 672, 2112)
Elapsed: 0.397904
(96/1080) loc: (10, 672, 2256)
Elapsed: 0.400043
(97/1080) loc: (10, 672, 2400)
Elapsed: 0.397948
(98/1080) loc: (10, 672, 2544)
Elapsed: 0.398424
(99/1080) loc: (10, 672, 2688)
Elapsed: 0.397681
(100/1080) loc: (10, 672, 2814)
Elapsed: 0.397899
(101/1080) loc: (10, 816, 96)
Elapsed: 0.407840
(102/1080) loc: (10, 816, 240)
Elapsed: 0.399528
(103/1080) loc: (10, 816, 384)
Elapsed: 0.399057
(104/1080) loc: (10, 816, 528)
Elapsed: 0.399319
(105/1080) loc: (10, 816, 672)
Elapsed: 0.398485
(106/1080) loc: (10, 816, 816)
Elapsed: 0.400045
(107/1080) loc: (10, 816, 960)
Elapsed: 0.398993
(108/1080) loc: (10, 816, 1104)
Elapsed: 0.401942
(109/1080) loc: (10, 816, 1248)
Elapsed: 0.399709
(110/1080) loc: (10, 816, 1392)
Elapsed: 0.399164
(111/1080) loc: (10, 816, 1536)
Elapsed: 0.399743
(112/1080) loc: (10, 816, 1680)
Elapsed: 0.398374
(113/1080) loc: (10, 816, 1824)
Elapsed: 0.399763
(114/1080) loc: (10, 816, 1968)
Elapsed: 0.398164
(115/1080) loc: (10, 816, 2112)
Elapsed: 0.398404
(116/1080) loc: (10, 816, 2256)
Elapsed: 0.397922
(117/1080) loc: (10, 816, 2400)
Elapsed: 0.398154
(118/1080) loc: (10, 816, 2544)
Elapsed: 0.398798
(119/1080) loc: (10, 816, 2688)
Elapsed: 0.397936
(120/1080) loc: (10, 816, 2814)
Elapsed: 0.397004
(121/1080) loc: (10, 960, 96)
Elapsed: 0.408188
(122/1080) loc: (10, 960, 240)
Elapsed: 0.399084
(123/1080) loc: (10, 960, 384)
Elapsed: 0.398084
(124/1080) loc: (10, 960, 528)
Elapsed: 0.399160
(125/1080) loc: (10, 960, 672)
Elapsed: 0.397214
(126/1080) loc: (10, 960, 816)
Elapsed: 0.398807
(127/1080) loc: (10, 960, 960)
Elapsed: 0.398406
(128/1080) loc: (10, 960, 1104)
Elapsed: 0.398330
(129/1080) loc: (10, 960, 1248)
Elapsed: 0.398441
(130/1080) loc: (10, 960, 1392)
Elapsed: 0.398856
(131/1080) loc: (10, 960, 1536)
Elapsed: 0.399611
(132/1080) loc: (10, 960, 1680)
Elapsed: 0.399210
(133/1080) loc: (10, 960, 1824)
Elapsed: 0.400035
(134/1080) loc: (10, 960, 1968)
Elapsed: 0.397025
(135/1080) loc: (10, 960, 2112)
Elapsed: 0.397481
(136/1080) loc: (10, 960, 2256)
Elapsed: 0.396727
(137/1080) loc: (10, 960, 2400)
Elapsed: 0.396645
(138/1080) loc: (10, 960, 2544)
Elapsed: 0.396821
(139/1080) loc: (10, 960, 2688)
Elapsed: 0.397316
(140/1080) loc: (10, 960, 2814)
Elapsed: 0.397857
(141/1080) loc: (10, 1104, 96)
Elapsed: 0.406832
(142/1080) loc: (10, 1104, 240)
Elapsed: 0.398982
(143/1080) loc: (10, 1104, 384)
Elapsed: 0.404866
(144/1080) loc: (10, 1104, 528)
Elapsed: 0.398498
(145/1080) loc: (10, 1104, 672)
Elapsed: 0.399068
(146/1080) loc: (10, 1104, 816)
Elapsed: 0.398863
(147/1080) loc: (10, 1104, 960)
Elapsed: 0.397884
(148/1080) loc: (10, 1104, 1104)
Elapsed: 0.398844
(149/1080) loc: (10, 1104, 1248)
Elapsed: 0.398617
(150/1080) loc: (10, 1104, 1392)
Elapsed: 0.398916
(151/1080) loc: (10, 1104, 1536)
Elapsed: 0.398255
(152/1080) loc: (10, 1104, 1680)
Elapsed: 0.399770
(153/1080) loc: (10, 1104, 1824)
Elapsed: 0.399673
(154/1080) loc: (10, 1104, 1968)
Elapsed: 0.396874
(155/1080) loc: (10, 1104, 2112)
Elapsed: 0.397902
(156/1080) loc: (10, 1104, 2256)
Elapsed: 0.397157
(157/1080) loc: (10, 1104, 2400)
Elapsed: 0.396772
(158/1080) loc: (10, 1104, 2544)
Elapsed: 0.396876
(159/1080) loc: (10, 1104, 2688)
Elapsed: 0.398594
(160/1080) loc: (10, 1104, 2814)
Elapsed: 0.397574
(161/1080) loc: (10, 1248, 96)
Elapsed: 0.407306
(162/1080) loc: (10, 1248, 240)
Elapsed: 0.399332
(163/1080) loc: (10, 1248, 384)
Elapsed: 0.399585
(164/1080) loc: (10, 1248, 528)
Elapsed: 0.399308
(165/1080) loc: (10, 1248, 672)
Elapsed: 0.398156
(166/1080) loc: (10, 1248, 816)
Elapsed: 0.398331
(167/1080) loc: (10, 1248, 960)
Elapsed: 0.398457
(168/1080) loc: (10, 1248, 1104)
Elapsed: 0.399526
(169/1080) loc: (10, 1248, 1248)
Elapsed: 0.398581
(170/1080) loc: (10, 1248, 1392)
Elapsed: 0.399982
(171/1080) loc: (10, 1248, 1536)
Elapsed: 0.398057
(172/1080) loc: (10, 1248, 1680)
Elapsed: 0.398228
(173/1080) loc: (10, 1248, 1824)
Elapsed: 0.398487
(174/1080) loc: (10, 1248, 1968)
Elapsed: 0.398344
(175/1080) loc: (10, 1248, 2112)
Elapsed: 0.397287
(176/1080) loc: (10, 1248, 2256)
Elapsed: 0.398232
(177/1080) loc: (10, 1248, 2400)
Elapsed: 0.397155
(178/1080) loc: (10, 1248, 2544)
Elapsed: 0.398351
(179/1080) loc: (10, 1248, 2688)
Elapsed: 0.397530
(180/1080) loc: (10, 1248, 2814)
Elapsed: 0.399560
(181/1080) loc: (10, 1392, 96)
Elapsed: 0.407997
(182/1080) loc: (10, 1392, 240)
Elapsed: 0.398719
(183/1080) loc: (10, 1392, 384)
Elapsed: 0.398208
(184/1080) loc: (10, 1392, 528)
Elapsed: 0.398493
(185/1080) loc: (10, 1392, 672)
Elapsed: 0.400116
(186/1080) loc: (10, 1392, 816)
Elapsed: 0.398693
(187/1080) loc: (10, 1392, 960)
Elapsed: 0.398699
(188/1080) loc: (10, 1392, 1104)
Elapsed: 0.397943
(189/1080) loc: (10, 1392, 1248)
Elapsed: 0.398229
(190/1080) loc: (10, 1392, 1392)
Elapsed: 0.400487
(191/1080) loc: (10, 1392, 1536)
Elapsed: 0.398757
(192/1080) loc: (10, 1392, 1680)
Elapsed: 0.399270
(193/1080) loc: (10, 1392, 1824)
Elapsed: 0.398962
(194/1080) loc: (10, 1392, 1968)
Elapsed: 0.397078
(195/1080) loc: (10, 1392, 2112)
Elapsed: 0.397167
(196/1080) loc: (10, 1392, 2256)
Elapsed: 0.399356
(197/1080) loc: (10, 1392, 2400)
Elapsed: 0.397015
(198/1080) loc: (10, 1392, 2544)
Elapsed: 0.398044
(199/1080) loc: (10, 1392, 2688)
Elapsed: 0.398383
(200/1080) loc: (10, 1392, 2814)
Elapsed: 0.397298
(201/1080) loc: (10, 1536, 96)
Elapsed: 0.407407
(202/1080) loc: (10, 1536, 240)
Elapsed: 0.401856
(203/1080) loc: (10, 1536, 384)
Elapsed: 0.398272
(204/1080) loc: (10, 1536, 528)
Elapsed: 0.400890
(205/1080) loc: (10, 1536, 672)
Elapsed: 0.399781
(206/1080) loc: (10, 1536, 816)
Elapsed: 0.399586
(207/1080) loc: (10, 1536, 960)
Elapsed: 0.400122
(208/1080) loc: (10, 1536, 1104)
Elapsed: 0.399016
(209/1080) loc: (10, 1536, 1248)
Elapsed: 0.399860
(210/1080) loc: (10, 1536, 1392)
Elapsed: 0.399263
(211/1080) loc: (10, 1536, 1536)
Elapsed: 0.399315
(212/1080) loc: (10, 1536, 1680)
Elapsed: 0.400347
(213/1080) loc: (10, 1536, 1824)
Elapsed: 0.398350
(214/1080) loc: (10, 1536, 1968)
Elapsed: 0.400526
(215/1080) loc: (10, 1536, 2112)
Elapsed: 0.397654
(216/1080) loc: (10, 1536, 2256)
Elapsed: 0.398050
(217/1080) loc: (10, 1536, 2400)
Elapsed: 0.398588
(218/1080) loc: (10, 1536, 2544)
Elapsed: 0.397944
(219/1080) loc: (10, 1536, 2688)
Elapsed: 0.398859
(220/1080) loc: (10, 1536, 2814)
Elapsed: 0.398299
(221/1080) loc: (10, 1680, 96)
Elapsed: 0.408355
(222/1080) loc: (10, 1680, 240)
Elapsed: 0.399989
(223/1080) loc: (10, 1680, 384)
Elapsed: 0.398551
(224/1080) loc: (10, 1680, 528)
Elapsed: 0.400795
(225/1080) loc: (10, 1680, 672)
Elapsed: 0.397863
(226/1080) loc: (10, 1680, 816)
Elapsed: 0.398981
(227/1080) loc: (10, 1680, 960)
Elapsed: 0.400894
(228/1080) loc: (10, 1680, 1104)
Elapsed: 0.398699
(229/1080) loc: (10, 1680, 1248)
Elapsed: 0.399102
(230/1080) loc: (10, 1680, 1392)
Elapsed: 0.398789
(231/1080) loc: (10, 1680, 1536)
Elapsed: 0.399687
(232/1080) loc: (10, 1680, 1680)
Elapsed: 0.400148
(233/1080) loc: (10, 1680, 1824)
Elapsed: 0.398604
(234/1080) loc: (10, 1680, 1968)
Elapsed: 0.398546
(235/1080) loc: (10, 1680, 2112)
Elapsed: 0.397514
(236/1080) loc: (10, 1680, 2256)
Elapsed: 0.398603
(237/1080) loc: (10, 1680, 2400)
Elapsed: 0.397719
(238/1080) loc: (10, 1680, 2544)
Elapsed: 0.399032
(239/1080) loc: (10, 1680, 2688)
Elapsed: 0.397211
(240/1080) loc: (10, 1680, 2814)
Elapsed: 0.397079
(241/1080) loc: (10, 1824, 96)
Elapsed: 0.407003
(242/1080) loc: (10, 1824, 240)
Elapsed: 0.399204
(243/1080) loc: (10, 1824, 384)
Elapsed: 0.398535
(244/1080) loc: (10, 1824, 528)
Elapsed: 0.399290
(245/1080) loc: (10, 1824, 672)
Elapsed: 0.399695
(246/1080) loc: (10, 1824, 816)
Elapsed: 0.399944
(247/1080) loc: (10, 1824, 960)
Elapsed: 0.398988
(248/1080) loc: (10, 1824, 1104)
Elapsed: 0.400090
(249/1080) loc: (10, 1824, 1248)
Elapsed: 0.399172
(250/1080) loc: (10, 1824, 1392)
Elapsed: 0.398308
(251/1080) loc: (10, 1824, 1536)
Elapsed: 0.398218
(252/1080) loc: (10, 1824, 1680)
Elapsed: 0.400384
(253/1080) loc: (10, 1824, 1824)
Elapsed: 0.397500
(254/1080) loc: (10, 1824, 1968)
Elapsed: 0.396878
(255/1080) loc: (10, 1824, 2112)
Elapsed: 0.396993
(256/1080) loc: (10, 1824, 2256)
Elapsed: 0.396755
(257/1080) loc: (10, 1824, 2400)
Elapsed: 0.396091
(258/1080) loc: (10, 1824, 2544)
Elapsed: 0.396428
(259/1080) loc: (10, 1824, 2688)
Elapsed: 0.397292
(260/1080) loc: (10, 1824, 2814)
Elapsed: 0.398281
(261/1080) loc: (10, 1968, 96)
Elapsed: 0.407868
(262/1080) loc: (10, 1968, 240)
Elapsed: 0.399406
(263/1080) loc: (10, 1968, 384)
Elapsed: 0.399712
(264/1080) loc: (10, 1968, 528)
Elapsed: 0.398886
(265/1080) loc: (10, 1968, 672)
Elapsed: 0.397908
(266/1080) loc: (10, 1968, 816)
Elapsed: 0.399253
(267/1080) loc: (10, 1968, 960)
Elapsed: 0.399056
(268/1080) loc: (10, 1968, 1104)
Elapsed: 0.397776
(269/1080) loc: (10, 1968, 1248)
Elapsed: 0.403871
(270/1080) loc: (10, 1968, 1392)
Elapsed: 0.399629
(271/1080) loc: (10, 1968, 1536)
Elapsed: 0.398391
(272/1080) loc: (10, 1968, 1680)
Elapsed: 0.398179
(273/1080) loc: (10, 1968, 1824)
Elapsed: 0.398572
(274/1080) loc: (10, 1968, 1968)
Elapsed: 0.396162
(275/1080) loc: (10, 1968, 2112)
Elapsed: 0.398230
(276/1080) loc: (10, 1968, 2256)
Elapsed: 0.398571
(277/1080) loc: (10, 1968, 2400)
Elapsed: 0.397292
(278/1080) loc: (10, 1968, 2544)
Elapsed: 0.396947
(279/1080) loc: (10, 1968, 2688)
Elapsed: 0.396884
(280/1080) loc: (10, 1968, 2814)
Elapsed: 0.397806
(281/1080) loc: (10, 2112, 96)
Elapsed: 0.408190
(282/1080) loc: (10, 2112, 240)
Elapsed: 0.399477
(283/1080) loc: (10, 2112, 384)
Elapsed: 0.398972
(284/1080) loc: (10, 2112, 528)
Elapsed: 0.400007
(285/1080) loc: (10, 2112, 672)
Elapsed: 0.399220
(286/1080) loc: (10, 2112, 816)
Elapsed: 0.400945
(287/1080) loc: (10, 2112, 960)
Elapsed: 0.398679
(288/1080) loc: (10, 2112, 1104)
Elapsed: 0.398401
(289/1080) loc: (10, 2112, 1248)
Elapsed: 0.398962
(290/1080) loc: (10, 2112, 1392)
Elapsed: 0.399638
(291/1080) loc: (10, 2112, 1536)
Elapsed: 0.399282
(292/1080) loc: (10, 2112, 1680)
Elapsed: 0.399376
(293/1080) loc: (10, 2112, 1824)
Elapsed: 0.398424
(294/1080) loc: (10, 2112, 1968)
Elapsed: 0.396863
(295/1080) loc: (10, 2112, 2112)
Elapsed: 0.397639
(296/1080) loc: (10, 2112, 2256)
Elapsed: 0.397694
(297/1080) loc: (10, 2112, 2400)
Elapsed: 0.397063
(298/1080) loc: (10, 2112, 2544)
Elapsed: 0.397823
(299/1080) loc: (10, 2112, 2688)
Elapsed: 0.397285
(300/1080) loc: (10, 2112, 2814)
Elapsed: 0.396453
(301/1080) loc: (10, 2256, 96)
Elapsed: 0.406425
(302/1080) loc: (10, 2256, 240)
Elapsed: 0.401424
(303/1080) loc: (10, 2256, 384)
Elapsed: 0.399369
(304/1080) loc: (10, 2256, 528)
Elapsed: 0.399626
(305/1080) loc: (10, 2256, 672)
Elapsed: 0.399455
(306/1080) loc: (10, 2256, 816)
Elapsed: 0.399137
(307/1080) loc: (10, 2256, 960)
Elapsed: 0.399159
(308/1080) loc: (10, 2256, 1104)
Elapsed: 0.399521
(309/1080) loc: (10, 2256, 1248)
Elapsed: 0.397852
(310/1080) loc: (10, 2256, 1392)
Elapsed: 0.400647
(311/1080) loc: (10, 2256, 1536)
Elapsed: 0.398458
(312/1080) loc: (10, 2256, 1680)
Elapsed: 0.398839
(313/1080) loc: (10, 2256, 1824)
Elapsed: 0.398577
(314/1080) loc: (10, 2256, 1968)
Elapsed: 0.396659
(315/1080) loc: (10, 2256, 2112)
Elapsed: 0.397069
(316/1080) loc: (10, 2256, 2256)
Elapsed: 0.397751
(317/1080) loc: (10, 2256, 2400)
Elapsed: 0.397109
(318/1080) loc: (10, 2256, 2544)
Elapsed: 0.397750
(319/1080) loc: (10, 2256, 2688)
Elapsed: 0.401477
(320/1080) loc: (10, 2256, 2814)
Elapsed: 0.398371
(321/1080) loc: (10, 2400, 96)
Elapsed: 0.408636
(322/1080) loc: (10, 2400, 240)
Elapsed: 0.400928
(323/1080) loc: (10, 2400, 384)
Elapsed: 0.398580
(324/1080) loc: (10, 2400, 528)
Elapsed: 0.398495
(325/1080) loc: (10, 2400, 672)
Elapsed: 0.398626
(326/1080) loc: (10, 2400, 816)
Elapsed: 0.398240
(327/1080) loc: (10, 2400, 960)
Elapsed: 0.398401
(328/1080) loc: (10, 2400, 1104)
Elapsed: 0.400393
(329/1080) loc: (10, 2400, 1248)
Elapsed: 0.397915
(330/1080) loc: (10, 2400, 1392)
Elapsed: 0.399044
(331/1080) loc: (10, 2400, 1536)
Elapsed: 0.397587
(332/1080) loc: (10, 2400, 1680)
Elapsed: 0.398814
(333/1080) loc: (10, 2400, 1824)
Elapsed: 0.399468
(334/1080) loc: (10, 2400, 1968)
Elapsed: 0.397249
(335/1080) loc: (10, 2400, 2112)
Elapsed: 0.397504
(336/1080) loc: (10, 2400, 2256)
Elapsed: 0.397738
(337/1080) loc: (10, 2400, 2400)
Elapsed: 0.397297
(338/1080) loc: (10, 2400, 2544)
Elapsed: 0.396857
(339/1080) loc: (10, 2400, 2688)
Elapsed: 0.398722
(340/1080) loc: (10, 2400, 2814)
Elapsed: 0.398040
(341/1080) loc: (10, 2544, 96)
Elapsed: 0.407465
(342/1080) loc: (10, 2544, 240)
Elapsed: 0.398539
(343/1080) loc: (10, 2544, 384)
Elapsed: 0.398301
(344/1080) loc: (10, 2544, 528)
Elapsed: 0.398642
(345/1080) loc: (10, 2544, 672)
Elapsed: 0.397628
(346/1080) loc: (10, 2544, 816)
Elapsed: 0.399694
(347/1080) loc: (10, 2544, 960)
Elapsed: 0.398405
(348/1080) loc: (10, 2544, 1104)
Elapsed: 0.398337
(349/1080) loc: (10, 2544, 1248)
Elapsed: 0.397528
(350/1080) loc: (10, 2544, 1392)
Elapsed: 0.398173
(351/1080) loc: (10, 2544, 1536)
Elapsed: 0.398251
(352/1080) loc: (10, 2544, 1680)
Elapsed: 0.398753
(353/1080) loc: (10, 2544, 1824)
Elapsed: 0.397678
(354/1080) loc: (10, 2544, 1968)
Elapsed: 0.397140
(355/1080) loc: (10, 2544, 2112)
Elapsed: 0.397885
(356/1080) loc: (10, 2544, 2256)
Elapsed: 0.397747
(357/1080) loc: (10, 2544, 2400)
Elapsed: 0.397329
(358/1080) loc: (10, 2544, 2544)
Elapsed: 0.398356
(359/1080) loc: (10, 2544, 2688)
Elapsed: 0.397264
(360/1080) loc: (10, 2544, 2814)
Elapsed: 0.398329
(361/1080) loc: (10, 2688, 96)
Elapsed: 0.406760
(362/1080) loc: (10, 2688, 240)
Elapsed: 0.398607
(363/1080) loc: (10, 2688, 384)
Elapsed: 0.399806
(364/1080) loc: (10, 2688, 528)
Elapsed: 0.398576
(365/1080) loc: (10, 2688, 672)
Elapsed: 0.399753
(366/1080) loc: (10, 2688, 816)
Elapsed: 0.398626
(367/1080) loc: (10, 2688, 960)
Elapsed: 0.398091
(368/1080) loc: (10, 2688, 1104)
Elapsed: 0.398876
(369/1080) loc: (10, 2688, 1248)
Elapsed: 0.399824
(370/1080) loc: (10, 2688, 1392)
Elapsed: 0.400175
(371/1080) loc: (10, 2688, 1536)
Elapsed: 0.398616
(372/1080) loc: (10, 2688, 1680)
Elapsed: 0.397994
(373/1080) loc: (10, 2688, 1824)
Elapsed: 0.398344
(374/1080) loc: (10, 2688, 1968)
Elapsed: 0.397438
(375/1080) loc: (10, 2688, 2112)
Elapsed: 0.397719
(376/1080) loc: (10, 2688, 2256)
Elapsed: 0.397832
(377/1080) loc: (10, 2688, 2400)
Elapsed: 0.398847
(378/1080) loc: (10, 2688, 2544)
Elapsed: 0.398095
(379/1080) loc: (10, 2688, 2688)
Elapsed: 0.397636
(380/1080) loc: (10, 2688, 2814)
Elapsed: 0.398223
(381/1080) loc: (10, 2832, 96)
Elapsed: 0.408182
(382/1080) loc: (10, 2832, 240)
Elapsed: 0.398448
(383/1080) loc: (10, 2832, 384)
Elapsed: 0.397842
(384/1080) loc: (10, 2832, 528)
Elapsed: 0.399048
(385/1080) loc: (10, 2832, 672)
Elapsed: 0.398627
(386/1080) loc: (10, 2832, 816)
Elapsed: 0.401155
(387/1080) loc: (10, 2832, 960)
Elapsed: 0.398296
(388/1080) loc: (10, 2832, 1104)
Elapsed: 0.398658
(389/1080) loc: (10, 2832, 1248)
Elapsed: 0.399242
(390/1080) loc: (10, 2832, 1392)
Elapsed: 0.399399
(391/1080) loc: (10, 2832, 1536)
Elapsed: 0.398914
(392/1080) loc: (10, 2832, 1680)
Elapsed: 0.398258
(393/1080) loc: (10, 2832, 1824)
Elapsed: 0.398499
(394/1080) loc: (10, 2832, 1968)
Elapsed: 0.397353
(395/1080) loc: (10, 2832, 2112)
Elapsed: 0.398715
(396/1080) loc: (10, 2832, 2256)
Elapsed: 0.398386
(397/1080) loc: (10, 2832, 2400)
Elapsed: 0.398416
(398/1080) loc: (10, 2832, 2544)
Elapsed: 0.398135
(399/1080) loc: (10, 2832, 2688)
Elapsed: 0.398314
(400/1080) loc: (10, 2832, 2814)
Elapsed: 0.397027
(401/1080) loc: (10, 2976, 96)
Elapsed: 0.408286
(402/1080) loc: (10, 2976, 240)
Elapsed: 0.398888
(403/1080) loc: (10, 2976, 384)
Elapsed: 0.398736
(404/1080) loc: (10, 2976, 528)
Elapsed: 0.397945
(405/1080) loc: (10, 2976, 672)
Elapsed: 0.398934
(406/1080) loc: (10, 2976, 816)
Elapsed: 0.399155
(407/1080) loc: (10, 2976, 960)
Elapsed: 0.398479
(408/1080) loc: (10, 2976, 1104)
Elapsed: 0.397940
(409/1080) loc: (10, 2976, 1248)
Elapsed: 0.398969
(410/1080) loc: (10, 2976, 1392)
Elapsed: 0.403298
(411/1080) loc: (10, 2976, 1536)
Elapsed: 0.398209
(412/1080) loc: (10, 2976, 1680)
Elapsed: 0.400064
(413/1080) loc: (10, 2976, 1824)
Elapsed: 0.398424
(414/1080) loc: (10, 2976, 1968)
Elapsed: 0.397271
(415/1080) loc: (10, 2976, 2112)
Elapsed: 0.397740
(416/1080) loc: (10, 2976, 2256)
Elapsed: 0.398525
(417/1080) loc: (10, 2976, 2400)
Elapsed: 0.396859
(418/1080) loc: (10, 2976, 2544)
Elapsed: 0.396624
(419/1080) loc: (10, 2976, 2688)
Elapsed: 0.397188
(420/1080) loc: (10, 2976, 2814)
Elapsed: 0.397635
(421/1080) loc: (10, 3120, 96)
Elapsed: 0.406477
(422/1080) loc: (10, 3120, 240)
Elapsed: 0.399432
(423/1080) loc: (10, 3120, 384)
Elapsed: 0.398189
(424/1080) loc: (10, 3120, 528)
Elapsed: 0.398982
(425/1080) loc: (10, 3120, 672)
Elapsed: 0.399740
(426/1080) loc: (10, 3120, 816)
Elapsed: 0.399073
(427/1080) loc: (10, 3120, 960)
Elapsed: 0.399522
(428/1080) loc: (10, 3120, 1104)
Elapsed: 0.400987
(429/1080) loc: (10, 3120, 1248)
Elapsed: 0.399017
(430/1080) loc: (10, 3120, 1392)
Elapsed: 0.398679
(431/1080) loc: (10, 3120, 1536)
Elapsed: 0.399315
(432/1080) loc: (10, 3120, 1680)
Elapsed: 0.399530
(433/1080) loc: (10, 3120, 1824)
Elapsed: 0.398114
(434/1080) loc: (10, 3120, 1968)
Elapsed: 0.398276
(435/1080) loc: (10, 3120, 2112)
Elapsed: 0.399670
(436/1080) loc: (10, 3120, 2256)
Elapsed: 0.398023
(437/1080) loc: (10, 3120, 2400)
Elapsed: 0.397248
(438/1080) loc: (10, 3120, 2544)
Elapsed: 0.397127
(439/1080) loc: (10, 3120, 2688)
Elapsed: 0.400318
(440/1080) loc: (10, 3120, 2814)
Elapsed: 0.398398
(441/1080) loc: (10, 3264, 96)
Elapsed: 0.406604
(442/1080) loc: (10, 3264, 240)
Elapsed: 0.399081
(443/1080) loc: (10, 3264, 384)
Elapsed: 0.398144
(444/1080) loc: (10, 3264, 528)
Elapsed: 0.399822
(445/1080) loc: (10, 3264, 672)
Elapsed: 0.399183
(446/1080) loc: (10, 3264, 816)
Elapsed: 0.397893
(447/1080) loc: (10, 3264, 960)
Elapsed: 0.399813
(448/1080) loc: (10, 3264, 1104)
Elapsed: 0.397891
(449/1080) loc: (10, 3264, 1248)
Elapsed: 0.399075
(450/1080) loc: (10, 3264, 1392)
Elapsed: 0.397785
(451/1080) loc: (10, 3264, 1536)
Elapsed: 0.399078
(452/1080) loc: (10, 3264, 1680)
Elapsed: 0.398873
(453/1080) loc: (10, 3264, 1824)
Elapsed: 0.398837
(454/1080) loc: (10, 3264, 1968)
Elapsed: 0.397173
(455/1080) loc: (10, 3264, 2112)
Elapsed: 0.397115
(456/1080) loc: (10, 3264, 2256)
Elapsed: 0.399099
(457/1080) loc: (10, 3264, 2400)
Elapsed: 0.397639
(458/1080) loc: (10, 3264, 2544)
Elapsed: 0.398511
(459/1080) loc: (10, 3264, 2688)
Elapsed: 0.398354
(460/1080) loc: (10, 3264, 2814)
Elapsed: 0.398814
(461/1080) loc: (10, 3408, 96)
Elapsed: 0.407941
(462/1080) loc: (10, 3408, 240)
Elapsed: 0.399949
(463/1080) loc: (10, 3408, 384)
Elapsed: 0.400594
(464/1080) loc: (10, 3408, 528)
Elapsed: 0.399176
(465/1080) loc: (10, 3408, 672)
Elapsed: 0.398535
(466/1080) loc: (10, 3408, 816)
Elapsed: 0.399033
(467/1080) loc: (10, 3408, 960)
Elapsed: 0.398872
(468/1080) loc: (10, 3408, 1104)
Elapsed: 0.398177
(469/1080) loc: (10, 3408, 1248)
Elapsed: 0.399508
(470/1080) loc: (10, 3408, 1392)
Elapsed: 0.400155
(471/1080) loc: (10, 3408, 1536)
Elapsed: 0.400074
(472/1080) loc: (10, 3408, 1680)
Elapsed: 0.401335
(473/1080) loc: (10, 3408, 1824)
Elapsed: 0.398915
(474/1080) loc: (10, 3408, 1968)
Elapsed: 0.397102
(475/1080) loc: (10, 3408, 2112)
Elapsed: 0.396530
(476/1080) loc: (10, 3408, 2256)
Elapsed: 0.398186
(477/1080) loc: (10, 3408, 2400)
Elapsed: 0.397457
(478/1080) loc: (10, 3408, 2544)
Elapsed: 0.398163
(479/1080) loc: (10, 3408, 2688)
Elapsed: 0.396898
(480/1080) loc: (10, 3408, 2814)
Elapsed: 0.396806
(481/1080) loc: (10, 3552, 96)
Elapsed: 0.407759
(482/1080) loc: (10, 3552, 240)
Elapsed: 0.400176
(483/1080) loc: (10, 3552, 384)
Elapsed: 0.398879
(484/1080) loc: (10, 3552, 528)
Elapsed: 0.399047
(485/1080) loc: (10, 3552, 672)
Elapsed: 0.398091
(486/1080) loc: (10, 3552, 816)
Elapsed: 0.398397
(487/1080) loc: (10, 3552, 960)
Elapsed: 0.398431
(488/1080) loc: (10, 3552, 1104)
Elapsed: 0.399402
(489/1080) loc: (10, 3552, 1248)
Elapsed: 0.398455
(490/1080) loc: (10, 3552, 1392)
Elapsed: 0.397990
(491/1080) loc: (10, 3552, 1536)
Elapsed: 0.398776
(492/1080) loc: (10, 3552, 1680)
Elapsed: 0.401523
(493/1080) loc: (10, 3552, 1824)
Elapsed: 0.398142
(494/1080) loc: (10, 3552, 1968)
Elapsed: 0.398209
(495/1080) loc: (10, 3552, 2112)
Elapsed: 0.397038
(496/1080) loc: (10, 3552, 2256)
Elapsed: 0.398206
(497/1080) loc: (10, 3552, 2400)
Elapsed: 0.396598
(498/1080) loc: (10, 3552, 2544)
Elapsed: 0.397236
(499/1080) loc: (10, 3552, 2688)
Elapsed: 0.397163
(500/1080) loc: (10, 3552, 2814)
Elapsed: 0.396368
(501/1080) loc: (10, 3696, 96)
Elapsed: 0.408584
(502/1080) loc: (10, 3696, 240)
Elapsed: 0.398448
(503/1080) loc: (10, 3696, 384)
Elapsed: 0.398075
(504/1080) loc: (10, 3696, 528)
Elapsed: 0.400668
(505/1080) loc: (10, 3696, 672)
Elapsed: 0.399085
(506/1080) loc: (10, 3696, 816)
Elapsed: 0.399419
(507/1080) loc: (10, 3696, 960)
Elapsed: 0.399820
(508/1080) loc: (10, 3696, 1104)
Elapsed: 0.399543
(509/1080) loc: (10, 3696, 1248)
Elapsed: 0.398128
(510/1080) loc: (10, 3696, 1392)
Elapsed: 0.399497
(511/1080) loc: (10, 3696, 1536)
Elapsed: 0.399298
(512/1080) loc: (10, 3696, 1680)
Elapsed: 0.398489
(513/1080) loc: (10, 3696, 1824)
Elapsed: 0.398158
(514/1080) loc: (10, 3696, 1968)
Elapsed: 0.397301
(515/1080) loc: (10, 3696, 2112)
Elapsed: 0.397231
(516/1080) loc: (10, 3696, 2256)
Elapsed: 0.398385
(517/1080) loc: (10, 3696, 2400)
Elapsed: 0.397507
(518/1080) loc: (10, 3696, 2544)
Elapsed: 0.397584
(519/1080) loc: (10, 3696, 2688)
Elapsed: 0.396756
(520/1080) loc: (10, 3696, 2814)
Elapsed: 0.398823
(521/1080) loc: (10, 3744, 96)
Elapsed: 0.400944
(522/1080) loc: (10, 3744, 240)
Elapsed: 0.399606
(523/1080) loc: (10, 3744, 384)
Elapsed: 0.398528
(524/1080) loc: (10, 3744, 528)
Elapsed: 0.398225
(525/1080) loc: (10, 3744, 672)
Elapsed: 0.398283
(526/1080) loc: (10, 3744, 816)
Elapsed: 0.398323
(527/1080) loc: (10, 3744, 960)
Elapsed: 0.398970
(528/1080) loc: (10, 3744, 1104)
Elapsed: 0.398687
(529/1080) loc: (10, 3744, 1248)
Elapsed: 0.397796
(530/1080) loc: (10, 3744, 1392)
Elapsed: 0.396986
(531/1080) loc: (10, 3744, 1536)
Elapsed: 0.397703
(532/1080) loc: (10, 3744, 1680)
Elapsed: 0.397374
(533/1080) loc: (10, 3744, 1824)
Elapsed: 0.398090
(534/1080) loc: (10, 3744, 1968)
Elapsed: 0.397500
(535/1080) loc: (10, 3744, 2112)
Elapsed: 0.397078
(536/1080) loc: (10, 3744, 2256)
Elapsed: 0.397593
(537/1080) loc: (10, 3744, 2400)
Elapsed: 0.397683
(538/1080) loc: (10, 3744, 2544)
Elapsed: 0.397494
(539/1080) loc: (10, 3744, 2688)
Elapsed: 0.397150
(540/1080) loc: (10, 3744, 2814)
Elapsed: 0.398964
(541/1080) loc: (15, 96, 96)
Elapsed: 0.410765
(542/1080) loc: (15, 96, 240)
Elapsed: 0.399400
(543/1080) loc: (15, 96, 384)
Elapsed: 0.400851
(544/1080) loc: (15, 96, 528)
Elapsed: 0.400487
(545/1080) loc: (15, 96, 672)
Elapsed: 0.401093
(546/1080) loc: (15, 96, 816)
Elapsed: 0.400632
(547/1080) loc: (15, 96, 960)
Elapsed: 0.400661
(548/1080) loc: (15, 96, 1104)
Elapsed: 0.401628
(549/1080) loc: (15, 96, 1248)
Elapsed: 0.398540
(550/1080) loc: (15, 96, 1392)
Elapsed: 0.399301
(551/1080) loc: (15, 96, 1536)
Elapsed: 0.404174
(552/1080) loc: (15, 96, 1680)
Elapsed: 0.399630
(553/1080) loc: (15, 96, 1824)
Elapsed: 0.399396
(554/1080) loc: (15, 96, 1968)
Elapsed: 0.396934
(555/1080) loc: (15, 96, 2112)
Elapsed: 0.396686
(556/1080) loc: (15, 96, 2256)
Elapsed: 0.397484
(557/1080) loc: (15, 96, 2400)
Elapsed: 0.398102
(558/1080) loc: (15, 96, 2544)
Elapsed: 0.398162
(559/1080) loc: (15, 96, 2688)
Elapsed: 0.396188
(560/1080) loc: (15, 96, 2814)
Elapsed: 0.398550
(561/1080) loc: (15, 240, 96)
Elapsed: 0.406280
(562/1080) loc: (15, 240, 240)
Elapsed: 0.399349
(563/1080) loc: (15, 240, 384)
Elapsed: 0.399862
(564/1080) loc: (15, 240, 528)
Elapsed: 0.398340
(565/1080) loc: (15, 240, 672)
Elapsed: 0.398716
(566/1080) loc: (15, 240, 816)
Elapsed: 0.398951
(567/1080) loc: (15, 240, 960)
Elapsed: 0.399475
(568/1080) loc: (15, 240, 1104)
Elapsed: 0.399725
(569/1080) loc: (15, 240, 1248)
Elapsed: 0.399805
(570/1080) loc: (15, 240, 1392)
Elapsed: 0.398353
(571/1080) loc: (15, 240, 1536)
Elapsed: 0.398538
(572/1080) loc: (15, 240, 1680)
Elapsed: 0.398755
(573/1080) loc: (15, 240, 1824)
Elapsed: 0.399475
(574/1080) loc: (15, 240, 1968)
Elapsed: 0.399641
(575/1080) loc: (15, 240, 2112)
Elapsed: 0.398262
(576/1080) loc: (15, 240, 2256)
Elapsed: 0.397933
(577/1080) loc: (15, 240, 2400)
Elapsed: 0.398408
(578/1080) loc: (15, 240, 2544)
Elapsed: 0.398727
(579/1080) loc: (15, 240, 2688)
Elapsed: 0.398520
(580/1080) loc: (15, 240, 2814)
Elapsed: 0.398682
(581/1080) loc: (15, 384, 96)
Elapsed: 0.408619
(582/1080) loc: (15, 384, 240)
Elapsed: 0.400050
(583/1080) loc: (15, 384, 384)
Elapsed: 0.399424
(584/1080) loc: (15, 384, 528)
Elapsed: 0.399757
(585/1080) loc: (15, 384, 672)
Elapsed: 0.401216
(586/1080) loc: (15, 384, 816)
Elapsed: 0.399761
(587/1080) loc: (15, 384, 960)
Elapsed: 0.399136
(588/1080) loc: (15, 384, 1104)
Elapsed: 0.399429
(589/1080) loc: (15, 384, 1248)
Elapsed: 0.400212
(590/1080) loc: (15, 384, 1392)
Elapsed: 0.399921
(591/1080) loc: (15, 384, 1536)
Elapsed: 0.400195
(592/1080) loc: (15, 384, 1680)
Elapsed: 0.402709
(593/1080) loc: (15, 384, 1824)
Elapsed: 0.399442
(594/1080) loc: (15, 384, 1968)
Elapsed: 0.398740
(595/1080) loc: (15, 384, 2112)
Elapsed: 0.398616
(596/1080) loc: (15, 384, 2256)
Elapsed: 0.398536
(597/1080) loc: (15, 384, 2400)
Elapsed: 0.398821
(598/1080) loc: (15, 384, 2544)
Elapsed: 0.398864
(599/1080) loc: (15, 384, 2688)
Elapsed: 0.398101
(600/1080) loc: (15, 384, 2814)
Elapsed: 0.397254
(601/1080) loc: (15, 528, 96)
Elapsed: 0.407904
(602/1080) loc: (15, 528, 240)
Elapsed: 0.399179
(603/1080) loc: (15, 528, 384)
Elapsed: 0.399563
(604/1080) loc: (15, 528, 528)
Elapsed: 0.399292
(605/1080) loc: (15, 528, 672)
Elapsed: 0.398921
(606/1080) loc: (15, 528, 816)
Elapsed: 0.398425
(607/1080) loc: (15, 528, 960)
Elapsed: 0.399990
(608/1080) loc: (15, 528, 1104)
Elapsed: 0.398629
(609/1080) loc: (15, 528, 1248)
Elapsed: 0.400168
(610/1080) loc: (15, 528, 1392)
Elapsed: 0.399817
(611/1080) loc: (15, 528, 1536)
Elapsed: 0.399448
(612/1080) loc: (15, 528, 1680)
Elapsed: 0.397974
(613/1080) loc: (15, 528, 1824)
Elapsed: 0.398575
(614/1080) loc: (15, 528, 1968)
Elapsed: 0.397246
(615/1080) loc: (15, 528, 2112)
Elapsed: 0.398103
(616/1080) loc: (15, 528, 2256)
Elapsed: 0.398317
(617/1080) loc: (15, 528, 2400)
Elapsed: 0.396662
(618/1080) loc: (15, 528, 2544)
Elapsed: 0.397747
(619/1080) loc: (15, 528, 2688)
Elapsed: 0.397650
(620/1080) loc: (15, 528, 2814)
Elapsed: 0.400018
(621/1080) loc: (15, 672, 96)
Elapsed: 0.408138
(622/1080) loc: (15, 672, 240)
Elapsed: 0.398048
(623/1080) loc: (15, 672, 384)
Elapsed: 0.398713
(624/1080) loc: (15, 672, 528)
Elapsed: 0.398930
(625/1080) loc: (15, 672, 672)
Elapsed: 0.400017
(626/1080) loc: (15, 672, 816)
Elapsed: 0.399237
(627/1080) loc: (15, 672, 960)
Elapsed: 0.398928
(628/1080) loc: (15, 672, 1104)
Elapsed: 0.398500
(629/1080) loc: (15, 672, 1248)
Elapsed: 0.399488
(630/1080) loc: (15, 672, 1392)
Elapsed: 0.398978
(631/1080) loc: (15, 672, 1536)
Elapsed: 0.398566
(632/1080) loc: (15, 672, 1680)
Elapsed: 0.399233
(633/1080) loc: (15, 672, 1824)
Elapsed: 0.398253
(634/1080) loc: (15, 672, 1968)
Elapsed: 0.397175
(635/1080) loc: (15, 672, 2112)
Elapsed: 0.398721
(636/1080) loc: (15, 672, 2256)
Elapsed: 0.398231
(637/1080) loc: (15, 672, 2400)
Elapsed: 0.397545
(638/1080) loc: (15, 672, 2544)
Elapsed: 0.398025
(639/1080) loc: (15, 672, 2688)
Elapsed: 0.398534
(640/1080) loc: (15, 672, 2814)
Elapsed: 0.398937
(641/1080) loc: (15, 816, 96)
Elapsed: 0.407727
(642/1080) loc: (15, 816, 240)
Elapsed: 0.399801
(643/1080) loc: (15, 816, 384)
Elapsed: 0.399261
(644/1080) loc: (15, 816, 528)
Elapsed: 0.398534
(645/1080) loc: (15, 816, 672)
Elapsed: 0.399914
(646/1080) loc: (15, 816, 816)
Elapsed: 0.399135
(647/1080) loc: (15, 816, 960)
Elapsed: 0.399181
(648/1080) loc: (15, 816, 1104)
Elapsed: 0.399630
(649/1080) loc: (15, 816, 1248)
Elapsed: 0.399636
(650/1080) loc: (15, 816, 1392)
Elapsed: 0.399318
(651/1080) loc: (15, 816, 1536)
Elapsed: 0.399735
(652/1080) loc: (15, 816, 1680)
Elapsed: 0.397899
(653/1080) loc: (15, 816, 1824)
Elapsed: 0.397717
(654/1080) loc: (15, 816, 1968)
Elapsed: 0.397587
(655/1080) loc: (15, 816, 2112)
Elapsed: 0.396375
(656/1080) loc: (15, 816, 2256)
Elapsed: 0.396486
(657/1080) loc: (15, 816, 2400)
Elapsed: 0.398866
(658/1080) loc: (15, 816, 2544)
Elapsed: 0.398323
(659/1080) loc: (15, 816, 2688)
Elapsed: 0.397406
(660/1080) loc: (15, 816, 2814)
Elapsed: 0.397449
(661/1080) loc: (15, 960, 96)
Elapsed: 0.407115
(662/1080) loc: (15, 960, 240)
Elapsed: 0.399483
(663/1080) loc: (15, 960, 384)
Elapsed: 0.399281
(664/1080) loc: (15, 960, 528)
Elapsed: 0.399429
(665/1080) loc: (15, 960, 672)
Elapsed: 0.399101
(666/1080) loc: (15, 960, 816)
Elapsed: 0.399398
(667/1080) loc: (15, 960, 960)
Elapsed: 0.398725
(668/1080) loc: (15, 960, 1104)
Elapsed: 0.399828
(669/1080) loc: (15, 960, 1248)
Elapsed: 0.399052
(670/1080) loc: (15, 960, 1392)
Elapsed: 0.399526
(671/1080) loc: (15, 960, 1536)
Elapsed: 0.399411
(672/1080) loc: (15, 960, 1680)
Elapsed: 0.399128
(673/1080) loc: (15, 960, 1824)
Elapsed: 0.398520
(674/1080) loc: (15, 960, 1968)
Elapsed: 0.397530
(675/1080) loc: (15, 960, 2112)
Elapsed: 0.396988
(676/1080) loc: (15, 960, 2256)
Elapsed: 0.396536
(677/1080) loc: (15, 960, 2400)
Elapsed: 0.397451
(678/1080) loc: (15, 960, 2544)
Elapsed: 0.397059
(679/1080) loc: (15, 960, 2688)
Elapsed: 0.396638
(680/1080) loc: (15, 960, 2814)
Elapsed: 0.397958
(681/1080) loc: (15, 1104, 96)
Elapsed: 0.409869
(682/1080) loc: (15, 1104, 240)
Elapsed: 0.399063
(683/1080) loc: (15, 1104, 384)
Elapsed: 0.398836
(684/1080) loc: (15, 1104, 528)
Elapsed: 0.399338
(685/1080) loc: (15, 1104, 672)
Elapsed: 0.398938
(686/1080) loc: (15, 1104, 816)
Elapsed: 0.398675
(687/1080) loc: (15, 1104, 960)
Elapsed: 0.398657
(688/1080) loc: (15, 1104, 1104)
Elapsed: 0.399326
(689/1080) loc: (15, 1104, 1248)
Elapsed: 0.398522
(690/1080) loc: (15, 1104, 1392)
Elapsed: 0.399177
(691/1080) loc: (15, 1104, 1536)
Elapsed: 0.398847
(692/1080) loc: (15, 1104, 1680)
Elapsed: 0.398373
(693/1080) loc: (15, 1104, 1824)
Elapsed: 0.397919
(694/1080) loc: (15, 1104, 1968)
Elapsed: 0.398626
(695/1080) loc: (15, 1104, 2112)
Elapsed: 0.398565
(696/1080) loc: (15, 1104, 2256)
Elapsed: 0.398810
(697/1080) loc: (15, 1104, 2400)
Elapsed: 0.396979
(698/1080) loc: (15, 1104, 2544)
Elapsed: 0.403255
(699/1080) loc: (15, 1104, 2688)
Elapsed: 0.397322
(700/1080) loc: (15, 1104, 2814)
Elapsed: 0.398087
(701/1080) loc: (15, 1248, 96)
Elapsed: 0.407883
(702/1080) loc: (15, 1248, 240)
Elapsed: 0.398253
(703/1080) loc: (15, 1248, 384)
Elapsed: 0.398436
(704/1080) loc: (15, 1248, 528)
Elapsed: 0.401237
(705/1080) loc: (15, 1248, 672)
Elapsed: 0.398818
(706/1080) loc: (15, 1248, 816)
Elapsed: 0.398773
(707/1080) loc: (15, 1248, 960)
Elapsed: 0.399026
(708/1080) loc: (15, 1248, 1104)
Elapsed: 0.399094
(709/1080) loc: (15, 1248, 1248)
Elapsed: 0.398207
(710/1080) loc: (15, 1248, 1392)
Elapsed: 0.399359
(711/1080) loc: (15, 1248, 1536)
Elapsed: 0.398947
(712/1080) loc: (15, 1248, 1680)
Elapsed: 0.398807
(713/1080) loc: (15, 1248, 1824)
Elapsed: 0.397313
(714/1080) loc: (15, 1248, 1968)
Elapsed: 0.397299
(715/1080) loc: (15, 1248, 2112)
Elapsed: 0.397427
(716/1080) loc: (15, 1248, 2256)
Elapsed: 0.398602
(717/1080) loc: (15, 1248, 2400)
Elapsed: 0.397603
(718/1080) loc: (15, 1248, 2544)
Elapsed: 0.397900
(719/1080) loc: (15, 1248, 2688)
Elapsed: 0.397092
(720/1080) loc: (15, 1248, 2814)
Elapsed: 0.397879
(721/1080) loc: (15, 1392, 96)
Elapsed: 0.406567
(722/1080) loc: (15, 1392, 240)
Elapsed: 0.399935
(723/1080) loc: (15, 1392, 384)
Elapsed: 0.398490
(724/1080) loc: (15, 1392, 528)
Elapsed: 0.398159
(725/1080) loc: (15, 1392, 672)
Elapsed: 0.399176
(726/1080) loc: (15, 1392, 816)
Elapsed: 0.398110
(727/1080) loc: (15, 1392, 960)
Elapsed: 0.398526
(728/1080) loc: (15, 1392, 1104)
Elapsed: 0.400251
(729/1080) loc: (15, 1392, 1248)
Elapsed: 0.399094
(730/1080) loc: (15, 1392, 1392)
Elapsed: 0.399386
(731/1080) loc: (15, 1392, 1536)
Elapsed: 0.398133
(732/1080) loc: (15, 1392, 1680)
Elapsed: 0.398560
(733/1080) loc: (15, 1392, 1824)
Elapsed: 0.398545
(734/1080) loc: (15, 1392, 1968)
Elapsed: 0.398844
(735/1080) loc: (15, 1392, 2112)
Elapsed: 0.397263
(736/1080) loc: (15, 1392, 2256)
Elapsed: 0.397442
(737/1080) loc: (15, 1392, 2400)
Elapsed: 0.397557
(738/1080) loc: (15, 1392, 2544)
Elapsed: 0.398045
(739/1080) loc: (15, 1392, 2688)
Elapsed: 0.396861
(740/1080) loc: (15, 1392, 2814)
Elapsed: 0.398395
(741/1080) loc: (15, 1536, 96)
Elapsed: 0.406854
(742/1080) loc: (15, 1536, 240)
Elapsed: 0.398537
(743/1080) loc: (15, 1536, 384)
Elapsed: 0.399705
(744/1080) loc: (15, 1536, 528)
Elapsed: 0.399192
(745/1080) loc: (15, 1536, 672)
Elapsed: 0.397678
(746/1080) loc: (15, 1536, 816)
Elapsed: 0.401002
(747/1080) loc: (15, 1536, 960)
Elapsed: 0.398733
(748/1080) loc: (15, 1536, 1104)
Elapsed: 0.400268
(749/1080) loc: (15, 1536, 1248)
Elapsed: 0.398517
(750/1080) loc: (15, 1536, 1392)
Elapsed: 0.399356
(751/1080) loc: (15, 1536, 1536)
Elapsed: 0.399491
(752/1080) loc: (15, 1536, 1680)
Elapsed: 0.399622
(753/1080) loc: (15, 1536, 1824)
Elapsed: 0.397945
(754/1080) loc: (15, 1536, 1968)
Elapsed: 0.398685
(755/1080) loc: (15, 1536, 2112)
Elapsed: 0.398467
(756/1080) loc: (15, 1536, 2256)
Elapsed: 0.397647
(757/1080) loc: (15, 1536, 2400)
Elapsed: 0.397143
(758/1080) loc: (15, 1536, 2544)
Elapsed: 0.397162
(759/1080) loc: (15, 1536, 2688)
Elapsed: 0.396871
(760/1080) loc: (15, 1536, 2814)
Elapsed: 0.396899
(761/1080) loc: (15, 1680, 96)
Elapsed: 0.407930
(762/1080) loc: (15, 1680, 240)
Elapsed: 0.398858
(763/1080) loc: (15, 1680, 384)
Elapsed: 0.399477
(764/1080) loc: (15, 1680, 528)
Elapsed: 0.399410
(765/1080) loc: (15, 1680, 672)
Elapsed: 0.398059
(766/1080) loc: (15, 1680, 816)
Elapsed: 0.397940
(767/1080) loc: (15, 1680, 960)
Elapsed: 0.398663
(768/1080) loc: (15, 1680, 1104)
Elapsed: 0.397854
(769/1080) loc: (15, 1680, 1248)
Elapsed: 0.398275
(770/1080) loc: (15, 1680, 1392)
Elapsed: 0.400361
(771/1080) loc: (15, 1680, 1536)
Elapsed: 0.399895
(772/1080) loc: (15, 1680, 1680)
Elapsed: 0.399925
(773/1080) loc: (15, 1680, 1824)
Elapsed: 0.399852
(774/1080) loc: (15, 1680, 1968)
Elapsed: 0.397554
(775/1080) loc: (15, 1680, 2112)
Elapsed: 0.398134
(776/1080) loc: (15, 1680, 2256)
Elapsed: 0.399261
(777/1080) loc: (15, 1680, 2400)
Elapsed: 0.397790
(778/1080) loc: (15, 1680, 2544)
Elapsed: 0.397109
(779/1080) loc: (15, 1680, 2688)
Elapsed: 0.396790
(780/1080) loc: (15, 1680, 2814)
Elapsed: 0.397496
(781/1080) loc: (15, 1824, 96)
Elapsed: 0.407092
(782/1080) loc: (15, 1824, 240)
Elapsed: 0.398596
(783/1080) loc: (15, 1824, 384)
Elapsed: 0.399287
(784/1080) loc: (15, 1824, 528)
Elapsed: 0.399574
(785/1080) loc: (15, 1824, 672)
Elapsed: 0.398019
(786/1080) loc: (15, 1824, 816)
Elapsed: 0.400150
(787/1080) loc: (15, 1824, 960)
Elapsed: 0.400741
(788/1080) loc: (15, 1824, 1104)
Elapsed: 0.398732
(789/1080) loc: (15, 1824, 1248)
Elapsed: 0.399441
(790/1080) loc: (15, 1824, 1392)
Elapsed: 0.398951
(791/1080) loc: (15, 1824, 1536)
Elapsed: 0.399034
(792/1080) loc: (15, 1824, 1680)
Elapsed: 0.401537
(793/1080) loc: (15, 1824, 1824)
Elapsed: 0.398640
(794/1080) loc: (15, 1824, 1968)
Elapsed: 0.398489
(795/1080) loc: (15, 1824, 2112)
Elapsed: 0.397129
(796/1080) loc: (15, 1824, 2256)
Elapsed: 0.397085
(797/1080) loc: (15, 1824, 2400)
Elapsed: 0.398026
(798/1080) loc: (15, 1824, 2544)
Elapsed: 0.397769
(799/1080) loc: (15, 1824, 2688)
Elapsed: 0.397640
(800/1080) loc: (15, 1824, 2814)
Elapsed: 0.398069
(801/1080) loc: (15, 1968, 96)
Elapsed: 0.407165
(802/1080) loc: (15, 1968, 240)
Elapsed: 0.398479
(803/1080) loc: (15, 1968, 384)
Elapsed: 0.398172
(804/1080) loc: (15, 1968, 528)
Elapsed: 0.399569
(805/1080) loc: (15, 1968, 672)
Elapsed: 0.398776
(806/1080) loc: (15, 1968, 816)
Elapsed: 0.398375
(807/1080) loc: (15, 1968, 960)
Elapsed: 0.398411
(808/1080) loc: (15, 1968, 1104)
Elapsed: 0.398962
(809/1080) loc: (15, 1968, 1248)
Elapsed: 0.398432
(810/1080) loc: (15, 1968, 1392)
Elapsed: 0.398621
(811/1080) loc: (15, 1968, 1536)
Elapsed: 0.399050
(812/1080) loc: (15, 1968, 1680)
Elapsed: 0.399179
(813/1080) loc: (15, 1968, 1824)
Elapsed: 0.398608
(814/1080) loc: (15, 1968, 1968)
Elapsed: 0.397643
(815/1080) loc: (15, 1968, 2112)
Elapsed: 0.396925
(816/1080) loc: (15, 1968, 2256)
Elapsed: 0.397855
(817/1080) loc: (15, 1968, 2400)
Elapsed: 0.397697
(818/1080) loc: (15, 1968, 2544)
Elapsed: 0.397245
(819/1080) loc: (15, 1968, 2688)
Elapsed: 0.397303
(820/1080) loc: (15, 1968, 2814)
Elapsed: 0.396993
(821/1080) loc: (15, 2112, 96)
Elapsed: 0.407794
(822/1080) loc: (15, 2112, 240)
Elapsed: 0.399026
(823/1080) loc: (15, 2112, 384)
Elapsed: 0.399198
(824/1080) loc: (15, 2112, 528)
Elapsed: 0.398222
(825/1080) loc: (15, 2112, 672)
Elapsed: 0.400229
(826/1080) loc: (15, 2112, 816)
Elapsed: 0.399246
(827/1080) loc: (15, 2112, 960)
Elapsed: 0.400244
(828/1080) loc: (15, 2112, 1104)
Elapsed: 0.398421
(829/1080) loc: (15, 2112, 1248)
Elapsed: 0.398324
(830/1080) loc: (15, 2112, 1392)
Elapsed: 0.399916
(831/1080) loc: (15, 2112, 1536)
Elapsed: 0.399141
(832/1080) loc: (15, 2112, 1680)
Elapsed: 0.400242
(833/1080) loc: (15, 2112, 1824)
Elapsed: 0.398276
(834/1080) loc: (15, 2112, 1968)
Elapsed: 0.397724
(835/1080) loc: (15, 2112, 2112)
Elapsed: 0.396719
(836/1080) loc: (15, 2112, 2256)
Elapsed: 0.399238
(837/1080) loc: (15, 2112, 2400)
Elapsed: 0.396809
(838/1080) loc: (15, 2112, 2544)
Elapsed: 0.397722
(839/1080) loc: (15, 2112, 2688)
Elapsed: 0.402701
(840/1080) loc: (15, 2112, 2814)
Elapsed: 0.397618
(841/1080) loc: (15, 2256, 96)
Elapsed: 0.407131
(842/1080) loc: (15, 2256, 240)
Elapsed: 0.399891
(843/1080) loc: (15, 2256, 384)
Elapsed: 0.398864
(844/1080) loc: (15, 2256, 528)
Elapsed: 0.398951
(845/1080) loc: (15, 2256, 672)
Elapsed: 0.399862
(846/1080) loc: (15, 2256, 816)
Elapsed: 0.400774
(847/1080) loc: (15, 2256, 960)
Elapsed: 0.398644
(848/1080) loc: (15, 2256, 1104)
Elapsed: 0.398242
(849/1080) loc: (15, 2256, 1248)
Elapsed: 0.399067
(850/1080) loc: (15, 2256, 1392)
Elapsed: 0.398635
(851/1080) loc: (15, 2256, 1536)
Elapsed: 0.399619
(852/1080) loc: (15, 2256, 1680)
Elapsed: 0.399293
(853/1080) loc: (15, 2256, 1824)
Elapsed: 0.398261
(854/1080) loc: (15, 2256, 1968)
Elapsed: 0.398052
(855/1080) loc: (15, 2256, 2112)
Elapsed: 0.397346
(856/1080) loc: (15, 2256, 2256)
Elapsed: 0.397276
(857/1080) loc: (15, 2256, 2400)
Elapsed: 0.397602
(858/1080) loc: (15, 2256, 2544)
Elapsed: 0.397785
(859/1080) loc: (15, 2256, 2688)
Elapsed: 0.397954
(860/1080) loc: (15, 2256, 2814)
Elapsed: 0.397076
(861/1080) loc: (15, 2400, 96)
Elapsed: 0.406871
(862/1080) loc: (15, 2400, 240)
Elapsed: 0.398975
(863/1080) loc: (15, 2400, 384)
Elapsed: 0.399640
(864/1080) loc: (15, 2400, 528)
Elapsed: 0.400242
(865/1080) loc: (15, 2400, 672)
Elapsed: 0.398087
(866/1080) loc: (15, 2400, 816)
Elapsed: 0.399093
(867/1080) loc: (15, 2400, 960)
Elapsed: 0.399245
(868/1080) loc: (15, 2400, 1104)
Elapsed: 0.399611
(869/1080) loc: (15, 2400, 1248)
Elapsed: 0.399505
(870/1080) loc: (15, 2400, 1392)
Elapsed: 0.399807
(871/1080) loc: (15, 2400, 1536)
Elapsed: 0.398053
(872/1080) loc: (15, 2400, 1680)
Elapsed: 0.398603
(873/1080) loc: (15, 2400, 1824)
Elapsed: 0.399304
(874/1080) loc: (15, 2400, 1968)
Elapsed: 0.398225
(875/1080) loc: (15, 2400, 2112)
Elapsed: 0.398002
(876/1080) loc: (15, 2400, 2256)
Elapsed: 0.397282
(877/1080) loc: (15, 2400, 2400)
Elapsed: 0.396667
(878/1080) loc: (15, 2400, 2544)
Elapsed: 0.398540
(879/1080) loc: (15, 2400, 2688)
Elapsed: 0.397029
(880/1080) loc: (15, 2400, 2814)
Elapsed: 0.396760
(881/1080) loc: (15, 2544, 96)
Elapsed: 0.407401
(882/1080) loc: (15, 2544, 240)
Elapsed: 0.398445
(883/1080) loc: (15, 2544, 384)
Elapsed: 0.398737
(884/1080) loc: (15, 2544, 528)
Elapsed: 0.399387
(885/1080) loc: (15, 2544, 672)
Elapsed: 0.399366
(886/1080) loc: (15, 2544, 816)
Elapsed: 0.398668
(887/1080) loc: (15, 2544, 960)
Elapsed: 0.399943
(888/1080) loc: (15, 2544, 1104)
Elapsed: 0.398206
(889/1080) loc: (15, 2544, 1248)
Elapsed: 0.398332
(890/1080) loc: (15, 2544, 1392)
Elapsed: 0.400248
(891/1080) loc: (15, 2544, 1536)
Elapsed: 0.398495
(892/1080) loc: (15, 2544, 1680)
Elapsed: 0.399730
(893/1080) loc: (15, 2544, 1824)
Elapsed: 0.400726
(894/1080) loc: (15, 2544, 1968)
Elapsed: 0.398096
(895/1080) loc: (15, 2544, 2112)
Elapsed: 0.397336
(896/1080) loc: (15, 2544, 2256)
Elapsed: 0.397578
(897/1080) loc: (15, 2544, 2400)
Elapsed: 0.397056
(898/1080) loc: (15, 2544, 2544)
Elapsed: 0.398705
(899/1080) loc: (15, 2544, 2688)
Elapsed: 0.397042
(900/1080) loc: (15, 2544, 2814)
Elapsed: 0.397726
(901/1080) loc: (15, 2688, 96)
Elapsed: 0.406817
(902/1080) loc: (15, 2688, 240)
Elapsed: 0.398955
(903/1080) loc: (15, 2688, 384)
Elapsed: 0.399921
(904/1080) loc: (15, 2688, 528)
Elapsed: 0.398591
(905/1080) loc: (15, 2688, 672)
Elapsed: 0.399798
(906/1080) loc: (15, 2688, 816)
Elapsed: 0.398479
(907/1080) loc: (15, 2688, 960)
Elapsed: 0.399185
(908/1080) loc: (15, 2688, 1104)
Elapsed: 0.399541
(909/1080) loc: (15, 2688, 1248)
Elapsed: 0.398771
(910/1080) loc: (15, 2688, 1392)
Elapsed: 0.397921
(911/1080) loc: (15, 2688, 1536)
Elapsed: 0.399767
(912/1080) loc: (15, 2688, 1680)
Elapsed: 0.399229
(913/1080) loc: (15, 2688, 1824)
Elapsed: 0.398570
(914/1080) loc: (15, 2688, 1968)
Elapsed: 0.397525
(915/1080) loc: (15, 2688, 2112)
Elapsed: 0.397037
(916/1080) loc: (15, 2688, 2256)
Elapsed: 0.397475
(917/1080) loc: (15, 2688, 2400)
Elapsed: 0.398193
(918/1080) loc: (15, 2688, 2544)
Elapsed: 0.397925
(919/1080) loc: (15, 2688, 2688)
Elapsed: 0.397358
(920/1080) loc: (15, 2688, 2814)
Elapsed: 0.397391
(921/1080) loc: (15, 2832, 96)
Elapsed: 0.410464
(922/1080) loc: (15, 2832, 240)
Elapsed: 0.398973
(923/1080) loc: (15, 2832, 384)
Elapsed: 0.398627
(924/1080) loc: (15, 2832, 528)
Elapsed: 0.399328
(925/1080) loc: (15, 2832, 672)
Elapsed: 0.399642
(926/1080) loc: (15, 2832, 816)
Elapsed: 0.399152
(927/1080) loc: (15, 2832, 960)
Elapsed: 0.397951
(928/1080) loc: (15, 2832, 1104)
Elapsed: 0.399784
(929/1080) loc: (15, 2832, 1248)
Elapsed: 0.399497
(930/1080) loc: (15, 2832, 1392)
Elapsed: 0.399081
(931/1080) loc: (15, 2832, 1536)
Elapsed: 0.399392
(932/1080) loc: (15, 2832, 1680)
Elapsed: 0.399581
(933/1080) loc: (15, 2832, 1824)
Elapsed: 0.399011
(934/1080) loc: (15, 2832, 1968)
Elapsed: 0.398834
(935/1080) loc: (15, 2832, 2112)
Elapsed: 0.397372
(936/1080) loc: (15, 2832, 2256)
Elapsed: 0.397364
(937/1080) loc: (15, 2832, 2400)
Elapsed: 0.397369
(938/1080) loc: (15, 2832, 2544)
Elapsed: 0.398594
(939/1080) loc: (15, 2832, 2688)
Elapsed: 0.397272
(940/1080) loc: (15, 2832, 2814)
Elapsed: 0.398407
(941/1080) loc: (15, 2976, 96)
Elapsed: 0.408230
(942/1080) loc: (15, 2976, 240)
Elapsed: 0.399146
(943/1080) loc: (15, 2976, 384)
Elapsed: 0.400943
(944/1080) loc: (15, 2976, 528)
Elapsed: 0.399528
(945/1080) loc: (15, 2976, 672)
Elapsed: 0.399008
(946/1080) loc: (15, 2976, 816)
Elapsed: 0.399285
(947/1080) loc: (15, 2976, 960)
Elapsed: 0.400143
(948/1080) loc: (15, 2976, 1104)
Elapsed: 0.399643
(949/1080) loc: (15, 2976, 1248)
Elapsed: 0.399188
(950/1080) loc: (15, 2976, 1392)
Elapsed: 0.400338
(951/1080) loc: (15, 2976, 1536)
Elapsed: 0.399377
(952/1080) loc: (15, 2976, 1680)
Elapsed: 0.398465
(953/1080) loc: (15, 2976, 1824)
Elapsed: 0.399509
(954/1080) loc: (15, 2976, 1968)
Elapsed: 0.397773
(955/1080) loc: (15, 2976, 2112)
Elapsed: 0.397815
(956/1080) loc: (15, 2976, 2256)
Elapsed: 0.398033
(957/1080) loc: (15, 2976, 2400)
Elapsed: 0.397110
(958/1080) loc: (15, 2976, 2544)
Elapsed: 0.397709
(959/1080) loc: (15, 2976, 2688)
Elapsed: 0.397921
(960/1080) loc: (15, 2976, 2814)
Elapsed: 0.398604
(961/1080) loc: (15, 3120, 96)
Elapsed: 0.408479
(962/1080) loc: (15, 3120, 240)
Elapsed: 0.401583
(963/1080) loc: (15, 3120, 384)
Elapsed: 0.401016
(964/1080) loc: (15, 3120, 528)
Elapsed: 0.401258
(965/1080) loc: (15, 3120, 672)
Elapsed: 0.400614
(966/1080) loc: (15, 3120, 816)
Elapsed: 0.399825
(967/1080) loc: (15, 3120, 960)
Elapsed: 0.399352
(968/1080) loc: (15, 3120, 1104)
Elapsed: 0.399229
(969/1080) loc: (15, 3120, 1248)
Elapsed: 0.399493
(970/1080) loc: (15, 3120, 1392)
Elapsed: 0.399785
(971/1080) loc: (15, 3120, 1536)
Elapsed: 0.399921
(972/1080) loc: (15, 3120, 1680)
Elapsed: 0.399729
(973/1080) loc: (15, 3120, 1824)
Elapsed: 0.398947
(974/1080) loc: (15, 3120, 1968)
Elapsed: 0.398670
(975/1080) loc: (15, 3120, 2112)
Elapsed: 0.397364
(976/1080) loc: (15, 3120, 2256)
Elapsed: 0.397576
(977/1080) loc: (15, 3120, 2400)
Elapsed: 0.397026
(978/1080) loc: (15, 3120, 2544)
Elapsed: 0.397520
(979/1080) loc: (15, 3120, 2688)
Elapsed: 0.397826
(980/1080) loc: (15, 3120, 2814)
Elapsed: 0.397052
(981/1080) loc: (15, 3264, 96)
Elapsed: 0.412478
(982/1080) loc: (15, 3264, 240)
Elapsed: 0.400069
(983/1080) loc: (15, 3264, 384)
Elapsed: 0.398981
(984/1080) loc: (15, 3264, 528)
Elapsed: 0.399022
(985/1080) loc: (15, 3264, 672)
Elapsed: 0.398027
(986/1080) loc: (15, 3264, 816)
Elapsed: 0.399898
(987/1080) loc: (15, 3264, 960)
Elapsed: 0.398087
(988/1080) loc: (15, 3264, 1104)
Elapsed: 0.399305
(989/1080) loc: (15, 3264, 1248)
Elapsed: 0.398706
(990/1080) loc: (15, 3264, 1392)
Elapsed: 0.398662
(991/1080) loc: (15, 3264, 1536)
Elapsed: 0.398062
(992/1080) loc: (15, 3264, 1680)
Elapsed: 0.400528
(993/1080) loc: (15, 3264, 1824)
Elapsed: 0.398497
(994/1080) loc: (15, 3264, 1968)
Elapsed: 0.398438
(995/1080) loc: (15, 3264, 2112)
Elapsed: 0.397268
(996/1080) loc: (15, 3264, 2256)
Elapsed: 0.397214
(997/1080) loc: (15, 3264, 2400)
Elapsed: 0.398657
(998/1080) loc: (15, 3264, 2544)
Elapsed: 0.398619
(999/1080) loc: (15, 3264, 2688)
Elapsed: 0.398926
(1000/1080) loc: (15, 3264, 2814)
Elapsed: 0.397639
(1001/1080) loc: (15, 3408, 96)
Elapsed: 0.408316
(1002/1080) loc: (15, 3408, 240)
Elapsed: 0.398994
(1003/1080) loc: (15, 3408, 384)
Elapsed: 0.398132
(1004/1080) loc: (15, 3408, 528)
Elapsed: 0.400125
(1005/1080) loc: (15, 3408, 672)
Elapsed: 0.398202
(1006/1080) loc: (15, 3408, 816)
Elapsed: 0.400053
(1007/1080) loc: (15, 3408, 960)
Elapsed: 0.398630
(1008/1080) loc: (15, 3408, 1104)
Elapsed: 0.398590
(1009/1080) loc: (15, 3408, 1248)
Elapsed: 0.398954
(1010/1080) loc: (15, 3408, 1392)
Elapsed: 0.398459
(1011/1080) loc: (15, 3408, 1536)
Elapsed: 0.398557
(1012/1080) loc: (15, 3408, 1680)
Elapsed: 0.399128
(1013/1080) loc: (15, 3408, 1824)
Elapsed: 0.397725
(1014/1080) loc: (15, 3408, 1968)
Elapsed: 0.397885
(1015/1080) loc: (15, 3408, 2112)
Elapsed: 0.397651
(1016/1080) loc: (15, 3408, 2256)
Elapsed: 0.398211
(1017/1080) loc: (15, 3408, 2400)
Elapsed: 0.397390
(1018/1080) loc: (15, 3408, 2544)
Elapsed: 0.397625
(1019/1080) loc: (15, 3408, 2688)
Elapsed: 0.396811
(1020/1080) loc: (15, 3408, 2814)
Elapsed: 0.397938
(1021/1080) loc: (15, 3552, 96)
Elapsed: 0.407756
(1022/1080) loc: (15, 3552, 240)
Elapsed: 0.401349
(1023/1080) loc: (15, 3552, 384)
Elapsed: 0.398982
(1024/1080) loc: (15, 3552, 528)
Elapsed: 0.399301
(1025/1080) loc: (15, 3552, 672)
Elapsed: 0.399012
(1026/1080) loc: (15, 3552, 816)
Elapsed: 0.399797
(1027/1080) loc: (15, 3552, 960)
Elapsed: 0.398166
(1028/1080) loc: (15, 3552, 1104)
Elapsed: 0.399051
(1029/1080) loc: (15, 3552, 1248)
Elapsed: 0.399484
(1030/1080) loc: (15, 3552, 1392)
Elapsed: 0.398937
(1031/1080) loc: (15, 3552, 1536)
Elapsed: 0.399608
(1032/1080) loc: (15, 3552, 1680)
Elapsed: 0.398439
(1033/1080) loc: (15, 3552, 1824)
Elapsed: 0.397606
(1034/1080) loc: (15, 3552, 1968)
Elapsed: 0.398245
(1035/1080) loc: (15, 3552, 2112)
Elapsed: 0.397054
(1036/1080) loc: (15, 3552, 2256)
Elapsed: 0.397375
(1037/1080) loc: (15, 3552, 2400)
Elapsed: 0.397097
(1038/1080) loc: (15, 3552, 2544)
Elapsed: 0.397980
(1039/1080) loc: (15, 3552, 2688)
Elapsed: 0.398464
(1040/1080) loc: (15, 3552, 2814)
Elapsed: 0.397194
(1041/1080) loc: (15, 3696, 96)
Elapsed: 0.406865
(1042/1080) loc: (15, 3696, 240)
Elapsed: 0.399266
(1043/1080) loc: (15, 3696, 384)
Elapsed: 0.398078
(1044/1080) loc: (15, 3696, 528)
Elapsed: 0.398286
(1045/1080) loc: (15, 3696, 672)
Elapsed: 0.398745
(1046/1080) loc: (15, 3696, 816)
Elapsed: 0.400113
(1047/1080) loc: (15, 3696, 960)
Elapsed: 0.399250
(1048/1080) loc: (15, 3696, 1104)
Elapsed: 0.399032
(1049/1080) loc: (15, 3696, 1248)
Elapsed: 0.398730
(1050/1080) loc: (15, 3696, 1392)
Elapsed: 0.398722
(1051/1080) loc: (15, 3696, 1536)
Elapsed: 0.398612
(1052/1080) loc: (15, 3696, 1680)
Elapsed: 0.398777
(1053/1080) loc: (15, 3696, 1824)
Elapsed: 0.398006
(1054/1080) loc: (15, 3696, 1968)
Elapsed: 0.397426
(1055/1080) loc: (15, 3696, 2112)
Elapsed: 0.396993
(1056/1080) loc: (15, 3696, 2256)
Elapsed: 0.398204
(1057/1080) loc: (15, 3696, 2400)
Elapsed: 0.397153
(1058/1080) loc: (15, 3696, 2544)
Elapsed: 0.398332
(1059/1080) loc: (15, 3696, 2688)
Elapsed: 0.398226
(1060/1080) loc: (15, 3696, 2814)
Elapsed: 0.397591
(1061/1080) loc: (15, 3744, 96)
Elapsed: 0.400617
(1062/1080) loc: (15, 3744, 240)
Elapsed: 0.397317
(1063/1080) loc: (15, 3744, 384)
Elapsed: 0.398220
(1064/1080) loc: (15, 3744, 528)
Elapsed: 0.398388
(1065/1080) loc: (15, 3744, 672)
Elapsed: 0.397239
(1066/1080) loc: (15, 3744, 816)
Elapsed: 0.398134
(1067/1080) loc: (15, 3744, 960)
Elapsed: 0.396705
(1068/1080) loc: (15, 3744, 1104)
Elapsed: 0.397332
(1069/1080) loc: (15, 3744, 1248)
Elapsed: 0.398243
(1070/1080) loc: (15, 3744, 1392)
Elapsed: 0.398453
(1071/1080) loc: (15, 3744, 1536)
Elapsed: 0.398453
(1072/1080) loc: (15, 3744, 1680)
Elapsed: 0.398097
(1073/1080) loc: (15, 3744, 1824)
Elapsed: 0.398132
(1074/1080) loc: (15, 3744, 1968)
Elapsed: 0.396980
(1075/1080) loc: (15, 3744, 2112)
Elapsed: 0.397368
(1076/1080) loc: (15, 3744, 2256)
Elapsed: 0.396988
(1077/1080) loc: (15, 3744, 2400)
Elapsed: 0.398103
(1078/1080) loc: (15, 3744, 2544)
Elapsed: 0.397144
(1079/1080) loc: (15, 3744, 2688)
Elapsed: 0.397852
(1080/1080) loc: (15, 3744, 2814)
Elapsed: 0.396613
\patch 78: 7.9 min
