Array Index: 78
running inference on: 
20170212_tp_bl6_crii_rlat_04
(1/1150) loc: (10, 96, 96)
Elapsed: 0.427363
(2/1150) loc: (10, 96, 240)
Elapsed: 0.402596
(3/1150) loc: (10, 96, 384)
Elapsed: 0.399870
(4/1150) loc: (10, 96, 528)
Elapsed: 0.402391
(5/1150) loc: (10, 96, 672)
Elapsed: 0.402093
(6/1150) loc: (10, 96, 816)
Elapsed: 0.399962
(7/1150) loc: (10, 96, 960)
Elapsed: 0.403415
(8/1150) loc: (10, 96, 1104)
Elapsed: 0.400542
(9/1150) loc: (10, 96, 1248)
Elapsed: 0.403558
(10/1150) loc: (10, 96, 1392)
Elapsed: 0.401773
(11/1150) loc: (10, 96, 1536)
Elapsed: 0.403092
(12/1150) loc: (10, 96, 1680)
Elapsed: 0.400308
(13/1150) loc: (10, 96, 1824)
Elapsed: 0.403191
(14/1150) loc: (10, 96, 1968)
Elapsed: 0.403556
(15/1150) loc: (10, 96, 2112)
Elapsed: 0.401624
(16/1150) loc: (10, 96, 2256)
Elapsed: 0.403793
(17/1150) loc: (10, 96, 2400)
Elapsed: 0.401811
(18/1150) loc: (10, 96, 2544)
Elapsed: 0.404076
(19/1150) loc: (10, 96, 2688)
Elapsed: 0.400550
(20/1150) loc: (10, 96, 2832)
Elapsed: 0.403207
(21/1150) loc: (10, 96, 2976)
Elapsed: 0.402366
(22/1150) loc: (10, 96, 3120)
Elapsed: 0.400896
(23/1150) loc: (10, 96, 3232)
Elapsed: 0.402680
(24/1150) loc: (10, 240, 96)
Elapsed: 0.407749
(25/1150) loc: (10, 240, 240)
Elapsed: 0.403197
(26/1150) loc: (10, 240, 384)
Elapsed: 0.400405
(27/1150) loc: (10, 240, 528)
Elapsed: 0.405362
(28/1150) loc: (10, 240, 672)
Elapsed: 0.404088
(29/1150) loc: (10, 240, 816)
Elapsed: 0.401759
(30/1150) loc: (10, 240, 960)
Elapsed: 0.404218
(31/1150) loc: (10, 240, 1104)
Elapsed: 0.400322
(32/1150) loc: (10, 240, 1248)
Elapsed: 0.404543
(33/1150) loc: (10, 240, 1392)
Elapsed: 0.400643
(34/1150) loc: (10, 240, 1536)
Elapsed: 0.404197
(35/1150) loc: (10, 240, 1680)
Elapsed: 0.401016
(36/1150) loc: (10, 240, 1824)
Elapsed: 0.403769
(37/1150) loc: (10, 240, 1968)
Elapsed: 0.404945
(38/1150) loc: (10, 240, 2112)
Elapsed: 0.400933
(39/1150) loc: (10, 240, 2256)
Elapsed: 0.403357
(40/1150) loc: (10, 240, 2400)
Elapsed: 0.400795
(41/1150) loc: (10, 240, 2544)
Elapsed: 0.401749
(42/1150) loc: (10, 240, 2688)
Elapsed: 0.401193
(43/1150) loc: (10, 240, 2832)
Elapsed: 0.406723
(44/1150) loc: (10, 240, 2976)
Elapsed: 0.400526
(45/1150) loc: (10, 240, 3120)
Elapsed: 0.402497
(46/1150) loc: (10, 240, 3232)
Elapsed: 0.401994
(47/1150) loc: (10, 384, 96)
Elapsed: 0.408929
(48/1150) loc: (10, 384, 240)
Elapsed: 0.403939
(49/1150) loc: (10, 384, 384)
Elapsed: 0.400654
(50/1150) loc: (10, 384, 528)
Elapsed: 0.404716
(51/1150) loc: (10, 384, 672)
Elapsed: 0.403478
(52/1150) loc: (10, 384, 816)
Elapsed: 0.401954
(53/1150) loc: (10, 384, 960)
Elapsed: 0.403609
(54/1150) loc: (10, 384, 1104)
Elapsed: 0.399694
(55/1150) loc: (10, 384, 1248)
Elapsed: 0.403865
(56/1150) loc: (10, 384, 1392)
Elapsed: 0.400707
(57/1150) loc: (10, 384, 1536)
Elapsed: 0.403897
(58/1150) loc: (10, 384, 1680)
Elapsed: 0.401643
(59/1150) loc: (10, 384, 1824)
Elapsed: 0.404243
(60/1150) loc: (10, 384, 1968)
Elapsed: 0.404363
(61/1150) loc: (10, 384, 2112)
Elapsed: 0.401723
(62/1150) loc: (10, 384, 2256)
Elapsed: 0.404886
(63/1150) loc: (10, 384, 2400)
Elapsed: 0.399841
(64/1150) loc: (10, 384, 2544)
Elapsed: 0.402582
(65/1150) loc: (10, 384, 2688)
Elapsed: 0.402025
(66/1150) loc: (10, 384, 2832)
Elapsed: 0.402175
(67/1150) loc: (10, 384, 2976)
Elapsed: 0.401503
(68/1150) loc: (10, 384, 3120)
Elapsed: 0.402228
(69/1150) loc: (10, 384, 3232)
Elapsed: 0.401815
(70/1150) loc: (10, 528, 96)
Elapsed: 0.409927
(71/1150) loc: (10, 528, 240)
Elapsed: 0.404559
(72/1150) loc: (10, 528, 384)
Elapsed: 0.402328
(73/1150) loc: (10, 528, 528)
Elapsed: 0.403549
(74/1150) loc: (10, 528, 672)
Elapsed: 0.403574
(75/1150) loc: (10, 528, 816)
Elapsed: 0.400336
(76/1150) loc: (10, 528, 960)
Elapsed: 0.403897
(77/1150) loc: (10, 528, 1104)
Elapsed: 0.400467
(78/1150) loc: (10, 528, 1248)
Elapsed: 0.405345
(79/1150) loc: (10, 528, 1392)
Elapsed: 0.400563
(80/1150) loc: (10, 528, 1536)
Elapsed: 0.404179
(81/1150) loc: (10, 528, 1680)
Elapsed: 0.399915
(82/1150) loc: (10, 528, 1824)
Elapsed: 0.404119
(83/1150) loc: (10, 528, 1968)
Elapsed: 0.406103
(84/1150) loc: (10, 528, 2112)
Elapsed: 0.402939
(85/1150) loc: (10, 528, 2256)
Elapsed: 0.403924
(86/1150) loc: (10, 528, 2400)
Elapsed: 0.400993
(87/1150) loc: (10, 528, 2544)
Elapsed: 0.400869
(88/1150) loc: (10, 528, 2688)
Elapsed: 0.400485
(89/1150) loc: (10, 528, 2832)
Elapsed: 0.402432
(90/1150) loc: (10, 528, 2976)
Elapsed: 0.400878
(91/1150) loc: (10, 528, 3120)
Elapsed: 0.401482
(92/1150) loc: (10, 528, 3232)
Elapsed: 0.403234
(93/1150) loc: (10, 672, 96)
Elapsed: 0.409415
(94/1150) loc: (10, 672, 240)
Elapsed: 0.404281
(95/1150) loc: (10, 672, 384)
Elapsed: 0.400611
(96/1150) loc: (10, 672, 528)
Elapsed: 0.404278
(97/1150) loc: (10, 672, 672)
Elapsed: 0.403368
(98/1150) loc: (10, 672, 816)
Elapsed: 0.402195
(99/1150) loc: (10, 672, 960)
Elapsed: 0.404203
(100/1150) loc: (10, 672, 1104)
Elapsed: 0.400971
(101/1150) loc: (10, 672, 1248)
Elapsed: 0.408011
(102/1150) loc: (10, 672, 1392)
Elapsed: 0.401109
(103/1150) loc: (10, 672, 1536)
Elapsed: 0.404314
(104/1150) loc: (10, 672, 1680)
Elapsed: 0.400357
(105/1150) loc: (10, 672, 1824)
Elapsed: 0.402911
(106/1150) loc: (10, 672, 1968)
Elapsed: 0.403455
(107/1150) loc: (10, 672, 2112)
Elapsed: 0.401480
(108/1150) loc: (10, 672, 2256)
Elapsed: 0.404294
(109/1150) loc: (10, 672, 2400)
Elapsed: 0.399793
(110/1150) loc: (10, 672, 2544)
Elapsed: 0.402087
(111/1150) loc: (10, 672, 2688)
Elapsed: 0.400852
(112/1150) loc: (10, 672, 2832)
Elapsed: 0.401061
(113/1150) loc: (10, 672, 2976)
Elapsed: 0.400915
(114/1150) loc: (10, 672, 3120)
Elapsed: 0.401782
(115/1150) loc: (10, 672, 3232)
Elapsed: 0.401526
(116/1150) loc: (10, 816, 96)
Elapsed: 0.410270
(117/1150) loc: (10, 816, 240)
Elapsed: 0.407879
(118/1150) loc: (10, 816, 384)
Elapsed: 0.400829
(119/1150) loc: (10, 816, 528)
Elapsed: 0.402690
(120/1150) loc: (10, 816, 672)
Elapsed: 0.403767
(121/1150) loc: (10, 816, 816)
Elapsed: 0.401299
(122/1150) loc: (10, 816, 960)
Elapsed: 0.404573
(123/1150) loc: (10, 816, 1104)
Elapsed: 0.401816
(124/1150) loc: (10, 816, 1248)
Elapsed: 0.403912
(125/1150) loc: (10, 816, 1392)
Elapsed: 0.400179
(126/1150) loc: (10, 816, 1536)
Elapsed: 0.405802
(127/1150) loc: (10, 816, 1680)
Elapsed: 0.400766
(128/1150) loc: (10, 816, 1824)
Elapsed: 0.403723
(129/1150) loc: (10, 816, 1968)
Elapsed: 0.404468
(130/1150) loc: (10, 816, 2112)
Elapsed: 0.399791
(131/1150) loc: (10, 816, 2256)
Elapsed: 0.403026
(132/1150) loc: (10, 816, 2400)
Elapsed: 0.402005
(133/1150) loc: (10, 816, 2544)
Elapsed: 0.401418
(134/1150) loc: (10, 816, 2688)
Elapsed: 0.401413
(135/1150) loc: (10, 816, 2832)
Elapsed: 0.402465
(136/1150) loc: (10, 816, 2976)
Elapsed: 0.402175
(137/1150) loc: (10, 816, 3120)
Elapsed: 0.401260
(138/1150) loc: (10, 816, 3232)
Elapsed: 0.401286
(139/1150) loc: (10, 960, 96)
Elapsed: 0.409881
(140/1150) loc: (10, 960, 240)
Elapsed: 0.404410
(141/1150) loc: (10, 960, 384)
Elapsed: 0.400657
(142/1150) loc: (10, 960, 528)
Elapsed: 0.404870
(143/1150) loc: (10, 960, 672)
Elapsed: 0.402752
(144/1150) loc: (10, 960, 816)
Elapsed: 0.401053
(145/1150) loc: (10, 960, 960)
Elapsed: 0.404184
(146/1150) loc: (10, 960, 1104)
Elapsed: 0.401553
(147/1150) loc: (10, 960, 1248)
Elapsed: 0.404526
(148/1150) loc: (10, 960, 1392)
Elapsed: 0.401356
(149/1150) loc: (10, 960, 1536)
Elapsed: 0.402554
(150/1150) loc: (10, 960, 1680)
Elapsed: 0.401917
(151/1150) loc: (10, 960, 1824)
Elapsed: 0.405251
(152/1150) loc: (10, 960, 1968)
Elapsed: 0.403879
(153/1150) loc: (10, 960, 2112)
Elapsed: 0.401588
(154/1150) loc: (10, 960, 2256)
Elapsed: 0.404552
(155/1150) loc: (10, 960, 2400)
Elapsed: 0.400855
(156/1150) loc: (10, 960, 2544)
Elapsed: 0.403415
(157/1150) loc: (10, 960, 2688)
Elapsed: 0.401046
(158/1150) loc: (10, 960, 2832)
Elapsed: 0.403431
(159/1150) loc: (10, 960, 2976)
Elapsed: 0.400432
(160/1150) loc: (10, 960, 3120)
Elapsed: 0.401728
(161/1150) loc: (10, 960, 3232)
Elapsed: 0.402100
(162/1150) loc: (10, 1104, 96)
Elapsed: 0.411215
(163/1150) loc: (10, 1104, 240)
Elapsed: 0.403693
(164/1150) loc: (10, 1104, 384)
Elapsed: 0.400883
(165/1150) loc: (10, 1104, 528)
Elapsed: 0.403644
(166/1150) loc: (10, 1104, 672)
Elapsed: 0.404383
(167/1150) loc: (10, 1104, 816)
Elapsed: 0.403186
(168/1150) loc: (10, 1104, 960)
Elapsed: 0.404552
(169/1150) loc: (10, 1104, 1104)
Elapsed: 0.401328
(170/1150) loc: (10, 1104, 1248)
Elapsed: 0.403301
(171/1150) loc: (10, 1104, 1392)
Elapsed: 0.399967
(172/1150) loc: (10, 1104, 1536)
Elapsed: 0.404828
(173/1150) loc: (10, 1104, 1680)
Elapsed: 0.400369
(174/1150) loc: (10, 1104, 1824)
Elapsed: 0.403687
(175/1150) loc: (10, 1104, 1968)
Elapsed: 0.406197
(176/1150) loc: (10, 1104, 2112)
Elapsed: 0.403126
(177/1150) loc: (10, 1104, 2256)
Elapsed: 0.403778
(178/1150) loc: (10, 1104, 2400)
Elapsed: 0.400696
(179/1150) loc: (10, 1104, 2544)
Elapsed: 0.401861
(180/1150) loc: (10, 1104, 2688)
Elapsed: 0.401176
(181/1150) loc: (10, 1104, 2832)
Elapsed: 0.402377
(182/1150) loc: (10, 1104, 2976)
Elapsed: 0.402448
(183/1150) loc: (10, 1104, 3120)
Elapsed: 0.401922
(184/1150) loc: (10, 1104, 3232)
Elapsed: 0.401491
(185/1150) loc: (10, 1248, 96)
Elapsed: 0.409649
(186/1150) loc: (10, 1248, 240)
Elapsed: 0.404965
(187/1150) loc: (10, 1248, 384)
Elapsed: 0.399899
(188/1150) loc: (10, 1248, 528)
Elapsed: 0.405576
(189/1150) loc: (10, 1248, 672)
Elapsed: 0.403447
(190/1150) loc: (10, 1248, 816)
Elapsed: 0.401425
(191/1150) loc: (10, 1248, 960)
Elapsed: 0.403605
(192/1150) loc: (10, 1248, 1104)
Elapsed: 0.401498
(193/1150) loc: (10, 1248, 1248)
Elapsed: 0.403608
(194/1150) loc: (10, 1248, 1392)
Elapsed: 0.402388
(195/1150) loc: (10, 1248, 1536)
Elapsed: 0.404548
(196/1150) loc: (10, 1248, 1680)
Elapsed: 0.400843
(197/1150) loc: (10, 1248, 1824)
Elapsed: 0.403798
(198/1150) loc: (10, 1248, 1968)
Elapsed: 0.404423
(199/1150) loc: (10, 1248, 2112)
Elapsed: 0.401604
(200/1150) loc: (10, 1248, 2256)
Elapsed: 0.404831
(201/1150) loc: (10, 1248, 2400)
Elapsed: 0.402000
(202/1150) loc: (10, 1248, 2544)
Elapsed: 0.402139
(203/1150) loc: (10, 1248, 2688)
Elapsed: 0.400679
(204/1150) loc: (10, 1248, 2832)
Elapsed: 0.402014
(205/1150) loc: (10, 1248, 2976)
Elapsed: 0.401869
(206/1150) loc: (10, 1248, 3120)
Elapsed: 0.401364
(207/1150) loc: (10, 1248, 3232)
Elapsed: 0.401231
(208/1150) loc: (10, 1392, 96)
Elapsed: 0.410305
(209/1150) loc: (10, 1392, 240)
Elapsed: 0.403710
(210/1150) loc: (10, 1392, 384)
Elapsed: 0.400998
(211/1150) loc: (10, 1392, 528)
Elapsed: 0.403652
(212/1150) loc: (10, 1392, 672)
Elapsed: 0.404288
(213/1150) loc: (10, 1392, 816)
Elapsed: 0.401532
(214/1150) loc: (10, 1392, 960)
Elapsed: 0.404201
(215/1150) loc: (10, 1392, 1104)
Elapsed: 0.401448
(216/1150) loc: (10, 1392, 1248)
Elapsed: 0.404549
(217/1150) loc: (10, 1392, 1392)
Elapsed: 0.399986
(218/1150) loc: (10, 1392, 1536)
Elapsed: 0.404340
(219/1150) loc: (10, 1392, 1680)
Elapsed: 0.400249
(220/1150) loc: (10, 1392, 1824)
Elapsed: 0.404557
(221/1150) loc: (10, 1392, 1968)
Elapsed: 0.404161
(222/1150) loc: (10, 1392, 2112)
Elapsed: 0.402072
(223/1150) loc: (10, 1392, 2256)
Elapsed: 0.404564
(224/1150) loc: (10, 1392, 2400)
Elapsed: 0.401737
(225/1150) loc: (10, 1392, 2544)
Elapsed: 0.402120
(226/1150) loc: (10, 1392, 2688)
Elapsed: 0.401588
(227/1150) loc: (10, 1392, 2832)
Elapsed: 0.401285
(228/1150) loc: (10, 1392, 2976)
Elapsed: 0.400724
(229/1150) loc: (10, 1392, 3120)
Elapsed: 0.402152
(230/1150) loc: (10, 1392, 3232)
Elapsed: 0.402180
(231/1150) loc: (10, 1536, 96)
Elapsed: 0.409848
(232/1150) loc: (10, 1536, 240)
Elapsed: 0.404848
(233/1150) loc: (10, 1536, 384)
Elapsed: 0.400622
(234/1150) loc: (10, 1536, 528)
Elapsed: 0.410158
(235/1150) loc: (10, 1536, 672)
Elapsed: 0.403943
(236/1150) loc: (10, 1536, 816)
Elapsed: 0.401821
(237/1150) loc: (10, 1536, 960)
Elapsed: 0.404290
(238/1150) loc: (10, 1536, 1104)
Elapsed: 0.401106
(239/1150) loc: (10, 1536, 1248)
Elapsed: 0.404158
(240/1150) loc: (10, 1536, 1392)
Elapsed: 0.401189
(241/1150) loc: (10, 1536, 1536)
Elapsed: 0.403795
(242/1150) loc: (10, 1536, 1680)
Elapsed: 0.400547
(243/1150) loc: (10, 1536, 1824)
Elapsed: 0.404228
(244/1150) loc: (10, 1536, 1968)
Elapsed: 0.404749
(245/1150) loc: (10, 1536, 2112)
Elapsed: 0.403416
(246/1150) loc: (10, 1536, 2256)
Elapsed: 0.405247
(247/1150) loc: (10, 1536, 2400)
Elapsed: 0.400365
(248/1150) loc: (10, 1536, 2544)
Elapsed: 0.402197
(249/1150) loc: (10, 1536, 2688)
Elapsed: 0.400451
(250/1150) loc: (10, 1536, 2832)
Elapsed: 0.401592
(251/1150) loc: (10, 1536, 2976)
Elapsed: 0.402364
(252/1150) loc: (10, 1536, 3120)
Elapsed: 0.400889
(253/1150) loc: (10, 1536, 3232)
Elapsed: 0.401791
(254/1150) loc: (10, 1680, 96)
Elapsed: 0.409270
(255/1150) loc: (10, 1680, 240)
Elapsed: 0.403418
(256/1150) loc: (10, 1680, 384)
Elapsed: 0.402416
(257/1150) loc: (10, 1680, 528)
Elapsed: 0.403760
(258/1150) loc: (10, 1680, 672)
Elapsed: 0.404999
(259/1150) loc: (10, 1680, 816)
Elapsed: 0.400302
(260/1150) loc: (10, 1680, 960)
Elapsed: 0.403119
(261/1150) loc: (10, 1680, 1104)
Elapsed: 0.402551
(262/1150) loc: (10, 1680, 1248)
Elapsed: 0.404573
(263/1150) loc: (10, 1680, 1392)
Elapsed: 0.400311
(264/1150) loc: (10, 1680, 1536)
Elapsed: 0.404637
(265/1150) loc: (10, 1680, 1680)
Elapsed: 0.400339
(266/1150) loc: (10, 1680, 1824)
Elapsed: 0.403759
(267/1150) loc: (10, 1680, 1968)
Elapsed: 0.402866
(268/1150) loc: (10, 1680, 2112)
Elapsed: 0.400447
(269/1150) loc: (10, 1680, 2256)
Elapsed: 0.403656
(270/1150) loc: (10, 1680, 2400)
Elapsed: 0.402479
(271/1150) loc: (10, 1680, 2544)
Elapsed: 0.400635
(272/1150) loc: (10, 1680, 2688)
Elapsed: 0.401629
(273/1150) loc: (10, 1680, 2832)
Elapsed: 0.402337
(274/1150) loc: (10, 1680, 2976)
Elapsed: 0.400949
(275/1150) loc: (10, 1680, 3120)
Elapsed: 0.400689
(276/1150) loc: (10, 1680, 3232)
Elapsed: 0.401317
(277/1150) loc: (10, 1824, 96)
Elapsed: 0.410298
(278/1150) loc: (10, 1824, 240)
Elapsed: 0.404216
(279/1150) loc: (10, 1824, 384)
Elapsed: 0.401681
(280/1150) loc: (10, 1824, 528)
Elapsed: 0.404276
(281/1150) loc: (10, 1824, 672)
Elapsed: 0.403430
(282/1150) loc: (10, 1824, 816)
Elapsed: 0.400809
(283/1150) loc: (10, 1824, 960)
Elapsed: 0.404096
(284/1150) loc: (10, 1824, 1104)
Elapsed: 0.400997
(285/1150) loc: (10, 1824, 1248)
Elapsed: 0.404112
(286/1150) loc: (10, 1824, 1392)
Elapsed: 0.400901
(287/1150) loc: (10, 1824, 1536)
Elapsed: 0.403506
(288/1150) loc: (10, 1824, 1680)
Elapsed: 0.400041
(289/1150) loc: (10, 1824, 1824)
Elapsed: 0.403438
(290/1150) loc: (10, 1824, 1968)
Elapsed: 0.403750
(291/1150) loc: (10, 1824, 2112)
Elapsed: 0.401340
(292/1150) loc: (10, 1824, 2256)
Elapsed: 0.403579
(293/1150) loc: (10, 1824, 2400)
Elapsed: 0.400842
(294/1150) loc: (10, 1824, 2544)
Elapsed: 0.402589
(295/1150) loc: (10, 1824, 2688)
Elapsed: 0.400079
(296/1150) loc: (10, 1824, 2832)
Elapsed: 0.401387
(297/1150) loc: (10, 1824, 2976)
Elapsed: 0.402359
(298/1150) loc: (10, 1824, 3120)
Elapsed: 0.401540
(299/1150) loc: (10, 1824, 3232)
Elapsed: 0.402307
(300/1150) loc: (10, 1968, 96)
Elapsed: 0.410574
(301/1150) loc: (10, 1968, 240)
Elapsed: 0.403294
(302/1150) loc: (10, 1968, 384)
Elapsed: 0.401681
(303/1150) loc: (10, 1968, 528)
Elapsed: 0.403921
(304/1150) loc: (10, 1968, 672)
Elapsed: 0.404431
(305/1150) loc: (10, 1968, 816)
Elapsed: 0.399863
(306/1150) loc: (10, 1968, 960)
Elapsed: 0.403858
(307/1150) loc: (10, 1968, 1104)
Elapsed: 0.401347
(308/1150) loc: (10, 1968, 1248)
Elapsed: 0.403987
(309/1150) loc: (10, 1968, 1392)
Elapsed: 0.400804
(310/1150) loc: (10, 1968, 1536)
Elapsed: 0.404475
(311/1150) loc: (10, 1968, 1680)
Elapsed: 0.399333
(312/1150) loc: (10, 1968, 1824)
Elapsed: 0.404503
(313/1150) loc: (10, 1968, 1968)
Elapsed: 0.403048
(314/1150) loc: (10, 1968, 2112)
Elapsed: 0.401554
(315/1150) loc: (10, 1968, 2256)
Elapsed: 0.403925
(316/1150) loc: (10, 1968, 2400)
Elapsed: 0.399797
(317/1150) loc: (10, 1968, 2544)
Elapsed: 0.401815
(318/1150) loc: (10, 1968, 2688)
Elapsed: 0.401300
(319/1150) loc: (10, 1968, 2832)
Elapsed: 0.400474
(320/1150) loc: (10, 1968, 2976)
Elapsed: 0.401863
(321/1150) loc: (10, 1968, 3120)
Elapsed: 0.401296
(322/1150) loc: (10, 1968, 3232)
Elapsed: 0.403224
(323/1150) loc: (10, 2112, 96)
Elapsed: 0.410137
(324/1150) loc: (10, 2112, 240)
Elapsed: 0.404602
(325/1150) loc: (10, 2112, 384)
Elapsed: 0.399340
(326/1150) loc: (10, 2112, 528)
Elapsed: 0.403849
(327/1150) loc: (10, 2112, 672)
Elapsed: 0.403651
(328/1150) loc: (10, 2112, 816)
Elapsed: 0.401124
(329/1150) loc: (10, 2112, 960)
Elapsed: 0.405492
(330/1150) loc: (10, 2112, 1104)
Elapsed: 0.401476
(331/1150) loc: (10, 2112, 1248)
Elapsed: 0.404214
(332/1150) loc: (10, 2112, 1392)
Elapsed: 0.401543
(333/1150) loc: (10, 2112, 1536)
Elapsed: 0.404142
(334/1150) loc: (10, 2112, 1680)
Elapsed: 0.400628
(335/1150) loc: (10, 2112, 1824)
Elapsed: 0.404145
(336/1150) loc: (10, 2112, 1968)
Elapsed: 0.403888
(337/1150) loc: (10, 2112, 2112)
Elapsed: 0.401412
(338/1150) loc: (10, 2112, 2256)
Elapsed: 0.403888
(339/1150) loc: (10, 2112, 2400)
Elapsed: 0.400507
(340/1150) loc: (10, 2112, 2544)
Elapsed: 0.400970
(341/1150) loc: (10, 2112, 2688)
Elapsed: 0.399074
(342/1150) loc: (10, 2112, 2832)
Elapsed: 0.401294
(343/1150) loc: (10, 2112, 2976)
Elapsed: 0.400032
(344/1150) loc: (10, 2112, 3120)
Elapsed: 0.401958
(345/1150) loc: (10, 2112, 3232)
Elapsed: 0.400720
(346/1150) loc: (10, 2256, 96)
Elapsed: 0.411412
(347/1150) loc: (10, 2256, 240)
Elapsed: 0.403651
(348/1150) loc: (10, 2256, 384)
Elapsed: 0.401261
(349/1150) loc: (10, 2256, 528)
Elapsed: 0.403722
(350/1150) loc: (10, 2256, 672)
Elapsed: 0.403460
(351/1150) loc: (10, 2256, 816)
Elapsed: 0.401853
(352/1150) loc: (10, 2256, 960)
Elapsed: 0.403695
(353/1150) loc: (10, 2256, 1104)
Elapsed: 0.401496
(354/1150) loc: (10, 2256, 1248)
Elapsed: 0.403867
(355/1150) loc: (10, 2256, 1392)
Elapsed: 0.401136
(356/1150) loc: (10, 2256, 1536)
Elapsed: 0.404539
(357/1150) loc: (10, 2256, 1680)
Elapsed: 0.400187
(358/1150) loc: (10, 2256, 1824)
Elapsed: 0.403194
(359/1150) loc: (10, 2256, 1968)
Elapsed: 0.404255
(360/1150) loc: (10, 2256, 2112)
Elapsed: 0.401149
(361/1150) loc: (10, 2256, 2256)
Elapsed: 0.403971
(362/1150) loc: (10, 2256, 2400)
Elapsed: 0.400266
(363/1150) loc: (10, 2256, 2544)
Elapsed: 0.400787
(364/1150) loc: (10, 2256, 2688)
Elapsed: 0.402426
(365/1150) loc: (10, 2256, 2832)
Elapsed: 0.401939
(366/1150) loc: (10, 2256, 2976)
Elapsed: 0.400967
(367/1150) loc: (10, 2256, 3120)
Elapsed: 0.401048
(368/1150) loc: (10, 2256, 3232)
Elapsed: 0.401218
(369/1150) loc: (10, 2400, 96)
Elapsed: 0.415154
(370/1150) loc: (10, 2400, 240)
Elapsed: 0.402605
(371/1150) loc: (10, 2400, 384)
Elapsed: 0.401086
(372/1150) loc: (10, 2400, 528)
Elapsed: 0.404379
(373/1150) loc: (10, 2400, 672)
Elapsed: 0.403163
(374/1150) loc: (10, 2400, 816)
Elapsed: 0.401948
(375/1150) loc: (10, 2400, 960)
Elapsed: 0.403676
(376/1150) loc: (10, 2400, 1104)
Elapsed: 0.401104
(377/1150) loc: (10, 2400, 1248)
Elapsed: 0.403634
(378/1150) loc: (10, 2400, 1392)
Elapsed: 0.400606
(379/1150) loc: (10, 2400, 1536)
Elapsed: 0.403543
(380/1150) loc: (10, 2400, 1680)
Elapsed: 0.401029
(381/1150) loc: (10, 2400, 1824)
Elapsed: 0.405047
(382/1150) loc: (10, 2400, 1968)
Elapsed: 0.403695
(383/1150) loc: (10, 2400, 2112)
Elapsed: 0.401538
(384/1150) loc: (10, 2400, 2256)
Elapsed: 0.403896
(385/1150) loc: (10, 2400, 2400)
Elapsed: 0.400634
(386/1150) loc: (10, 2400, 2544)
Elapsed: 0.402888
(387/1150) loc: (10, 2400, 2688)
Elapsed: 0.400961
(388/1150) loc: (10, 2400, 2832)
Elapsed: 0.402369
(389/1150) loc: (10, 2400, 2976)
Elapsed: 0.401733
(390/1150) loc: (10, 2400, 3120)
Elapsed: 0.401771
(391/1150) loc: (10, 2400, 3232)
Elapsed: 0.402239
(392/1150) loc: (10, 2544, 96)
Elapsed: 0.409522
(393/1150) loc: (10, 2544, 240)
Elapsed: 0.402363
(394/1150) loc: (10, 2544, 384)
Elapsed: 0.400551
(395/1150) loc: (10, 2544, 528)
Elapsed: 0.403907
(396/1150) loc: (10, 2544, 672)
Elapsed: 0.403965
(397/1150) loc: (10, 2544, 816)
Elapsed: 0.399968
(398/1150) loc: (10, 2544, 960)
Elapsed: 0.404722
(399/1150) loc: (10, 2544, 1104)
Elapsed: 0.401317
(400/1150) loc: (10, 2544, 1248)
Elapsed: 0.403628
(401/1150) loc: (10, 2544, 1392)
Elapsed: 0.400357
(402/1150) loc: (10, 2544, 1536)
Elapsed: 0.404753
(403/1150) loc: (10, 2544, 1680)
Elapsed: 0.401149
(404/1150) loc: (10, 2544, 1824)
Elapsed: 0.404121
(405/1150) loc: (10, 2544, 1968)
Elapsed: 0.403842
(406/1150) loc: (10, 2544, 2112)
Elapsed: 0.401280
(407/1150) loc: (10, 2544, 2256)
Elapsed: 0.403676
(408/1150) loc: (10, 2544, 2400)
Elapsed: 0.402558
(409/1150) loc: (10, 2544, 2544)
Elapsed: 0.401176
(410/1150) loc: (10, 2544, 2688)
Elapsed: 0.401660
(411/1150) loc: (10, 2544, 2832)
Elapsed: 0.402033
(412/1150) loc: (10, 2544, 2976)
Elapsed: 0.401521
(413/1150) loc: (10, 2544, 3120)
Elapsed: 0.401405
(414/1150) loc: (10, 2544, 3232)
Elapsed: 0.402413
(415/1150) loc: (10, 2688, 96)
Elapsed: 0.411245
(416/1150) loc: (10, 2688, 240)
Elapsed: 0.404284
(417/1150) loc: (10, 2688, 384)
Elapsed: 0.400898
(418/1150) loc: (10, 2688, 528)
Elapsed: 0.405010
(419/1150) loc: (10, 2688, 672)
Elapsed: 0.407530
(420/1150) loc: (10, 2688, 816)
Elapsed: 0.400926
(421/1150) loc: (10, 2688, 960)
Elapsed: 0.402988
(422/1150) loc: (10, 2688, 1104)
Elapsed: 0.400248
(423/1150) loc: (10, 2688, 1248)
Elapsed: 0.405133
(424/1150) loc: (10, 2688, 1392)
Elapsed: 0.401727
(425/1150) loc: (10, 2688, 1536)
Elapsed: 0.403979
(426/1150) loc: (10, 2688, 1680)
Elapsed: 0.401415
(427/1150) loc: (10, 2688, 1824)
Elapsed: 0.403779
(428/1150) loc: (10, 2688, 1968)
Elapsed: 0.405387
(429/1150) loc: (10, 2688, 2112)
Elapsed: 0.400412
(430/1150) loc: (10, 2688, 2256)
Elapsed: 0.404208
(431/1150) loc: (10, 2688, 2400)
Elapsed: 0.400454
(432/1150) loc: (10, 2688, 2544)
Elapsed: 0.402850
(433/1150) loc: (10, 2688, 2688)
Elapsed: 0.400445
(434/1150) loc: (10, 2688, 2832)
Elapsed: 0.401572
(435/1150) loc: (10, 2688, 2976)
Elapsed: 0.400510
(436/1150) loc: (10, 2688, 3120)
Elapsed: 0.401404
(437/1150) loc: (10, 2688, 3232)
Elapsed: 0.403294
(438/1150) loc: (10, 2832, 96)
Elapsed: 0.410399
(439/1150) loc: (10, 2832, 240)
Elapsed: 0.404220
(440/1150) loc: (10, 2832, 384)
Elapsed: 0.400374
(441/1150) loc: (10, 2832, 528)
Elapsed: 0.404047
(442/1150) loc: (10, 2832, 672)
Elapsed: 0.404683
(443/1150) loc: (10, 2832, 816)
Elapsed: 0.402798
(444/1150) loc: (10, 2832, 960)
Elapsed: 0.403110
(445/1150) loc: (10, 2832, 1104)
Elapsed: 0.400649
(446/1150) loc: (10, 2832, 1248)
Elapsed: 0.403788
(447/1150) loc: (10, 2832, 1392)
Elapsed: 0.403290
(448/1150) loc: (10, 2832, 1536)
Elapsed: 0.405102
(449/1150) loc: (10, 2832, 1680)
Elapsed: 0.401687
(450/1150) loc: (10, 2832, 1824)
Elapsed: 0.404254
(451/1150) loc: (10, 2832, 1968)
Elapsed: 0.404305
(452/1150) loc: (10, 2832, 2112)
Elapsed: 0.401251
(453/1150) loc: (10, 2832, 2256)
Elapsed: 0.403667
(454/1150) loc: (10, 2832, 2400)
Elapsed: 0.401995
(455/1150) loc: (10, 2832, 2544)
Elapsed: 0.401350
(456/1150) loc: (10, 2832, 2688)
Elapsed: 0.401751
(457/1150) loc: (10, 2832, 2832)
Elapsed: 0.400771
(458/1150) loc: (10, 2832, 2976)
Elapsed: 0.402074
(459/1150) loc: (10, 2832, 3120)
Elapsed: 0.401745
(460/1150) loc: (10, 2832, 3232)
Elapsed: 0.402214
(461/1150) loc: (10, 2976, 96)
Elapsed: 0.409914
(462/1150) loc: (10, 2976, 240)
Elapsed: 0.403018
(463/1150) loc: (10, 2976, 384)
Elapsed: 0.400818
(464/1150) loc: (10, 2976, 528)
Elapsed: 0.405093
(465/1150) loc: (10, 2976, 672)
Elapsed: 0.403288
(466/1150) loc: (10, 2976, 816)
Elapsed: 0.400775
(467/1150) loc: (10, 2976, 960)
Elapsed: 0.404716
(468/1150) loc: (10, 2976, 1104)
Elapsed: 0.401347
(469/1150) loc: (10, 2976, 1248)
Elapsed: 0.403342
(470/1150) loc: (10, 2976, 1392)
Elapsed: 0.402113
(471/1150) loc: (10, 2976, 1536)
Elapsed: 0.403043
(472/1150) loc: (10, 2976, 1680)
Elapsed: 0.401334
(473/1150) loc: (10, 2976, 1824)
Elapsed: 0.402616
(474/1150) loc: (10, 2976, 1968)
Elapsed: 0.403626
(475/1150) loc: (10, 2976, 2112)
Elapsed: 0.403228
(476/1150) loc: (10, 2976, 2256)
Elapsed: 0.403809
(477/1150) loc: (10, 2976, 2400)
Elapsed: 0.400755
(478/1150) loc: (10, 2976, 2544)
Elapsed: 0.402287
(479/1150) loc: (10, 2976, 2688)
Elapsed: 0.401707
(480/1150) loc: (10, 2976, 2832)
Elapsed: 0.401997
(481/1150) loc: (10, 2976, 2976)
Elapsed: 0.402728
(482/1150) loc: (10, 2976, 3120)
Elapsed: 0.400111
(483/1150) loc: (10, 2976, 3232)
Elapsed: 0.400285
(484/1150) loc: (10, 3120, 96)
Elapsed: 0.410443
(485/1150) loc: (10, 3120, 240)
Elapsed: 0.403154
(486/1150) loc: (10, 3120, 384)
Elapsed: 0.400683
(487/1150) loc: (10, 3120, 528)
Elapsed: 0.403456
(488/1150) loc: (10, 3120, 672)
Elapsed: 0.404308
(489/1150) loc: (10, 3120, 816)
Elapsed: 0.400388
(490/1150) loc: (10, 3120, 960)
Elapsed: 0.404031
(491/1150) loc: (10, 3120, 1104)
Elapsed: 0.400783
(492/1150) loc: (10, 3120, 1248)
Elapsed: 0.403527
(493/1150) loc: (10, 3120, 1392)
Elapsed: 0.399265
(494/1150) loc: (10, 3120, 1536)
Elapsed: 0.403755
(495/1150) loc: (10, 3120, 1680)
Elapsed: 0.400625
(496/1150) loc: (10, 3120, 1824)
Elapsed: 0.403665
(497/1150) loc: (10, 3120, 1968)
Elapsed: 0.403505
(498/1150) loc: (10, 3120, 2112)
Elapsed: 0.401263
(499/1150) loc: (10, 3120, 2256)
Elapsed: 0.404140
(500/1150) loc: (10, 3120, 2400)
Elapsed: 0.399816
(501/1150) loc: (10, 3120, 2544)
Elapsed: 0.400259
(502/1150) loc: (10, 3120, 2688)
Elapsed: 0.401689
(503/1150) loc: (10, 3120, 2832)
Elapsed: 0.401459
(504/1150) loc: (10, 3120, 2976)
Elapsed: 0.400088
(505/1150) loc: (10, 3120, 3120)
Elapsed: 0.400733
(506/1150) loc: (10, 3120, 3232)
Elapsed: 0.401128
(507/1150) loc: (10, 3264, 96)
Elapsed: 0.410457
(508/1150) loc: (10, 3264, 240)
Elapsed: 0.403823
(509/1150) loc: (10, 3264, 384)
Elapsed: 0.405891
(510/1150) loc: (10, 3264, 528)
Elapsed: 0.403445
(511/1150) loc: (10, 3264, 672)
Elapsed: 0.403214
(512/1150) loc: (10, 3264, 816)
Elapsed: 0.401084
(513/1150) loc: (10, 3264, 960)
Elapsed: 0.404940
(514/1150) loc: (10, 3264, 1104)
Elapsed: 0.400931
(515/1150) loc: (10, 3264, 1248)
Elapsed: 0.403887
(516/1150) loc: (10, 3264, 1392)
Elapsed: 0.400800
(517/1150) loc: (10, 3264, 1536)
Elapsed: 0.403244
(518/1150) loc: (10, 3264, 1680)
Elapsed: 0.400147
(519/1150) loc: (10, 3264, 1824)
Elapsed: 0.403983
(520/1150) loc: (10, 3264, 1968)
Elapsed: 0.405275
(521/1150) loc: (10, 3264, 2112)
Elapsed: 0.401675
(522/1150) loc: (10, 3264, 2256)
Elapsed: 0.404948
(523/1150) loc: (10, 3264, 2400)
Elapsed: 0.401159
(524/1150) loc: (10, 3264, 2544)
Elapsed: 0.401164
(525/1150) loc: (10, 3264, 2688)
Elapsed: 0.400586
(526/1150) loc: (10, 3264, 2832)
Elapsed: 0.403172
(527/1150) loc: (10, 3264, 2976)
Elapsed: 0.401422
(528/1150) loc: (10, 3264, 3120)
Elapsed: 0.401345
(529/1150) loc: (10, 3264, 3232)
Elapsed: 0.402225
(530/1150) loc: (10, 3408, 96)
Elapsed: 0.410566
(531/1150) loc: (10, 3408, 240)
Elapsed: 0.403471
(532/1150) loc: (10, 3408, 384)
Elapsed: 0.402576
(533/1150) loc: (10, 3408, 528)
Elapsed: 0.403651
(534/1150) loc: (10, 3408, 672)
Elapsed: 0.403605
(535/1150) loc: (10, 3408, 816)
Elapsed: 0.402377
(536/1150) loc: (10, 3408, 960)
Elapsed: 0.403756
(537/1150) loc: (10, 3408, 1104)
Elapsed: 0.401926
(538/1150) loc: (10, 3408, 1248)
Elapsed: 0.405570
(539/1150) loc: (10, 3408, 1392)
Elapsed: 0.399885
(540/1150) loc: (10, 3408, 1536)
Elapsed: 0.404353
(541/1150) loc: (10, 3408, 1680)
Elapsed: 0.399827
(542/1150) loc: (10, 3408, 1824)
Elapsed: 0.404229
(543/1150) loc: (10, 3408, 1968)
Elapsed: 0.404447
(544/1150) loc: (10, 3408, 2112)
Elapsed: 0.401970
(545/1150) loc: (10, 3408, 2256)
Elapsed: 0.403390
(546/1150) loc: (10, 3408, 2400)
Elapsed: 0.401288
(547/1150) loc: (10, 3408, 2544)
Elapsed: 0.401220
(548/1150) loc: (10, 3408, 2688)
Elapsed: 0.401136
(549/1150) loc: (10, 3408, 2832)
Elapsed: 0.402744
(550/1150) loc: (10, 3408, 2976)
Elapsed: 0.401191
(551/1150) loc: (10, 3408, 3120)
Elapsed: 0.399796
(552/1150) loc: (10, 3408, 3232)
Elapsed: 0.402040
(553/1150) loc: (10, 3422, 96)
Elapsed: 0.401975
(554/1150) loc: (10, 3422, 240)
Elapsed: 0.403604
(555/1150) loc: (10, 3422, 384)
Elapsed: 0.401113
(556/1150) loc: (10, 3422, 528)
Elapsed: 0.403995
(557/1150) loc: (10, 3422, 672)
Elapsed: 0.401625
(558/1150) loc: (10, 3422, 816)
Elapsed: 0.401833
(559/1150) loc: (10, 3422, 960)
Elapsed: 0.402466
(560/1150) loc: (10, 3422, 1104)
Elapsed: 0.403249
(561/1150) loc: (10, 3422, 1248)
Elapsed: 0.402853
(562/1150) loc: (10, 3422, 1392)
Elapsed: 0.400946
(563/1150) loc: (10, 3422, 1536)
Elapsed: 0.402419
(564/1150) loc: (10, 3422, 1680)
Elapsed: 0.402090
(565/1150) loc: (10, 3422, 1824)
Elapsed: 0.405005
(566/1150) loc: (10, 3422, 1968)
Elapsed: 0.402445
(567/1150) loc: (10, 3422, 2112)
Elapsed: 0.401732
(568/1150) loc: (10, 3422, 2256)
Elapsed: 0.403202
(569/1150) loc: (10, 3422, 2400)
Elapsed: 0.402527
(570/1150) loc: (10, 3422, 2544)
Elapsed: 0.401834
(571/1150) loc: (10, 3422, 2688)
Elapsed: 0.401651
(572/1150) loc: (10, 3422, 2832)
Elapsed: 0.402659
(573/1150) loc: (10, 3422, 2976)
Elapsed: 0.400765
(574/1150) loc: (10, 3422, 3120)
Elapsed: 0.401162
(575/1150) loc: (10, 3422, 3232)
Elapsed: 0.401786
(576/1150) loc: (15, 96, 96)
Elapsed: 0.413703
(577/1150) loc: (15, 96, 240)
Elapsed: 0.405646
(578/1150) loc: (15, 96, 384)
Elapsed: 0.401347
(579/1150) loc: (15, 96, 528)
Elapsed: 0.404188
(580/1150) loc: (15, 96, 672)
Elapsed: 0.405560
(581/1150) loc: (15, 96, 816)
Elapsed: 0.400683
(582/1150) loc: (15, 96, 960)
Elapsed: 0.404387
(583/1150) loc: (15, 96, 1104)
Elapsed: 0.402503
(584/1150) loc: (15, 96, 1248)
Elapsed: 0.405104
(585/1150) loc: (15, 96, 1392)
Elapsed: 0.401109
(586/1150) loc: (15, 96, 1536)
Elapsed: 0.404729
(587/1150) loc: (15, 96, 1680)
Elapsed: 0.401059
(588/1150) loc: (15, 96, 1824)
Elapsed: 0.405458
(589/1150) loc: (15, 96, 1968)
Elapsed: 0.405924
(590/1150) loc: (15, 96, 2112)
Elapsed: 0.401086
(591/1150) loc: (15, 96, 2256)
Elapsed: 0.404650
(592/1150) loc: (15, 96, 2400)
Elapsed: 0.400304
(593/1150) loc: (15, 96, 2544)
Elapsed: 0.402292
(594/1150) loc: (15, 96, 2688)
Elapsed: 0.401389
(595/1150) loc: (15, 96, 2832)
Elapsed: 0.402130
(596/1150) loc: (15, 96, 2976)
Elapsed: 0.401679
(597/1150) loc: (15, 96, 3120)
Elapsed: 0.400900
(598/1150) loc: (15, 96, 3232)
Elapsed: 0.401398
(599/1150) loc: (15, 240, 96)
Elapsed: 0.410779
(600/1150) loc: (15, 240, 240)
Elapsed: 0.404633
(601/1150) loc: (15, 240, 384)
Elapsed: 0.400844
(602/1150) loc: (15, 240, 528)
Elapsed: 0.403985
(603/1150) loc: (15, 240, 672)
Elapsed: 0.404207
(604/1150) loc: (15, 240, 816)
Elapsed: 0.400514
(605/1150) loc: (15, 240, 960)
Elapsed: 0.404118
(606/1150) loc: (15, 240, 1104)
Elapsed: 0.400884
(607/1150) loc: (15, 240, 1248)
Elapsed: 0.403399
(608/1150) loc: (15, 240, 1392)
Elapsed: 0.400218
(609/1150) loc: (15, 240, 1536)
Elapsed: 0.402841
(610/1150) loc: (15, 240, 1680)
Elapsed: 0.401465
(611/1150) loc: (15, 240, 1824)
Elapsed: 0.404412
(612/1150) loc: (15, 240, 1968)
Elapsed: 0.403869
(613/1150) loc: (15, 240, 2112)
Elapsed: 0.400393
(614/1150) loc: (15, 240, 2256)
Elapsed: 0.403863
(615/1150) loc: (15, 240, 2400)
Elapsed: 0.401785
(616/1150) loc: (15, 240, 2544)
Elapsed: 0.402658
(617/1150) loc: (15, 240, 2688)
Elapsed: 0.401000
(618/1150) loc: (15, 240, 2832)
Elapsed: 0.403524
(619/1150) loc: (15, 240, 2976)
Elapsed: 0.400855
(620/1150) loc: (15, 240, 3120)
Elapsed: 0.400274
(621/1150) loc: (15, 240, 3232)
Elapsed: 0.404495
(622/1150) loc: (15, 384, 96)
Elapsed: 0.411783
(623/1150) loc: (15, 384, 240)
Elapsed: 0.404231
(624/1150) loc: (15, 384, 384)
Elapsed: 0.400944
(625/1150) loc: (15, 384, 528)
Elapsed: 0.402946
(626/1150) loc: (15, 384, 672)
Elapsed: 0.403446
(627/1150) loc: (15, 384, 816)
Elapsed: 0.400339
(628/1150) loc: (15, 384, 960)
Elapsed: 0.403347
(629/1150) loc: (15, 384, 1104)
Elapsed: 0.401494
(630/1150) loc: (15, 384, 1248)
Elapsed: 0.404361
(631/1150) loc: (15, 384, 1392)
Elapsed: 0.400762
(632/1150) loc: (15, 384, 1536)
Elapsed: 0.405048
(633/1150) loc: (15, 384, 1680)
Elapsed: 0.401126
(634/1150) loc: (15, 384, 1824)
Elapsed: 0.403877
(635/1150) loc: (15, 384, 1968)
Elapsed: 0.403822
(636/1150) loc: (15, 384, 2112)
Elapsed: 0.400595
(637/1150) loc: (15, 384, 2256)
Elapsed: 0.403537
(638/1150) loc: (15, 384, 2400)
Elapsed: 0.400021
(639/1150) loc: (15, 384, 2544)
Elapsed: 0.400123
(640/1150) loc: (15, 384, 2688)
Elapsed: 0.401317
(641/1150) loc: (15, 384, 2832)
Elapsed: 0.400430
(642/1150) loc: (15, 384, 2976)
Elapsed: 0.400831
(643/1150) loc: (15, 384, 3120)
Elapsed: 0.400539
(644/1150) loc: (15, 384, 3232)
Elapsed: 0.400277
(645/1150) loc: (15, 528, 96)
Elapsed: 0.411536
(646/1150) loc: (15, 528, 240)
Elapsed: 0.403684
(647/1150) loc: (15, 528, 384)
Elapsed: 0.400520
(648/1150) loc: (15, 528, 528)
Elapsed: 0.404310
(649/1150) loc: (15, 528, 672)
Elapsed: 0.410138
(650/1150) loc: (15, 528, 816)
Elapsed: 0.402452
(651/1150) loc: (15, 528, 960)
Elapsed: 0.405831
(652/1150) loc: (15, 528, 1104)
Elapsed: 0.401765
(653/1150) loc: (15, 528, 1248)
Elapsed: 0.403900
(654/1150) loc: (15, 528, 1392)
Elapsed: 0.401263
(655/1150) loc: (15, 528, 1536)
Elapsed: 0.404246
(656/1150) loc: (15, 528, 1680)
Elapsed: 0.401574
(657/1150) loc: (15, 528, 1824)
Elapsed: 0.403725
(658/1150) loc: (15, 528, 1968)
Elapsed: 0.404734
(659/1150) loc: (15, 528, 2112)
Elapsed: 0.400766
(660/1150) loc: (15, 528, 2256)
Elapsed: 0.404421
(661/1150) loc: (15, 528, 2400)
Elapsed: 0.401567
(662/1150) loc: (15, 528, 2544)
Elapsed: 0.401319
(663/1150) loc: (15, 528, 2688)
Elapsed: 0.401394
(664/1150) loc: (15, 528, 2832)
Elapsed: 0.401591
(665/1150) loc: (15, 528, 2976)
Elapsed: 0.402149
(666/1150) loc: (15, 528, 3120)
Elapsed: 0.401864
(667/1150) loc: (15, 528, 3232)
Elapsed: 0.400636
(668/1150) loc: (15, 672, 96)
Elapsed: 0.410335
(669/1150) loc: (15, 672, 240)
Elapsed: 0.402117
(670/1150) loc: (15, 672, 384)
Elapsed: 0.400810
(671/1150) loc: (15, 672, 528)
Elapsed: 0.403820
(672/1150) loc: (15, 672, 672)
Elapsed: 0.404853
(673/1150) loc: (15, 672, 816)
Elapsed: 0.401053
(674/1150) loc: (15, 672, 960)
Elapsed: 0.402912
(675/1150) loc: (15, 672, 1104)
Elapsed: 0.401034
(676/1150) loc: (15, 672, 1248)
Elapsed: 0.403170
(677/1150) loc: (15, 672, 1392)
Elapsed: 0.400214
(678/1150) loc: (15, 672, 1536)
Elapsed: 0.404372
(679/1150) loc: (15, 672, 1680)
Elapsed: 0.401054
(680/1150) loc: (15, 672, 1824)
Elapsed: 0.403597
(681/1150) loc: (15, 672, 1968)
Elapsed: 0.403497
(682/1150) loc: (15, 672, 2112)
Elapsed: 0.400857
(683/1150) loc: (15, 672, 2256)
Elapsed: 0.403904
(684/1150) loc: (15, 672, 2400)
Elapsed: 0.401043
(685/1150) loc: (15, 672, 2544)
Elapsed: 0.401348
(686/1150) loc: (15, 672, 2688)
Elapsed: 0.402987
(687/1150) loc: (15, 672, 2832)
Elapsed: 0.401115
(688/1150) loc: (15, 672, 2976)
Elapsed: 0.401281
(689/1150) loc: (15, 672, 3120)
Elapsed: 0.400234
(690/1150) loc: (15, 672, 3232)
Elapsed: 0.401589
(691/1150) loc: (15, 816, 96)
Elapsed: 0.410814
(692/1150) loc: (15, 816, 240)
Elapsed: 0.404099
(693/1150) loc: (15, 816, 384)
Elapsed: 0.400187
(694/1150) loc: (15, 816, 528)
Elapsed: 0.403873
(695/1150) loc: (15, 816, 672)
Elapsed: 0.403470
(696/1150) loc: (15, 816, 816)
Elapsed: 0.401435
(697/1150) loc: (15, 816, 960)
Elapsed: 0.404904
(698/1150) loc: (15, 816, 1104)
Elapsed: 0.400065
(699/1150) loc: (15, 816, 1248)
Elapsed: 0.404248
(700/1150) loc: (15, 816, 1392)
Elapsed: 0.402546
(701/1150) loc: (15, 816, 1536)
Elapsed: 0.403730
(702/1150) loc: (15, 816, 1680)
Elapsed: 0.401050
(703/1150) loc: (15, 816, 1824)
Elapsed: 0.403951
(704/1150) loc: (15, 816, 1968)
Elapsed: 0.404556
(705/1150) loc: (15, 816, 2112)
Elapsed: 0.401610
(706/1150) loc: (15, 816, 2256)
Elapsed: 0.404804
(707/1150) loc: (15, 816, 2400)
Elapsed: 0.401430
(708/1150) loc: (15, 816, 2544)
Elapsed: 0.401288
(709/1150) loc: (15, 816, 2688)
Elapsed: 0.401221
(710/1150) loc: (15, 816, 2832)
Elapsed: 0.403066
(711/1150) loc: (15, 816, 2976)
Elapsed: 0.402389
(712/1150) loc: (15, 816, 3120)
Elapsed: 0.401536
(713/1150) loc: (15, 816, 3232)
Elapsed: 0.402309
(714/1150) loc: (15, 960, 96)
Elapsed: 0.412154
(715/1150) loc: (15, 960, 240)
Elapsed: 0.404829
(716/1150) loc: (15, 960, 384)
Elapsed: 0.399701
(717/1150) loc: (15, 960, 528)
Elapsed: 0.403448
(718/1150) loc: (15, 960, 672)
Elapsed: 0.406738
(719/1150) loc: (15, 960, 816)
Elapsed: 0.400424
(720/1150) loc: (15, 960, 960)
Elapsed: 0.404181
(721/1150) loc: (15, 960, 1104)
Elapsed: 0.401158
(722/1150) loc: (15, 960, 1248)
Elapsed: 0.402692
(723/1150) loc: (15, 960, 1392)
Elapsed: 0.399606
(724/1150) loc: (15, 960, 1536)
Elapsed: 0.404252
(725/1150) loc: (15, 960, 1680)
Elapsed: 0.400866
(726/1150) loc: (15, 960, 1824)
Elapsed: 0.403986
(727/1150) loc: (15, 960, 1968)
Elapsed: 0.403800
(728/1150) loc: (15, 960, 2112)
Elapsed: 0.400747
(729/1150) loc: (15, 960, 2256)
Elapsed: 0.405659
(730/1150) loc: (15, 960, 2400)
Elapsed: 0.400199
(731/1150) loc: (15, 960, 2544)
Elapsed: 0.401716
(732/1150) loc: (15, 960, 2688)
Elapsed: 0.401786
(733/1150) loc: (15, 960, 2832)
Elapsed: 0.402909
(734/1150) loc: (15, 960, 2976)
Elapsed: 0.401415
(735/1150) loc: (15, 960, 3120)
Elapsed: 0.401959
(736/1150) loc: (15, 960, 3232)
Elapsed: 0.400829
(737/1150) loc: (15, 1104, 96)
Elapsed: 0.410749
(738/1150) loc: (15, 1104, 240)
Elapsed: 0.403317
(739/1150) loc: (15, 1104, 384)
Elapsed: 0.400693
(740/1150) loc: (15, 1104, 528)
Elapsed: 0.404372
(741/1150) loc: (15, 1104, 672)
Elapsed: 0.403802
(742/1150) loc: (15, 1104, 816)
Elapsed: 0.400877
(743/1150) loc: (15, 1104, 960)
Elapsed: 0.404499
(744/1150) loc: (15, 1104, 1104)
Elapsed: 0.400561
(745/1150) loc: (15, 1104, 1248)
Elapsed: 0.404276
(746/1150) loc: (15, 1104, 1392)
Elapsed: 0.400909
(747/1150) loc: (15, 1104, 1536)
Elapsed: 0.403667
(748/1150) loc: (15, 1104, 1680)
Elapsed: 0.401221
(749/1150) loc: (15, 1104, 1824)
Elapsed: 0.404222
(750/1150) loc: (15, 1104, 1968)
Elapsed: 0.403243
(751/1150) loc: (15, 1104, 2112)
Elapsed: 0.402136
(752/1150) loc: (15, 1104, 2256)
Elapsed: 0.404134
(753/1150) loc: (15, 1104, 2400)
Elapsed: 0.400501
(754/1150) loc: (15, 1104, 2544)
Elapsed: 0.401669
(755/1150) loc: (15, 1104, 2688)
Elapsed: 0.400272
(756/1150) loc: (15, 1104, 2832)
Elapsed: 0.403606
(757/1150) loc: (15, 1104, 2976)
Elapsed: 0.401908
(758/1150) loc: (15, 1104, 3120)
Elapsed: 0.400858
(759/1150) loc: (15, 1104, 3232)
Elapsed: 0.402831
(760/1150) loc: (15, 1248, 96)
Elapsed: 0.410053
(761/1150) loc: (15, 1248, 240)
Elapsed: 0.403954
(762/1150) loc: (15, 1248, 384)
Elapsed: 0.401085
(763/1150) loc: (15, 1248, 528)
Elapsed: 0.403906
(764/1150) loc: (15, 1248, 672)
Elapsed: 0.403157
(765/1150) loc: (15, 1248, 816)
Elapsed: 0.400724
(766/1150) loc: (15, 1248, 960)
Elapsed: 0.403478
(767/1150) loc: (15, 1248, 1104)
Elapsed: 0.402005
(768/1150) loc: (15, 1248, 1248)
Elapsed: 0.403869
(769/1150) loc: (15, 1248, 1392)
Elapsed: 0.401687
(770/1150) loc: (15, 1248, 1536)
Elapsed: 0.403891
(771/1150) loc: (15, 1248, 1680)
Elapsed: 0.400389
(772/1150) loc: (15, 1248, 1824)
Elapsed: 0.404147
(773/1150) loc: (15, 1248, 1968)
Elapsed: 0.405003
(774/1150) loc: (15, 1248, 2112)
Elapsed: 0.401435
(775/1150) loc: (15, 1248, 2256)
Elapsed: 0.402936
(776/1150) loc: (15, 1248, 2400)
Elapsed: 0.400861
(777/1150) loc: (15, 1248, 2544)
Elapsed: 0.400991
(778/1150) loc: (15, 1248, 2688)
Elapsed: 0.400320
(779/1150) loc: (15, 1248, 2832)
Elapsed: 0.401562
(780/1150) loc: (15, 1248, 2976)
Elapsed: 0.401390
(781/1150) loc: (15, 1248, 3120)
Elapsed: 0.400878
(782/1150) loc: (15, 1248, 3232)
Elapsed: 0.401181
(783/1150) loc: (15, 1392, 96)
Elapsed: 0.411155
(784/1150) loc: (15, 1392, 240)
Elapsed: 0.403473
(785/1150) loc: (15, 1392, 384)
Elapsed: 0.400265
(786/1150) loc: (15, 1392, 528)
Elapsed: 0.405598
(787/1150) loc: (15, 1392, 672)
Elapsed: 0.403179
(788/1150) loc: (15, 1392, 816)
Elapsed: 0.400533
(789/1150) loc: (15, 1392, 960)
Elapsed: 0.404503
(790/1150) loc: (15, 1392, 1104)
Elapsed: 0.401713
(791/1150) loc: (15, 1392, 1248)
Elapsed: 0.403131
(792/1150) loc: (15, 1392, 1392)
Elapsed: 0.400906
(793/1150) loc: (15, 1392, 1536)
Elapsed: 0.403974
(794/1150) loc: (15, 1392, 1680)
Elapsed: 0.402096
(795/1150) loc: (15, 1392, 1824)
Elapsed: 0.409221
(796/1150) loc: (15, 1392, 1968)
Elapsed: 0.404326
(797/1150) loc: (15, 1392, 2112)
Elapsed: 0.401455
(798/1150) loc: (15, 1392, 2256)
Elapsed: 0.403849
(799/1150) loc: (15, 1392, 2400)
Elapsed: 0.401736
(800/1150) loc: (15, 1392, 2544)
Elapsed: 0.402151
(801/1150) loc: (15, 1392, 2688)
Elapsed: 0.401053
(802/1150) loc: (15, 1392, 2832)
Elapsed: 0.402059
(803/1150) loc: (15, 1392, 2976)
Elapsed: 0.401377
(804/1150) loc: (15, 1392, 3120)
Elapsed: 0.401384
(805/1150) loc: (15, 1392, 3232)
Elapsed: 0.400766
(806/1150) loc: (15, 1536, 96)
Elapsed: 0.410216
(807/1150) loc: (15, 1536, 240)
Elapsed: 0.405046
(808/1150) loc: (15, 1536, 384)
Elapsed: 0.402129
(809/1150) loc: (15, 1536, 528)
Elapsed: 0.404049
(810/1150) loc: (15, 1536, 672)
Elapsed: 0.404838
(811/1150) loc: (15, 1536, 816)
Elapsed: 0.399861
(812/1150) loc: (15, 1536, 960)
Elapsed: 0.405380
(813/1150) loc: (15, 1536, 1104)
Elapsed: 0.403186
(814/1150) loc: (15, 1536, 1248)
Elapsed: 0.404006
(815/1150) loc: (15, 1536, 1392)
Elapsed: 0.401655
(816/1150) loc: (15, 1536, 1536)
Elapsed: 0.404130
(817/1150) loc: (15, 1536, 1680)
Elapsed: 0.400286
(818/1150) loc: (15, 1536, 1824)
Elapsed: 0.405004
(819/1150) loc: (15, 1536, 1968)
Elapsed: 0.403678
(820/1150) loc: (15, 1536, 2112)
Elapsed: 0.401478
(821/1150) loc: (15, 1536, 2256)
Elapsed: 0.405698
(822/1150) loc: (15, 1536, 2400)
Elapsed: 0.401445
(823/1150) loc: (15, 1536, 2544)
Elapsed: 0.402486
(824/1150) loc: (15, 1536, 2688)
Elapsed: 0.401561
(825/1150) loc: (15, 1536, 2832)
Elapsed: 0.401466
(826/1150) loc: (15, 1536, 2976)
Elapsed: 0.401904
(827/1150) loc: (15, 1536, 3120)
Elapsed: 0.400221
(828/1150) loc: (15, 1536, 3232)
Elapsed: 0.401021
(829/1150) loc: (15, 1680, 96)
Elapsed: 0.410977
(830/1150) loc: (15, 1680, 240)
Elapsed: 0.404112
(831/1150) loc: (15, 1680, 384)
Elapsed: 0.400330
(832/1150) loc: (15, 1680, 528)
Elapsed: 0.403842
(833/1150) loc: (15, 1680, 672)
Elapsed: 0.403212
(834/1150) loc: (15, 1680, 816)
Elapsed: 0.401551
(835/1150) loc: (15, 1680, 960)
Elapsed: 0.404376
(836/1150) loc: (15, 1680, 1104)
Elapsed: 0.401441
(837/1150) loc: (15, 1680, 1248)
Elapsed: 0.403695
(838/1150) loc: (15, 1680, 1392)
Elapsed: 0.400258
(839/1150) loc: (15, 1680, 1536)
Elapsed: 0.404385
(840/1150) loc: (15, 1680, 1680)
Elapsed: 0.402141
(841/1150) loc: (15, 1680, 1824)
Elapsed: 0.403956
(842/1150) loc: (15, 1680, 1968)
Elapsed: 0.403451
(843/1150) loc: (15, 1680, 2112)
Elapsed: 0.401013
(844/1150) loc: (15, 1680, 2256)
Elapsed: 0.403772
(845/1150) loc: (15, 1680, 2400)
Elapsed: 0.400916
(846/1150) loc: (15, 1680, 2544)
Elapsed: 0.402730
(847/1150) loc: (15, 1680, 2688)
Elapsed: 0.402223
(848/1150) loc: (15, 1680, 2832)
Elapsed: 0.403480
(849/1150) loc: (15, 1680, 2976)
Elapsed: 0.402190
(850/1150) loc: (15, 1680, 3120)
Elapsed: 0.402379
(851/1150) loc: (15, 1680, 3232)
Elapsed: 0.401655
(852/1150) loc: (15, 1824, 96)
Elapsed: 0.410998
(853/1150) loc: (15, 1824, 240)
Elapsed: 0.404316
(854/1150) loc: (15, 1824, 384)
Elapsed: 0.402660
(855/1150) loc: (15, 1824, 528)
Elapsed: 0.403638
(856/1150) loc: (15, 1824, 672)
Elapsed: 0.404538
(857/1150) loc: (15, 1824, 816)
Elapsed: 0.400218
(858/1150) loc: (15, 1824, 960)
Elapsed: 0.404307
(859/1150) loc: (15, 1824, 1104)
Elapsed: 0.402760
(860/1150) loc: (15, 1824, 1248)
Elapsed: 0.405054
(861/1150) loc: (15, 1824, 1392)
Elapsed: 0.400580
(862/1150) loc: (15, 1824, 1536)
Elapsed: 0.403920
(863/1150) loc: (15, 1824, 1680)
Elapsed: 0.401396
(864/1150) loc: (15, 1824, 1824)
Elapsed: 0.404949
(865/1150) loc: (15, 1824, 1968)
Elapsed: 0.402813
(866/1150) loc: (15, 1824, 2112)
Elapsed: 0.401285
(867/1150) loc: (15, 1824, 2256)
Elapsed: 0.403552
(868/1150) loc: (15, 1824, 2400)
Elapsed: 0.401218
(869/1150) loc: (15, 1824, 2544)
Elapsed: 0.401856
(870/1150) loc: (15, 1824, 2688)
Elapsed: 0.402026
(871/1150) loc: (15, 1824, 2832)
Elapsed: 0.401320
(872/1150) loc: (15, 1824, 2976)
Elapsed: 0.400836
(873/1150) loc: (15, 1824, 3120)
Elapsed: 0.400966
(874/1150) loc: (15, 1824, 3232)
Elapsed: 0.401128
(875/1150) loc: (15, 1968, 96)
Elapsed: 0.410830
(876/1150) loc: (15, 1968, 240)
Elapsed: 0.403605
(877/1150) loc: (15, 1968, 384)
Elapsed: 0.400358
(878/1150) loc: (15, 1968, 528)
Elapsed: 0.405148
(879/1150) loc: (15, 1968, 672)
Elapsed: 0.402673
(880/1150) loc: (15, 1968, 816)
Elapsed: 0.402106
(881/1150) loc: (15, 1968, 960)
Elapsed: 0.405154
(882/1150) loc: (15, 1968, 1104)
Elapsed: 0.401351
(883/1150) loc: (15, 1968, 1248)
Elapsed: 0.404275
(884/1150) loc: (15, 1968, 1392)
Elapsed: 0.399895
(885/1150) loc: (15, 1968, 1536)
Elapsed: 0.402829
(886/1150) loc: (15, 1968, 1680)
Elapsed: 0.402141
(887/1150) loc: (15, 1968, 1824)
Elapsed: 0.404327
(888/1150) loc: (15, 1968, 1968)
Elapsed: 0.403065
(889/1150) loc: (15, 1968, 2112)
Elapsed: 0.401225
(890/1150) loc: (15, 1968, 2256)
Elapsed: 0.404059
(891/1150) loc: (15, 1968, 2400)
Elapsed: 0.401662
(892/1150) loc: (15, 1968, 2544)
Elapsed: 0.401083
(893/1150) loc: (15, 1968, 2688)
Elapsed: 0.400696
(894/1150) loc: (15, 1968, 2832)
Elapsed: 0.402449
(895/1150) loc: (15, 1968, 2976)
Elapsed: 0.401925
(896/1150) loc: (15, 1968, 3120)
Elapsed: 0.400358
(897/1150) loc: (15, 1968, 3232)
Elapsed: 0.401117
(898/1150) loc: (15, 2112, 96)
Elapsed: 0.411015
(899/1150) loc: (15, 2112, 240)
Elapsed: 0.404204
(900/1150) loc: (15, 2112, 384)
Elapsed: 0.400559
(901/1150) loc: (15, 2112, 528)
Elapsed: 0.404102
(902/1150) loc: (15, 2112, 672)
Elapsed: 0.403972
(903/1150) loc: (15, 2112, 816)
Elapsed: 0.400572
(904/1150) loc: (15, 2112, 960)
Elapsed: 0.404290
(905/1150) loc: (15, 2112, 1104)
Elapsed: 0.400924
(906/1150) loc: (15, 2112, 1248)
Elapsed: 0.403944
(907/1150) loc: (15, 2112, 1392)
Elapsed: 0.401042
(908/1150) loc: (15, 2112, 1536)
Elapsed: 0.404810
(909/1150) loc: (15, 2112, 1680)
Elapsed: 0.400908
(910/1150) loc: (15, 2112, 1824)
Elapsed: 0.403993
(911/1150) loc: (15, 2112, 1968)
Elapsed: 0.404406
(912/1150) loc: (15, 2112, 2112)
Elapsed: 0.400738
(913/1150) loc: (15, 2112, 2256)
Elapsed: 0.404279
(914/1150) loc: (15, 2112, 2400)
Elapsed: 0.401043
(915/1150) loc: (15, 2112, 2544)
Elapsed: 0.401135
(916/1150) loc: (15, 2112, 2688)
Elapsed: 0.401269
(917/1150) loc: (15, 2112, 2832)
Elapsed: 0.401252
(918/1150) loc: (15, 2112, 2976)
Elapsed: 0.401575
(919/1150) loc: (15, 2112, 3120)
Elapsed: 0.401417
(920/1150) loc: (15, 2112, 3232)
Elapsed: 0.400423
(921/1150) loc: (15, 2256, 96)
Elapsed: 0.411336
(922/1150) loc: (15, 2256, 240)
Elapsed: 0.404926
(923/1150) loc: (15, 2256, 384)
Elapsed: 0.400269
(924/1150) loc: (15, 2256, 528)
Elapsed: 0.404236
(925/1150) loc: (15, 2256, 672)
Elapsed: 0.403050
(926/1150) loc: (15, 2256, 816)
Elapsed: 0.401535
(927/1150) loc: (15, 2256, 960)
Elapsed: 0.403915
(928/1150) loc: (15, 2256, 1104)
Elapsed: 0.400977
(929/1150) loc: (15, 2256, 1248)
Elapsed: 0.403293
(930/1150) loc: (15, 2256, 1392)
Elapsed: 0.405810
(931/1150) loc: (15, 2256, 1536)
Elapsed: 0.403944
(932/1150) loc: (15, 2256, 1680)
Elapsed: 0.401959
(933/1150) loc: (15, 2256, 1824)
Elapsed: 0.404192
(934/1150) loc: (15, 2256, 1968)
Elapsed: 0.403687
(935/1150) loc: (15, 2256, 2112)
Elapsed: 0.401733
(936/1150) loc: (15, 2256, 2256)
Elapsed: 0.404443
(937/1150) loc: (15, 2256, 2400)
Elapsed: 0.401911
(938/1150) loc: (15, 2256, 2544)
Elapsed: 0.401243
(939/1150) loc: (15, 2256, 2688)
Elapsed: 0.400136
(940/1150) loc: (15, 2256, 2832)
Elapsed: 0.401797
(941/1150) loc: (15, 2256, 2976)
Elapsed: 0.400885
(942/1150) loc: (15, 2256, 3120)
Elapsed: 0.401864
(943/1150) loc: (15, 2256, 3232)
Elapsed: 0.400989
(944/1150) loc: (15, 2400, 96)
Elapsed: 0.411316
(945/1150) loc: (15, 2400, 240)
Elapsed: 0.402781
(946/1150) loc: (15, 2400, 384)
Elapsed: 0.400162
(947/1150) loc: (15, 2400, 528)
Elapsed: 0.404027
(948/1150) loc: (15, 2400, 672)
Elapsed: 0.406238
(949/1150) loc: (15, 2400, 816)
Elapsed: 0.400047
(950/1150) loc: (15, 2400, 960)
Elapsed: 0.404117
(951/1150) loc: (15, 2400, 1104)
Elapsed: 0.402165
(952/1150) loc: (15, 2400, 1248)
Elapsed: 0.403514
(953/1150) loc: (15, 2400, 1392)
Elapsed: 0.401158
(954/1150) loc: (15, 2400, 1536)
Elapsed: 0.404688
(955/1150) loc: (15, 2400, 1680)
Elapsed: 0.400431
(956/1150) loc: (15, 2400, 1824)
Elapsed: 0.403507
(957/1150) loc: (15, 2400, 1968)
Elapsed: 0.404956
(958/1150) loc: (15, 2400, 2112)
Elapsed: 0.400783
(959/1150) loc: (15, 2400, 2256)
Elapsed: 0.404150
(960/1150) loc: (15, 2400, 2400)
Elapsed: 0.401180
(961/1150) loc: (15, 2400, 2544)
Elapsed: 0.402078
(962/1150) loc: (15, 2400, 2688)
Elapsed: 0.401489
(963/1150) loc: (15, 2400, 2832)
Elapsed: 0.401911
(964/1150) loc: (15, 2400, 2976)
Elapsed: 0.403073
(965/1150) loc: (15, 2400, 3120)
Elapsed: 0.402210
(966/1150) loc: (15, 2400, 3232)
Elapsed: 0.401304
(967/1150) loc: (15, 2544, 96)
Elapsed: 0.411271
(968/1150) loc: (15, 2544, 240)
Elapsed: 0.404383
(969/1150) loc: (15, 2544, 384)
Elapsed: 0.399264
(970/1150) loc: (15, 2544, 528)
Elapsed: 0.404857
(971/1150) loc: (15, 2544, 672)
Elapsed: 0.403108
(972/1150) loc: (15, 2544, 816)
Elapsed: 0.401126
(973/1150) loc: (15, 2544, 960)
Elapsed: 0.403678
(974/1150) loc: (15, 2544, 1104)
Elapsed: 0.401318
(975/1150) loc: (15, 2544, 1248)
Elapsed: 0.404274
(976/1150) loc: (15, 2544, 1392)
Elapsed: 0.401278
(977/1150) loc: (15, 2544, 1536)
Elapsed: 0.404397
(978/1150) loc: (15, 2544, 1680)
Elapsed: 0.401125
(979/1150) loc: (15, 2544, 1824)
Elapsed: 0.404618
(980/1150) loc: (15, 2544, 1968)
Elapsed: 0.404497
(981/1150) loc: (15, 2544, 2112)
Elapsed: 0.401772
(982/1150) loc: (15, 2544, 2256)
Elapsed: 0.403945
(983/1150) loc: (15, 2544, 2400)
Elapsed: 0.400684
(984/1150) loc: (15, 2544, 2544)
Elapsed: 0.402528
(985/1150) loc: (15, 2544, 2688)
Elapsed: 0.400543
(986/1150) loc: (15, 2544, 2832)
Elapsed: 0.402945
(987/1150) loc: (15, 2544, 2976)
Elapsed: 0.401510
(988/1150) loc: (15, 2544, 3120)
Elapsed: 0.401273
(989/1150) loc: (15, 2544, 3232)
Elapsed: 0.400408
(990/1150) loc: (15, 2688, 96)
Elapsed: 0.409927
(991/1150) loc: (15, 2688, 240)
Elapsed: 0.403722
(992/1150) loc: (15, 2688, 384)
Elapsed: 0.399896
(993/1150) loc: (15, 2688, 528)
Elapsed: 0.404511
(994/1150) loc: (15, 2688, 672)
Elapsed: 0.405221
(995/1150) loc: (15, 2688, 816)
Elapsed: 0.401001
(996/1150) loc: (15, 2688, 960)
Elapsed: 0.403909
(997/1150) loc: (15, 2688, 1104)
Elapsed: 0.401187
(998/1150) loc: (15, 2688, 1248)
Elapsed: 0.404164
(999/1150) loc: (15, 2688, 1392)
Elapsed: 0.401899
(1000/1150) loc: (15, 2688, 1536)
Elapsed: 0.403266
(1001/1150) loc: (15, 2688, 1680)
Elapsed: 0.401057
(1002/1150) loc: (15, 2688, 1824)
Elapsed: 0.404948
(1003/1150) loc: (15, 2688, 1968)
Elapsed: 0.404918
(1004/1150) loc: (15, 2688, 2112)
Elapsed: 0.401553
(1005/1150) loc: (15, 2688, 2256)
Elapsed: 0.405163
(1006/1150) loc: (15, 2688, 2400)
Elapsed: 0.401827
(1007/1150) loc: (15, 2688, 2544)
Elapsed: 0.402702
(1008/1150) loc: (15, 2688, 2688)
Elapsed: 0.400026
(1009/1150) loc: (15, 2688, 2832)
Elapsed: 0.402910
(1010/1150) loc: (15, 2688, 2976)
Elapsed: 0.402304
(1011/1150) loc: (15, 2688, 3120)
Elapsed: 0.400212
(1012/1150) loc: (15, 2688, 3232)
Elapsed: 0.401123
(1013/1150) loc: (15, 2832, 96)
Elapsed: 0.409912
(1014/1150) loc: (15, 2832, 240)
Elapsed: 0.402751
(1015/1150) loc: (15, 2832, 384)
Elapsed: 0.400763
(1016/1150) loc: (15, 2832, 528)
Elapsed: 0.405191
(1017/1150) loc: (15, 2832, 672)
Elapsed: 0.402961
(1018/1150) loc: (15, 2832, 816)
Elapsed: 0.400735
(1019/1150) loc: (15, 2832, 960)
Elapsed: 0.403874
(1020/1150) loc: (15, 2832, 1104)
Elapsed: 0.401753
(1021/1150) loc: (15, 2832, 1248)
Elapsed: 0.404341
(1022/1150) loc: (15, 2832, 1392)
Elapsed: 0.401044
(1023/1150) loc: (15, 2832, 1536)
Elapsed: 0.403141
(1024/1150) loc: (15, 2832, 1680)
Elapsed: 0.401023
(1025/1150) loc: (15, 2832, 1824)
Elapsed: 0.404277
(1026/1150) loc: (15, 2832, 1968)
Elapsed: 0.405657
(1027/1150) loc: (15, 2832, 2112)
Elapsed: 0.400826
(1028/1150) loc: (15, 2832, 2256)
Elapsed: 0.403678
(1029/1150) loc: (15, 2832, 2400)
Elapsed: 0.401232
(1030/1150) loc: (15, 2832, 2544)
Elapsed: 0.401452
(1031/1150) loc: (15, 2832, 2688)
Elapsed: 0.401122
(1032/1150) loc: (15, 2832, 2832)
Elapsed: 0.403195
(1033/1150) loc: (15, 2832, 2976)
Elapsed: 0.402203
(1034/1150) loc: (15, 2832, 3120)
Elapsed: 0.400390
(1035/1150) loc: (15, 2832, 3232)
Elapsed: 0.400837
(1036/1150) loc: (15, 2976, 96)
Elapsed: 0.411828
(1037/1150) loc: (15, 2976, 240)
Elapsed: 0.403889
(1038/1150) loc: (15, 2976, 384)
Elapsed: 0.400179
(1039/1150) loc: (15, 2976, 528)
Elapsed: 0.403871
(1040/1150) loc: (15, 2976, 672)
Elapsed: 0.404527
(1041/1150) loc: (15, 2976, 816)
Elapsed: 0.402576
(1042/1150) loc: (15, 2976, 960)
Elapsed: 0.404993
(1043/1150) loc: (15, 2976, 1104)
Elapsed: 0.401071
(1044/1150) loc: (15, 2976, 1248)
Elapsed: 0.403766
(1045/1150) loc: (15, 2976, 1392)
Elapsed: 0.400835
(1046/1150) loc: (15, 2976, 1536)
Elapsed: 0.405136
(1047/1150) loc: (15, 2976, 1680)
Elapsed: 0.400225
(1048/1150) loc: (15, 2976, 1824)
Elapsed: 0.403949
(1049/1150) loc: (15, 2976, 1968)
Elapsed: 0.402625
(1050/1150) loc: (15, 2976, 2112)
Elapsed: 0.400921
(1051/1150) loc: (15, 2976, 2256)
Elapsed: 0.403088
(1052/1150) loc: (15, 2976, 2400)
Elapsed: 0.400818
(1053/1150) loc: (15, 2976, 2544)
Elapsed: 0.401235
(1054/1150) loc: (15, 2976, 2688)
Elapsed: 0.400966
(1055/1150) loc: (15, 2976, 2832)
Elapsed: 0.400744
(1056/1150) loc: (15, 2976, 2976)
Elapsed: 0.401320
(1057/1150) loc: (15, 2976, 3120)
Elapsed: 0.400914
(1058/1150) loc: (15, 2976, 3232)
Elapsed: 0.401522
(1059/1150) loc: (15, 3120, 96)
Elapsed: 0.410303
(1060/1150) loc: (15, 3120, 240)
Elapsed: 0.403928
(1061/1150) loc: (15, 3120, 384)
Elapsed: 0.401306
(1062/1150) loc: (15, 3120, 528)
Elapsed: 0.403350
(1063/1150) loc: (15, 3120, 672)
Elapsed: 0.404530
(1064/1150) loc: (15, 3120, 816)
Elapsed: 0.401714
(1065/1150) loc: (15, 3120, 960)
Elapsed: 0.409437
(1066/1150) loc: (15, 3120, 1104)
Elapsed: 0.402277
(1067/1150) loc: (15, 3120, 1248)
Elapsed: 0.403602
(1068/1150) loc: (15, 3120, 1392)
Elapsed: 0.401651
(1069/1150) loc: (15, 3120, 1536)
Elapsed: 0.403264
(1070/1150) loc: (15, 3120, 1680)
Elapsed: 0.401172
(1071/1150) loc: (15, 3120, 1824)
Elapsed: 0.404222
(1072/1150) loc: (15, 3120, 1968)
Elapsed: 0.403382
(1073/1150) loc: (15, 3120, 2112)
Elapsed: 0.401484
(1074/1150) loc: (15, 3120, 2256)
Elapsed: 0.404622
(1075/1150) loc: (15, 3120, 2400)
Elapsed: 0.401493
(1076/1150) loc: (15, 3120, 2544)
Elapsed: 0.402097
(1077/1150) loc: (15, 3120, 2688)
Elapsed: 0.403470
(1078/1150) loc: (15, 3120, 2832)
Elapsed: 0.401882
(1079/1150) loc: (15, 3120, 2976)
Elapsed: 0.400500
(1080/1150) loc: (15, 3120, 3120)
Elapsed: 0.401324
(1081/1150) loc: (15, 3120, 3232)
Elapsed: 0.400689
(1082/1150) loc: (15, 3264, 96)
Elapsed: 0.410736
(1083/1150) loc: (15, 3264, 240)
Elapsed: 0.404637
(1084/1150) loc: (15, 3264, 384)
Elapsed: 0.401493
(1085/1150) loc: (15, 3264, 528)
Elapsed: 0.403608
(1086/1150) loc: (15, 3264, 672)
Elapsed: 0.404256
(1087/1150) loc: (15, 3264, 816)
Elapsed: 0.399783
(1088/1150) loc: (15, 3264, 960)
Elapsed: 0.404473
(1089/1150) loc: (15, 3264, 1104)
Elapsed: 0.401100
(1090/1150) loc: (15, 3264, 1248)
Elapsed: 0.403552
(1091/1150) loc: (15, 3264, 1392)
Elapsed: 0.401091
(1092/1150) loc: (15, 3264, 1536)
Elapsed: 0.404044
(1093/1150) loc: (15, 3264, 1680)
Elapsed: 0.403550
(1094/1150) loc: (15, 3264, 1824)
Elapsed: 0.405121
(1095/1150) loc: (15, 3264, 1968)
Elapsed: 0.404278
(1096/1150) loc: (15, 3264, 2112)
Elapsed: 0.401246
(1097/1150) loc: (15, 3264, 2256)
Elapsed: 0.402920
(1098/1150) loc: (15, 3264, 2400)
Elapsed: 0.400957
(1099/1150) loc: (15, 3264, 2544)
Elapsed: 0.402385
(1100/1150) loc: (15, 3264, 2688)
Elapsed: 0.400286
(1101/1150) loc: (15, 3264, 2832)
Elapsed: 0.401382
(1102/1150) loc: (15, 3264, 2976)
Elapsed: 0.402663
(1103/1150) loc: (15, 3264, 3120)
Elapsed: 0.399497
(1104/1150) loc: (15, 3264, 3232)
Elapsed: 0.401357
(1105/1150) loc: (15, 3408, 96)
Elapsed: 0.410916
(1106/1150) loc: (15, 3408, 240)
Elapsed: 0.403331
(1107/1150) loc: (15, 3408, 384)
Elapsed: 0.400661
(1108/1150) loc: (15, 3408, 528)
Elapsed: 0.404856
(1109/1150) loc: (15, 3408, 672)
Elapsed: 0.403584
(1110/1150) loc: (15, 3408, 816)
Elapsed: 0.401866
(1111/1150) loc: (15, 3408, 960)
Elapsed: 0.404611
(1112/1150) loc: (15, 3408, 1104)
Elapsed: 0.399951
(1113/1150) loc: (15, 3408, 1248)
Elapsed: 0.405276
(1114/1150) loc: (15, 3408, 1392)
Elapsed: 0.401663
(1115/1150) loc: (15, 3408, 1536)
Elapsed: 0.403496
(1116/1150) loc: (15, 3408, 1680)
Elapsed: 0.401331
(1117/1150) loc: (15, 3408, 1824)
Elapsed: 0.403857
(1118/1150) loc: (15, 3408, 1968)
Elapsed: 0.403742
(1119/1150) loc: (15, 3408, 2112)
Elapsed: 0.400833
(1120/1150) loc: (15, 3408, 2256)
Elapsed: 0.404293
(1121/1150) loc: (15, 3408, 2400)
Elapsed: 0.400734
(1122/1150) loc: (15, 3408, 2544)
Elapsed: 0.402115
(1123/1150) loc: (15, 3408, 2688)
Elapsed: 0.400453
(1124/1150) loc: (15, 3408, 2832)
Elapsed: 0.402441
(1125/1150) loc: (15, 3408, 2976)
Elapsed: 0.402285
(1126/1150) loc: (15, 3408, 3120)
Elapsed: 0.400256
(1127/1150) loc: (15, 3408, 3232)
Elapsed: 0.400821
(1128/1150) loc: (15, 3422, 96)
Elapsed: 0.403890
(1129/1150) loc: (15, 3422, 240)
Elapsed: 0.401278
(1130/1150) loc: (15, 3422, 384)
Elapsed: 0.399434
(1131/1150) loc: (15, 3422, 528)
Elapsed: 0.401343
(1132/1150) loc: (15, 3422, 672)
Elapsed: 0.401084
(1133/1150) loc: (15, 3422, 816)
Elapsed: 0.399599
(1134/1150) loc: (15, 3422, 960)
Elapsed: 0.403179
(1135/1150) loc: (15, 3422, 1104)
Elapsed: 0.400799
(1136/1150) loc: (15, 3422, 1248)
Elapsed: 0.401277
(1137/1150) loc: (15, 3422, 1392)
Elapsed: 0.399764
(1138/1150) loc: (15, 3422, 1536)
Elapsed: 0.401405
(1139/1150) loc: (15, 3422, 1680)
Elapsed: 0.399339
(1140/1150) loc: (15, 3422, 1824)
Elapsed: 0.402549
(1141/1150) loc: (15, 3422, 1968)
Elapsed: 0.401617
(1142/1150) loc: (15, 3422, 2112)
Elapsed: 0.400245
(1143/1150) loc: (15, 3422, 2256)
Elapsed: 0.401247
(1144/1150) loc: (15, 3422, 2400)
Elapsed: 0.400097
(1145/1150) loc: (15, 3422, 2544)
Elapsed: 0.401793
(1146/1150) loc: (15, 3422, 2688)
Elapsed: 0.400778
(1147/1150) loc: (15, 3422, 2832)
Elapsed: 0.401216
(1148/1150) loc: (15, 3422, 2976)
Elapsed: 0.401507
(1149/1150) loc: (15, 3422, 3120)
Elapsed: 0.401343
(1150/1150) loc: (15, 3422, 3232)
Elapsed: 0.401904
\patch 79: 8.6 min
