Array Index: 76
running inference on: 
20170212_tp_bl6_crii_rlat_04
(1/1242) loc: (10, 96, 96)
Elapsed: 0.421845
(2/1242) loc: (10, 96, 240)
Elapsed: 0.398309
(3/1242) loc: (10, 96, 384)
Elapsed: 0.396158
(4/1242) loc: (10, 96, 528)
Elapsed: 0.398265
(5/1242) loc: (10, 96, 672)
Elapsed: 0.398712
(6/1242) loc: (10, 96, 816)
Elapsed: 0.396600
(7/1242) loc: (10, 96, 960)
Elapsed: 0.398846
(8/1242) loc: (10, 96, 1104)
Elapsed: 0.396335
(9/1242) loc: (10, 96, 1248)
Elapsed: 0.399020
(10/1242) loc: (10, 96, 1392)
Elapsed: 0.396430
(11/1242) loc: (10, 96, 1536)
Elapsed: 0.399039
(12/1242) loc: (10, 96, 1680)
Elapsed: 0.396435
(13/1242) loc: (10, 96, 1824)
Elapsed: 0.398915
(14/1242) loc: (10, 96, 1968)
Elapsed: 0.400668
(15/1242) loc: (10, 96, 2112)
Elapsed: 0.396188
(16/1242) loc: (10, 96, 2256)
Elapsed: 0.399713
(17/1242) loc: (10, 96, 2400)
Elapsed: 0.396662
(18/1242) loc: (10, 96, 2544)
Elapsed: 0.400548
(19/1242) loc: (10, 96, 2688)
Elapsed: 0.396314
(20/1242) loc: (10, 96, 2832)
Elapsed: 0.399136
(21/1242) loc: (10, 96, 2976)
Elapsed: 0.398749
(22/1242) loc: (10, 96, 3120)
Elapsed: 0.396787
(23/1242) loc: (10, 96, 3232)
Elapsed: 0.397376
(24/1242) loc: (10, 240, 96)
Elapsed: 0.406298
(25/1242) loc: (10, 240, 240)
Elapsed: 0.399361
(26/1242) loc: (10, 240, 384)
Elapsed: 0.399856
(27/1242) loc: (10, 240, 528)
Elapsed: 0.400357
(28/1242) loc: (10, 240, 672)
Elapsed: 0.399868
(29/1242) loc: (10, 240, 816)
Elapsed: 0.398439
(30/1242) loc: (10, 240, 960)
Elapsed: 0.402158
(31/1242) loc: (10, 240, 1104)
Elapsed: 0.396242
(32/1242) loc: (10, 240, 1248)
Elapsed: 0.399276
(33/1242) loc: (10, 240, 1392)
Elapsed: 0.396451
(34/1242) loc: (10, 240, 1536)
Elapsed: 0.399697
(35/1242) loc: (10, 240, 1680)
Elapsed: 0.396917
(36/1242) loc: (10, 240, 1824)
Elapsed: 0.401963
(37/1242) loc: (10, 240, 1968)
Elapsed: 0.400103
(38/1242) loc: (10, 240, 2112)
Elapsed: 0.397166
(39/1242) loc: (10, 240, 2256)
Elapsed: 0.399529
(40/1242) loc: (10, 240, 2400)
Elapsed: 0.396972
(41/1242) loc: (10, 240, 2544)
Elapsed: 0.397752
(42/1242) loc: (10, 240, 2688)
Elapsed: 0.401506
(43/1242) loc: (10, 240, 2832)
Elapsed: 0.397647
(44/1242) loc: (10, 240, 2976)
Elapsed: 0.397371
(45/1242) loc: (10, 240, 3120)
Elapsed: 0.396938
(46/1242) loc: (10, 240, 3232)
Elapsed: 0.399484
(47/1242) loc: (10, 384, 96)
Elapsed: 0.406112
(48/1242) loc: (10, 384, 240)
Elapsed: 0.401360
(49/1242) loc: (10, 384, 384)
Elapsed: 0.396032
(50/1242) loc: (10, 384, 528)
Elapsed: 0.398863
(51/1242) loc: (10, 384, 672)
Elapsed: 0.400799
(52/1242) loc: (10, 384, 816)
Elapsed: 0.396694
(53/1242) loc: (10, 384, 960)
Elapsed: 0.399997
(54/1242) loc: (10, 384, 1104)
Elapsed: 0.397830
(55/1242) loc: (10, 384, 1248)
Elapsed: 0.400046
(56/1242) loc: (10, 384, 1392)
Elapsed: 0.397475
(57/1242) loc: (10, 384, 1536)
Elapsed: 0.399832
(58/1242) loc: (10, 384, 1680)
Elapsed: 0.396143
(59/1242) loc: (10, 384, 1824)
Elapsed: 0.399482
(60/1242) loc: (10, 384, 1968)
Elapsed: 0.399802
(61/1242) loc: (10, 384, 2112)
Elapsed: 0.396483
(62/1242) loc: (10, 384, 2256)
Elapsed: 0.399546
(63/1242) loc: (10, 384, 2400)
Elapsed: 0.397786
(64/1242) loc: (10, 384, 2544)
Elapsed: 0.397156
(65/1242) loc: (10, 384, 2688)
Elapsed: 0.395709
(66/1242) loc: (10, 384, 2832)
Elapsed: 0.398001
(67/1242) loc: (10, 384, 2976)
Elapsed: 0.397102
(68/1242) loc: (10, 384, 3120)
Elapsed: 0.396588
(69/1242) loc: (10, 384, 3232)
Elapsed: 0.398259
(70/1242) loc: (10, 528, 96)
Elapsed: 0.406097
(71/1242) loc: (10, 528, 240)
Elapsed: 0.399288
(72/1242) loc: (10, 528, 384)
Elapsed: 0.397027
(73/1242) loc: (10, 528, 528)
Elapsed: 0.400331
(74/1242) loc: (10, 528, 672)
Elapsed: 0.401788
(75/1242) loc: (10, 528, 816)
Elapsed: 0.396839
(76/1242) loc: (10, 528, 960)
Elapsed: 0.400096
(77/1242) loc: (10, 528, 1104)
Elapsed: 0.397063
(78/1242) loc: (10, 528, 1248)
Elapsed: 0.400279
(79/1242) loc: (10, 528, 1392)
Elapsed: 0.397176
(80/1242) loc: (10, 528, 1536)
Elapsed: 0.399957
(81/1242) loc: (10, 528, 1680)
Elapsed: 0.396909
(82/1242) loc: (10, 528, 1824)
Elapsed: 0.399739
(83/1242) loc: (10, 528, 1968)
Elapsed: 0.399434
(84/1242) loc: (10, 528, 2112)
Elapsed: 0.397778
(85/1242) loc: (10, 528, 2256)
Elapsed: 0.400361
(86/1242) loc: (10, 528, 2400)
Elapsed: 0.396748
(87/1242) loc: (10, 528, 2544)
Elapsed: 0.399804
(88/1242) loc: (10, 528, 2688)
Elapsed: 0.397065
(89/1242) loc: (10, 528, 2832)
Elapsed: 0.398366
(90/1242) loc: (10, 528, 2976)
Elapsed: 0.398174
(91/1242) loc: (10, 528, 3120)
Elapsed: 0.398230
(92/1242) loc: (10, 528, 3232)
Elapsed: 0.398585
(93/1242) loc: (10, 672, 96)
Elapsed: 0.405827
(94/1242) loc: (10, 672, 240)
Elapsed: 0.400198
(95/1242) loc: (10, 672, 384)
Elapsed: 0.396654
(96/1242) loc: (10, 672, 528)
Elapsed: 0.400696
(97/1242) loc: (10, 672, 672)
Elapsed: 0.400632
(98/1242) loc: (10, 672, 816)
Elapsed: 0.397352
(99/1242) loc: (10, 672, 960)
Elapsed: 0.400265
(100/1242) loc: (10, 672, 1104)
Elapsed: 0.396245
(101/1242) loc: (10, 672, 1248)
Elapsed: 0.400739
(102/1242) loc: (10, 672, 1392)
Elapsed: 0.397396
(103/1242) loc: (10, 672, 1536)
Elapsed: 0.402080
(104/1242) loc: (10, 672, 1680)
Elapsed: 0.397535
(105/1242) loc: (10, 672, 1824)
Elapsed: 0.399420
(106/1242) loc: (10, 672, 1968)
Elapsed: 0.399774
(107/1242) loc: (10, 672, 2112)
Elapsed: 0.396265
(108/1242) loc: (10, 672, 2256)
Elapsed: 0.398604
(109/1242) loc: (10, 672, 2400)
Elapsed: 0.396563
(110/1242) loc: (10, 672, 2544)
Elapsed: 0.398031
(111/1242) loc: (10, 672, 2688)
Elapsed: 0.397033
(112/1242) loc: (10, 672, 2832)
Elapsed: 0.396966
(113/1242) loc: (10, 672, 2976)
Elapsed: 0.397012
(114/1242) loc: (10, 672, 3120)
Elapsed: 0.397256
(115/1242) loc: (10, 672, 3232)
Elapsed: 0.396680
(116/1242) loc: (10, 816, 96)
Elapsed: 0.406039
(117/1242) loc: (10, 816, 240)
Elapsed: 0.399365
(118/1242) loc: (10, 816, 384)
Elapsed: 0.401957
(119/1242) loc: (10, 816, 528)
Elapsed: 0.398466
(120/1242) loc: (10, 816, 672)
Elapsed: 0.398948
(121/1242) loc: (10, 816, 816)
Elapsed: 0.396697
(122/1242) loc: (10, 816, 960)
Elapsed: 0.399815
(123/1242) loc: (10, 816, 1104)
Elapsed: 0.398311
(124/1242) loc: (10, 816, 1248)
Elapsed: 0.400794
(125/1242) loc: (10, 816, 1392)
Elapsed: 0.396487
(126/1242) loc: (10, 816, 1536)
Elapsed: 0.399818
(127/1242) loc: (10, 816, 1680)
Elapsed: 0.396364
(128/1242) loc: (10, 816, 1824)
Elapsed: 0.400409
(129/1242) loc: (10, 816, 1968)
Elapsed: 0.400317
(130/1242) loc: (10, 816, 2112)
Elapsed: 0.397306
(131/1242) loc: (10, 816, 2256)
Elapsed: 0.399197
(132/1242) loc: (10, 816, 2400)
Elapsed: 0.396815
(133/1242) loc: (10, 816, 2544)
Elapsed: 0.397235
(134/1242) loc: (10, 816, 2688)
Elapsed: 0.395932
(135/1242) loc: (10, 816, 2832)
Elapsed: 0.397032
(136/1242) loc: (10, 816, 2976)
Elapsed: 0.399705
(137/1242) loc: (10, 816, 3120)
Elapsed: 0.397467
(138/1242) loc: (10, 816, 3232)
Elapsed: 0.397743
(139/1242) loc: (10, 960, 96)
Elapsed: 0.406455
(140/1242) loc: (10, 960, 240)
Elapsed: 0.399646
(141/1242) loc: (10, 960, 384)
Elapsed: 0.396117
(142/1242) loc: (10, 960, 528)
Elapsed: 0.400670
(143/1242) loc: (10, 960, 672)
Elapsed: 0.401938
(144/1242) loc: (10, 960, 816)
Elapsed: 0.397481
(145/1242) loc: (10, 960, 960)
Elapsed: 0.400719
(146/1242) loc: (10, 960, 1104)
Elapsed: 0.396308
(147/1242) loc: (10, 960, 1248)
Elapsed: 0.399410
(148/1242) loc: (10, 960, 1392)
Elapsed: 0.397244
(149/1242) loc: (10, 960, 1536)
Elapsed: 0.398988
(150/1242) loc: (10, 960, 1680)
Elapsed: 0.396241
(151/1242) loc: (10, 960, 1824)
Elapsed: 0.399665
(152/1242) loc: (10, 960, 1968)
Elapsed: 0.399344
(153/1242) loc: (10, 960, 2112)
Elapsed: 0.396694
(154/1242) loc: (10, 960, 2256)
Elapsed: 0.400127
(155/1242) loc: (10, 960, 2400)
Elapsed: 0.396667
(156/1242) loc: (10, 960, 2544)
Elapsed: 0.396718
(157/1242) loc: (10, 960, 2688)
Elapsed: 0.396851
(158/1242) loc: (10, 960, 2832)
Elapsed: 0.397747
(159/1242) loc: (10, 960, 2976)
Elapsed: 0.398044
(160/1242) loc: (10, 960, 3120)
Elapsed: 0.399485
(161/1242) loc: (10, 960, 3232)
Elapsed: 0.398808
(162/1242) loc: (10, 1104, 96)
Elapsed: 0.406479
(163/1242) loc: (10, 1104, 240)
Elapsed: 0.399648
(164/1242) loc: (10, 1104, 384)
Elapsed: 0.398333
(165/1242) loc: (10, 1104, 528)
Elapsed: 0.400244
(166/1242) loc: (10, 1104, 672)
Elapsed: 0.399896
(167/1242) loc: (10, 1104, 816)
Elapsed: 0.396378
(168/1242) loc: (10, 1104, 960)
Elapsed: 0.399271
(169/1242) loc: (10, 1104, 1104)
Elapsed: 0.396988
(170/1242) loc: (10, 1104, 1248)
Elapsed: 0.398827
(171/1242) loc: (10, 1104, 1392)
Elapsed: 0.397192
(172/1242) loc: (10, 1104, 1536)
Elapsed: 0.400174
(173/1242) loc: (10, 1104, 1680)
Elapsed: 0.395473
(174/1242) loc: (10, 1104, 1824)
Elapsed: 0.399206
(175/1242) loc: (10, 1104, 1968)
Elapsed: 0.401527
(176/1242) loc: (10, 1104, 2112)
Elapsed: 0.396336
(177/1242) loc: (10, 1104, 2256)
Elapsed: 0.399945
(178/1242) loc: (10, 1104, 2400)
Elapsed: 0.397044
(179/1242) loc: (10, 1104, 2544)
Elapsed: 0.397864
(180/1242) loc: (10, 1104, 2688)
Elapsed: 0.396598
(181/1242) loc: (10, 1104, 2832)
Elapsed: 0.396233
(182/1242) loc: (10, 1104, 2976)
Elapsed: 0.396210
(183/1242) loc: (10, 1104, 3120)
Elapsed: 0.398754
(184/1242) loc: (10, 1104, 3232)
Elapsed: 0.398365
(185/1242) loc: (10, 1248, 96)
Elapsed: 0.406044
(186/1242) loc: (10, 1248, 240)
Elapsed: 0.400172
(187/1242) loc: (10, 1248, 384)
Elapsed: 0.396101
(188/1242) loc: (10, 1248, 528)
Elapsed: 0.400451
(189/1242) loc: (10, 1248, 672)
Elapsed: 0.399674
(190/1242) loc: (10, 1248, 816)
Elapsed: 0.396771
(191/1242) loc: (10, 1248, 960)
Elapsed: 0.400769
(192/1242) loc: (10, 1248, 1104)
Elapsed: 0.397128
(193/1242) loc: (10, 1248, 1248)
Elapsed: 0.400973
(194/1242) loc: (10, 1248, 1392)
Elapsed: 0.396456
(195/1242) loc: (10, 1248, 1536)
Elapsed: 0.399822
(196/1242) loc: (10, 1248, 1680)
Elapsed: 0.396797
(197/1242) loc: (10, 1248, 1824)
Elapsed: 0.399806
(198/1242) loc: (10, 1248, 1968)
Elapsed: 0.400017
(199/1242) loc: (10, 1248, 2112)
Elapsed: 0.397298
(200/1242) loc: (10, 1248, 2256)
Elapsed: 0.399245
(201/1242) loc: (10, 1248, 2400)
Elapsed: 0.397281
(202/1242) loc: (10, 1248, 2544)
Elapsed: 0.397446
(203/1242) loc: (10, 1248, 2688)
Elapsed: 0.396958
(204/1242) loc: (10, 1248, 2832)
Elapsed: 0.396937
(205/1242) loc: (10, 1248, 2976)
Elapsed: 0.398199
(206/1242) loc: (10, 1248, 3120)
Elapsed: 0.396329
(207/1242) loc: (10, 1248, 3232)
Elapsed: 0.397578
(208/1242) loc: (10, 1392, 96)
Elapsed: 0.405767
(209/1242) loc: (10, 1392, 240)
Elapsed: 0.398358
(210/1242) loc: (10, 1392, 384)
Elapsed: 0.396518
(211/1242) loc: (10, 1392, 528)
Elapsed: 0.400343
(212/1242) loc: (10, 1392, 672)
Elapsed: 0.400275
(213/1242) loc: (10, 1392, 816)
Elapsed: 0.396074
(214/1242) loc: (10, 1392, 960)
Elapsed: 0.401858
(215/1242) loc: (10, 1392, 1104)
Elapsed: 0.396359
(216/1242) loc: (10, 1392, 1248)
Elapsed: 0.399416
(217/1242) loc: (10, 1392, 1392)
Elapsed: 0.396518
(218/1242) loc: (10, 1392, 1536)
Elapsed: 0.400569
(219/1242) loc: (10, 1392, 1680)
Elapsed: 0.397140
(220/1242) loc: (10, 1392, 1824)
Elapsed: 0.400850
(221/1242) loc: (10, 1392, 1968)
Elapsed: 0.399211
(222/1242) loc: (10, 1392, 2112)
Elapsed: 0.396728
(223/1242) loc: (10, 1392, 2256)
Elapsed: 0.399408
(224/1242) loc: (10, 1392, 2400)
Elapsed: 0.397669
(225/1242) loc: (10, 1392, 2544)
Elapsed: 0.397680
(226/1242) loc: (10, 1392, 2688)
Elapsed: 0.397028
(227/1242) loc: (10, 1392, 2832)
Elapsed: 0.396749
(228/1242) loc: (10, 1392, 2976)
Elapsed: 0.396765
(229/1242) loc: (10, 1392, 3120)
Elapsed: 0.396633
(230/1242) loc: (10, 1392, 3232)
Elapsed: 0.397319
(231/1242) loc: (10, 1536, 96)
Elapsed: 0.406444
(232/1242) loc: (10, 1536, 240)
Elapsed: 0.400708
(233/1242) loc: (10, 1536, 384)
Elapsed: 0.395849
(234/1242) loc: (10, 1536, 528)
Elapsed: 0.399927
(235/1242) loc: (10, 1536, 672)
Elapsed: 0.400203
(236/1242) loc: (10, 1536, 816)
Elapsed: 0.398062
(237/1242) loc: (10, 1536, 960)
Elapsed: 0.400432
(238/1242) loc: (10, 1536, 1104)
Elapsed: 0.395907
(239/1242) loc: (10, 1536, 1248)
Elapsed: 0.400390
(240/1242) loc: (10, 1536, 1392)
Elapsed: 0.396821
(241/1242) loc: (10, 1536, 1536)
Elapsed: 0.399852
(242/1242) loc: (10, 1536, 1680)
Elapsed: 0.401696
(243/1242) loc: (10, 1536, 1824)
Elapsed: 0.399354
(244/1242) loc: (10, 1536, 1968)
Elapsed: 0.399880
(245/1242) loc: (10, 1536, 2112)
Elapsed: 0.396176
(246/1242) loc: (10, 1536, 2256)
Elapsed: 0.399387
(247/1242) loc: (10, 1536, 2400)
Elapsed: 0.397167
(248/1242) loc: (10, 1536, 2544)
Elapsed: 0.396776
(249/1242) loc: (10, 1536, 2688)
Elapsed: 0.396342
(250/1242) loc: (10, 1536, 2832)
Elapsed: 0.398410
(251/1242) loc: (10, 1536, 2976)
Elapsed: 0.396425
(252/1242) loc: (10, 1536, 3120)
Elapsed: 0.396866
(253/1242) loc: (10, 1536, 3232)
Elapsed: 0.397383
(254/1242) loc: (10, 1680, 96)
Elapsed: 0.407113
(255/1242) loc: (10, 1680, 240)
Elapsed: 0.399904
(256/1242) loc: (10, 1680, 384)
Elapsed: 0.396750
(257/1242) loc: (10, 1680, 528)
Elapsed: 0.400180
(258/1242) loc: (10, 1680, 672)
Elapsed: 0.400984
(259/1242) loc: (10, 1680, 816)
Elapsed: 0.396528
(260/1242) loc: (10, 1680, 960)
Elapsed: 0.401533
(261/1242) loc: (10, 1680, 1104)
Elapsed: 0.397691
(262/1242) loc: (10, 1680, 1248)
Elapsed: 0.399365
(263/1242) loc: (10, 1680, 1392)
Elapsed: 0.396958
(264/1242) loc: (10, 1680, 1536)
Elapsed: 0.400528
(265/1242) loc: (10, 1680, 1680)
Elapsed: 0.397778
(266/1242) loc: (10, 1680, 1824)
Elapsed: 0.401099
(267/1242) loc: (10, 1680, 1968)
Elapsed: 0.400010
(268/1242) loc: (10, 1680, 2112)
Elapsed: 0.396611
(269/1242) loc: (10, 1680, 2256)
Elapsed: 0.399074
(270/1242) loc: (10, 1680, 2400)
Elapsed: 0.397467
(271/1242) loc: (10, 1680, 2544)
Elapsed: 0.396800
(272/1242) loc: (10, 1680, 2688)
Elapsed: 0.397050
(273/1242) loc: (10, 1680, 2832)
Elapsed: 0.396835
(274/1242) loc: (10, 1680, 2976)
Elapsed: 0.396404
(275/1242) loc: (10, 1680, 3120)
Elapsed: 0.395908
(276/1242) loc: (10, 1680, 3232)
Elapsed: 0.398168
(277/1242) loc: (10, 1824, 96)
Elapsed: 0.406635
(278/1242) loc: (10, 1824, 240)
Elapsed: 0.399903
(279/1242) loc: (10, 1824, 384)
Elapsed: 0.396557
(280/1242) loc: (10, 1824, 528)
Elapsed: 0.400708
(281/1242) loc: (10, 1824, 672)
Elapsed: 0.399889
(282/1242) loc: (10, 1824, 816)
Elapsed: 0.396562
(283/1242) loc: (10, 1824, 960)
Elapsed: 0.399673
(284/1242) loc: (10, 1824, 1104)
Elapsed: 0.397736
(285/1242) loc: (10, 1824, 1248)
Elapsed: 0.399136
(286/1242) loc: (10, 1824, 1392)
Elapsed: 0.396533
(287/1242) loc: (10, 1824, 1536)
Elapsed: 0.400095
(288/1242) loc: (10, 1824, 1680)
Elapsed: 0.396191
(289/1242) loc: (10, 1824, 1824)
Elapsed: 0.399796
(290/1242) loc: (10, 1824, 1968)
Elapsed: 0.400856
(291/1242) loc: (10, 1824, 2112)
Elapsed: 0.396944
(292/1242) loc: (10, 1824, 2256)
Elapsed: 0.399637
(293/1242) loc: (10, 1824, 2400)
Elapsed: 0.396545
(294/1242) loc: (10, 1824, 2544)
Elapsed: 0.396741
(295/1242) loc: (10, 1824, 2688)
Elapsed: 0.397812
(296/1242) loc: (10, 1824, 2832)
Elapsed: 0.399233
(297/1242) loc: (10, 1824, 2976)
Elapsed: 0.396954
(298/1242) loc: (10, 1824, 3120)
Elapsed: 0.397141
(299/1242) loc: (10, 1824, 3232)
Elapsed: 0.398508
(300/1242) loc: (10, 1968, 96)
Elapsed: 0.408248
(301/1242) loc: (10, 1968, 240)
Elapsed: 0.399349
(302/1242) loc: (10, 1968, 384)
Elapsed: 0.397024
(303/1242) loc: (10, 1968, 528)
Elapsed: 0.400268
(304/1242) loc: (10, 1968, 672)
Elapsed: 0.399455
(305/1242) loc: (10, 1968, 816)
Elapsed: 0.396607
(306/1242) loc: (10, 1968, 960)
Elapsed: 0.400505
(307/1242) loc: (10, 1968, 1104)
Elapsed: 0.395994
(308/1242) loc: (10, 1968, 1248)
Elapsed: 0.398971
(309/1242) loc: (10, 1968, 1392)
Elapsed: 0.396991
(310/1242) loc: (10, 1968, 1536)
Elapsed: 0.400077
(311/1242) loc: (10, 1968, 1680)
Elapsed: 0.397905
(312/1242) loc: (10, 1968, 1824)
Elapsed: 0.400544
(313/1242) loc: (10, 1968, 1968)
Elapsed: 0.400197
(314/1242) loc: (10, 1968, 2112)
Elapsed: 0.396499
(315/1242) loc: (10, 1968, 2256)
Elapsed: 0.399732
(316/1242) loc: (10, 1968, 2400)
Elapsed: 0.396155
(317/1242) loc: (10, 1968, 2544)
Elapsed: 0.397844
(318/1242) loc: (10, 1968, 2688)
Elapsed: 0.397119
(319/1242) loc: (10, 1968, 2832)
Elapsed: 0.396988
(320/1242) loc: (10, 1968, 2976)
Elapsed: 0.397321
(321/1242) loc: (10, 1968, 3120)
Elapsed: 0.396852
(322/1242) loc: (10, 1968, 3232)
Elapsed: 0.398612
(323/1242) loc: (10, 2112, 96)
Elapsed: 0.407463
(324/1242) loc: (10, 2112, 240)
Elapsed: 0.400569
(325/1242) loc: (10, 2112, 384)
Elapsed: 0.397202
(326/1242) loc: (10, 2112, 528)
Elapsed: 0.400288
(327/1242) loc: (10, 2112, 672)
Elapsed: 0.399834
(328/1242) loc: (10, 2112, 816)
Elapsed: 0.397395
(329/1242) loc: (10, 2112, 960)
Elapsed: 0.400282
(330/1242) loc: (10, 2112, 1104)
Elapsed: 0.397480
(331/1242) loc: (10, 2112, 1248)
Elapsed: 0.399919
(332/1242) loc: (10, 2112, 1392)
Elapsed: 0.397138
(333/1242) loc: (10, 2112, 1536)
Elapsed: 0.400136
(334/1242) loc: (10, 2112, 1680)
Elapsed: 0.396208
(335/1242) loc: (10, 2112, 1824)
Elapsed: 0.399593
(336/1242) loc: (10, 2112, 1968)
Elapsed: 0.400592
(337/1242) loc: (10, 2112, 2112)
Elapsed: 0.398439
(338/1242) loc: (10, 2112, 2256)
Elapsed: 0.400889
(339/1242) loc: (10, 2112, 2400)
Elapsed: 0.396355
(340/1242) loc: (10, 2112, 2544)
Elapsed: 0.397479
(341/1242) loc: (10, 2112, 2688)
Elapsed: 0.396259
(342/1242) loc: (10, 2112, 2832)
Elapsed: 0.397239
(343/1242) loc: (10, 2112, 2976)
Elapsed: 0.396930
(344/1242) loc: (10, 2112, 3120)
Elapsed: 0.396923
(345/1242) loc: (10, 2112, 3232)
Elapsed: 0.397966
(346/1242) loc: (10, 2256, 96)
Elapsed: 0.406629
(347/1242) loc: (10, 2256, 240)
Elapsed: 0.399680
(348/1242) loc: (10, 2256, 384)
Elapsed: 0.398212
(349/1242) loc: (10, 2256, 528)
Elapsed: 0.400346
(350/1242) loc: (10, 2256, 672)
Elapsed: 0.400310
(351/1242) loc: (10, 2256, 816)
Elapsed: 0.397446
(352/1242) loc: (10, 2256, 960)
Elapsed: 0.400141
(353/1242) loc: (10, 2256, 1104)
Elapsed: 0.397187
(354/1242) loc: (10, 2256, 1248)
Elapsed: 0.400109
(355/1242) loc: (10, 2256, 1392)
Elapsed: 0.396782
(356/1242) loc: (10, 2256, 1536)
Elapsed: 0.400642
(357/1242) loc: (10, 2256, 1680)
Elapsed: 0.396899
(358/1242) loc: (10, 2256, 1824)
Elapsed: 0.400231
(359/1242) loc: (10, 2256, 1968)
Elapsed: 0.399798
(360/1242) loc: (10, 2256, 2112)
Elapsed: 0.396770
(361/1242) loc: (10, 2256, 2256)
Elapsed: 0.399514
(362/1242) loc: (10, 2256, 2400)
Elapsed: 0.396253
(363/1242) loc: (10, 2256, 2544)
Elapsed: 0.396890
(364/1242) loc: (10, 2256, 2688)
Elapsed: 0.395779
(365/1242) loc: (10, 2256, 2832)
Elapsed: 0.396195
(366/1242) loc: (10, 2256, 2976)
Elapsed: 0.396323
(367/1242) loc: (10, 2256, 3120)
Elapsed: 0.396207
(368/1242) loc: (10, 2256, 3232)
Elapsed: 0.397586
(369/1242) loc: (10, 2400, 96)
Elapsed: 0.407160
(370/1242) loc: (10, 2400, 240)
Elapsed: 0.399016
(371/1242) loc: (10, 2400, 384)
Elapsed: 0.396610
(372/1242) loc: (10, 2400, 528)
Elapsed: 0.399847
(373/1242) loc: (10, 2400, 672)
Elapsed: 0.399498
(374/1242) loc: (10, 2400, 816)
Elapsed: 0.397526
(375/1242) loc: (10, 2400, 960)
Elapsed: 0.400083
(376/1242) loc: (10, 2400, 1104)
Elapsed: 0.397280
(377/1242) loc: (10, 2400, 1248)
Elapsed: 0.404325
(378/1242) loc: (10, 2400, 1392)
Elapsed: 0.397126
(379/1242) loc: (10, 2400, 1536)
Elapsed: 0.400509
(380/1242) loc: (10, 2400, 1680)
Elapsed: 0.396203
(381/1242) loc: (10, 2400, 1824)
Elapsed: 0.400224
(382/1242) loc: (10, 2400, 1968)
Elapsed: 0.399035
(383/1242) loc: (10, 2400, 2112)
Elapsed: 0.395607
(384/1242) loc: (10, 2400, 2256)
Elapsed: 0.400338
(385/1242) loc: (10, 2400, 2400)
Elapsed: 0.401886
(386/1242) loc: (10, 2400, 2544)
Elapsed: 0.400596
(387/1242) loc: (10, 2400, 2688)
Elapsed: 0.397339
(388/1242) loc: (10, 2400, 2832)
Elapsed: 0.396825
(389/1242) loc: (10, 2400, 2976)
Elapsed: 0.397560
(390/1242) loc: (10, 2400, 3120)
Elapsed: 0.399123
(391/1242) loc: (10, 2400, 3232)
Elapsed: 0.396493
(392/1242) loc: (10, 2544, 96)
Elapsed: 0.406774
(393/1242) loc: (10, 2544, 240)
Elapsed: 0.399633
(394/1242) loc: (10, 2544, 384)
Elapsed: 0.396895
(395/1242) loc: (10, 2544, 528)
Elapsed: 0.399904
(396/1242) loc: (10, 2544, 672)
Elapsed: 0.401279
(397/1242) loc: (10, 2544, 816)
Elapsed: 0.397567
(398/1242) loc: (10, 2544, 960)
Elapsed: 0.399330
(399/1242) loc: (10, 2544, 1104)
Elapsed: 0.397014
(400/1242) loc: (10, 2544, 1248)
Elapsed: 0.403049
(401/1242) loc: (10, 2544, 1392)
Elapsed: 0.396501
(402/1242) loc: (10, 2544, 1536)
Elapsed: 0.400402
(403/1242) loc: (10, 2544, 1680)
Elapsed: 0.397098
(404/1242) loc: (10, 2544, 1824)
Elapsed: 0.400393
(405/1242) loc: (10, 2544, 1968)
Elapsed: 0.399670
(406/1242) loc: (10, 2544, 2112)
Elapsed: 0.396847
(407/1242) loc: (10, 2544, 2256)
Elapsed: 0.399963
(408/1242) loc: (10, 2544, 2400)
Elapsed: 0.396121
(409/1242) loc: (10, 2544, 2544)
Elapsed: 0.396932
(410/1242) loc: (10, 2544, 2688)
Elapsed: 0.397471
(411/1242) loc: (10, 2544, 2832)
Elapsed: 0.397221
(412/1242) loc: (10, 2544, 2976)
Elapsed: 0.398854
(413/1242) loc: (10, 2544, 3120)
Elapsed: 0.396446
(414/1242) loc: (10, 2544, 3232)
Elapsed: 0.397542
(415/1242) loc: (10, 2688, 96)
Elapsed: 0.406212
(416/1242) loc: (10, 2688, 240)
Elapsed: 0.399946
(417/1242) loc: (10, 2688, 384)
Elapsed: 0.396650
(418/1242) loc: (10, 2688, 528)
Elapsed: 0.398585
(419/1242) loc: (10, 2688, 672)
Elapsed: 0.398960
(420/1242) loc: (10, 2688, 816)
Elapsed: 0.396302
(421/1242) loc: (10, 2688, 960)
Elapsed: 0.399563
(422/1242) loc: (10, 2688, 1104)
Elapsed: 0.397017
(423/1242) loc: (10, 2688, 1248)
Elapsed: 0.399402
(424/1242) loc: (10, 2688, 1392)
Elapsed: 0.396021
(425/1242) loc: (10, 2688, 1536)
Elapsed: 0.399490
(426/1242) loc: (10, 2688, 1680)
Elapsed: 0.395856
(427/1242) loc: (10, 2688, 1824)
Elapsed: 0.400505
(428/1242) loc: (10, 2688, 1968)
Elapsed: 0.400990
(429/1242) loc: (10, 2688, 2112)
Elapsed: 0.396138
(430/1242) loc: (10, 2688, 2256)
Elapsed: 0.401135
(431/1242) loc: (10, 2688, 2400)
Elapsed: 0.396972
(432/1242) loc: (10, 2688, 2544)
Elapsed: 0.397403
(433/1242) loc: (10, 2688, 2688)
Elapsed: 0.397397
(434/1242) loc: (10, 2688, 2832)
Elapsed: 0.396251
(435/1242) loc: (10, 2688, 2976)
Elapsed: 0.397087
(436/1242) loc: (10, 2688, 3120)
Elapsed: 0.397029
(437/1242) loc: (10, 2688, 3232)
Elapsed: 0.397128
(438/1242) loc: (10, 2832, 96)
Elapsed: 0.408020
(439/1242) loc: (10, 2832, 240)
Elapsed: 0.399856
(440/1242) loc: (10, 2832, 384)
Elapsed: 0.395640
(441/1242) loc: (10, 2832, 528)
Elapsed: 0.401710
(442/1242) loc: (10, 2832, 672)
Elapsed: 0.399461
(443/1242) loc: (10, 2832, 816)
Elapsed: 0.397139
(444/1242) loc: (10, 2832, 960)
Elapsed: 0.400707
(445/1242) loc: (10, 2832, 1104)
Elapsed: 0.396415
(446/1242) loc: (10, 2832, 1248)
Elapsed: 0.399786
(447/1242) loc: (10, 2832, 1392)
Elapsed: 0.397076
(448/1242) loc: (10, 2832, 1536)
Elapsed: 0.400097
(449/1242) loc: (10, 2832, 1680)
Elapsed: 0.397135
(450/1242) loc: (10, 2832, 1824)
Elapsed: 0.399983
(451/1242) loc: (10, 2832, 1968)
Elapsed: 0.399497
(452/1242) loc: (10, 2832, 2112)
Elapsed: 0.396882
(453/1242) loc: (10, 2832, 2256)
Elapsed: 0.399676
(454/1242) loc: (10, 2832, 2400)
Elapsed: 0.396318
(455/1242) loc: (10, 2832, 2544)
Elapsed: 0.396367
(456/1242) loc: (10, 2832, 2688)
Elapsed: 0.396574
(457/1242) loc: (10, 2832, 2832)
Elapsed: 0.397753
(458/1242) loc: (10, 2832, 2976)
Elapsed: 0.397384
(459/1242) loc: (10, 2832, 3120)
Elapsed: 0.396098
(460/1242) loc: (10, 2832, 3232)
Elapsed: 0.397831
(461/1242) loc: (10, 2976, 96)
Elapsed: 0.406265
(462/1242) loc: (10, 2976, 240)
Elapsed: 0.401861
(463/1242) loc: (10, 2976, 384)
Elapsed: 0.396012
(464/1242) loc: (10, 2976, 528)
Elapsed: 0.400496
(465/1242) loc: (10, 2976, 672)
Elapsed: 0.400926
(466/1242) loc: (10, 2976, 816)
Elapsed: 0.396670
(467/1242) loc: (10, 2976, 960)
Elapsed: 0.399345
(468/1242) loc: (10, 2976, 1104)
Elapsed: 0.396624
(469/1242) loc: (10, 2976, 1248)
Elapsed: 0.399314
(470/1242) loc: (10, 2976, 1392)
Elapsed: 0.396938
(471/1242) loc: (10, 2976, 1536)
Elapsed: 0.400576
(472/1242) loc: (10, 2976, 1680)
Elapsed: 0.397503
(473/1242) loc: (10, 2976, 1824)
Elapsed: 0.399196
(474/1242) loc: (10, 2976, 1968)
Elapsed: 0.399694
(475/1242) loc: (10, 2976, 2112)
Elapsed: 0.397280
(476/1242) loc: (10, 2976, 2256)
Elapsed: 0.401181
(477/1242) loc: (10, 2976, 2400)
Elapsed: 0.396088
(478/1242) loc: (10, 2976, 2544)
Elapsed: 0.397541
(479/1242) loc: (10, 2976, 2688)
Elapsed: 0.396927
(480/1242) loc: (10, 2976, 2832)
Elapsed: 0.397519
(481/1242) loc: (10, 2976, 2976)
Elapsed: 0.396211
(482/1242) loc: (10, 2976, 3120)
Elapsed: 0.396660
(483/1242) loc: (10, 2976, 3232)
Elapsed: 0.398343
(484/1242) loc: (10, 3120, 96)
Elapsed: 0.406723
(485/1242) loc: (10, 3120, 240)
Elapsed: 0.400633
(486/1242) loc: (10, 3120, 384)
Elapsed: 0.396304
(487/1242) loc: (10, 3120, 528)
Elapsed: 0.400090
(488/1242) loc: (10, 3120, 672)
Elapsed: 0.400323
(489/1242) loc: (10, 3120, 816)
Elapsed: 0.395841
(490/1242) loc: (10, 3120, 960)
Elapsed: 0.399862
(491/1242) loc: (10, 3120, 1104)
Elapsed: 0.396314
(492/1242) loc: (10, 3120, 1248)
Elapsed: 0.399297
(493/1242) loc: (10, 3120, 1392)
Elapsed: 0.396259
(494/1242) loc: (10, 3120, 1536)
Elapsed: 0.402969
(495/1242) loc: (10, 3120, 1680)
Elapsed: 0.397141
(496/1242) loc: (10, 3120, 1824)
Elapsed: 0.400711
(497/1242) loc: (10, 3120, 1968)
Elapsed: 0.400013
(498/1242) loc: (10, 3120, 2112)
Elapsed: 0.396798
(499/1242) loc: (10, 3120, 2256)
Elapsed: 0.398796
(500/1242) loc: (10, 3120, 2400)
Elapsed: 0.397339
(501/1242) loc: (10, 3120, 2544)
Elapsed: 0.397142
(502/1242) loc: (10, 3120, 2688)
Elapsed: 0.396139
(503/1242) loc: (10, 3120, 2832)
Elapsed: 0.397176
(504/1242) loc: (10, 3120, 2976)
Elapsed: 0.397162
(505/1242) loc: (10, 3120, 3120)
Elapsed: 0.396867
(506/1242) loc: (10, 3120, 3232)
Elapsed: 0.396670
(507/1242) loc: (10, 3264, 96)
Elapsed: 0.406270
(508/1242) loc: (10, 3264, 240)
Elapsed: 0.399700
(509/1242) loc: (10, 3264, 384)
Elapsed: 0.397192
(510/1242) loc: (10, 3264, 528)
Elapsed: 0.400428
(511/1242) loc: (10, 3264, 672)
Elapsed: 0.400681
(512/1242) loc: (10, 3264, 816)
Elapsed: 0.398211
(513/1242) loc: (10, 3264, 960)
Elapsed: 0.399626
(514/1242) loc: (10, 3264, 1104)
Elapsed: 0.397560
(515/1242) loc: (10, 3264, 1248)
Elapsed: 0.400044
(516/1242) loc: (10, 3264, 1392)
Elapsed: 0.396037
(517/1242) loc: (10, 3264, 1536)
Elapsed: 0.399778
(518/1242) loc: (10, 3264, 1680)
Elapsed: 0.397035
(519/1242) loc: (10, 3264, 1824)
Elapsed: 0.399647
(520/1242) loc: (10, 3264, 1968)
Elapsed: 0.400390
(521/1242) loc: (10, 3264, 2112)
Elapsed: 0.397464
(522/1242) loc: (10, 3264, 2256)
Elapsed: 0.400834
(523/1242) loc: (10, 3264, 2400)
Elapsed: 0.396420
(524/1242) loc: (10, 3264, 2544)
Elapsed: 0.396826
(525/1242) loc: (10, 3264, 2688)
Elapsed: 0.396060
(526/1242) loc: (10, 3264, 2832)
Elapsed: 0.396330
(527/1242) loc: (10, 3264, 2976)
Elapsed: 0.400766
(528/1242) loc: (10, 3264, 3120)
Elapsed: 0.396731
(529/1242) loc: (10, 3264, 3232)
Elapsed: 0.397305
(530/1242) loc: (10, 3408, 96)
Elapsed: 0.406239
(531/1242) loc: (10, 3408, 240)
Elapsed: 0.401170
(532/1242) loc: (10, 3408, 384)
Elapsed: 0.399174
(533/1242) loc: (10, 3408, 528)
Elapsed: 0.400434
(534/1242) loc: (10, 3408, 672)
Elapsed: 0.399283
(535/1242) loc: (10, 3408, 816)
Elapsed: 0.395687
(536/1242) loc: (10, 3408, 960)
Elapsed: 0.399005
(537/1242) loc: (10, 3408, 1104)
Elapsed: 0.397977
(538/1242) loc: (10, 3408, 1248)
Elapsed: 0.400165
(539/1242) loc: (10, 3408, 1392)
Elapsed: 0.396656
(540/1242) loc: (10, 3408, 1536)
Elapsed: 0.400061
(541/1242) loc: (10, 3408, 1680)
Elapsed: 0.396108
(542/1242) loc: (10, 3408, 1824)
Elapsed: 0.400285
(543/1242) loc: (10, 3408, 1968)
Elapsed: 0.401007
(544/1242) loc: (10, 3408, 2112)
Elapsed: 0.397209
(545/1242) loc: (10, 3408, 2256)
Elapsed: 0.401855
(546/1242) loc: (10, 3408, 2400)
Elapsed: 0.397625
(547/1242) loc: (10, 3408, 2544)
Elapsed: 0.398537
(548/1242) loc: (10, 3408, 2688)
Elapsed: 0.397059
(549/1242) loc: (10, 3408, 2832)
Elapsed: 0.397135
(550/1242) loc: (10, 3408, 2976)
Elapsed: 0.397465
(551/1242) loc: (10, 3408, 3120)
Elapsed: 0.398037
(552/1242) loc: (10, 3408, 3232)
Elapsed: 0.400547
(553/1242) loc: (10, 3552, 96)
Elapsed: 0.407269
(554/1242) loc: (10, 3552, 240)
Elapsed: 0.399954
(555/1242) loc: (10, 3552, 384)
Elapsed: 0.396195
(556/1242) loc: (10, 3552, 528)
Elapsed: 0.400003
(557/1242) loc: (10, 3552, 672)
Elapsed: 0.401465
(558/1242) loc: (10, 3552, 816)
Elapsed: 0.397460
(559/1242) loc: (10, 3552, 960)
Elapsed: 0.401119
(560/1242) loc: (10, 3552, 1104)
Elapsed: 0.397591
(561/1242) loc: (10, 3552, 1248)
Elapsed: 0.399441
(562/1242) loc: (10, 3552, 1392)
Elapsed: 0.396812
(563/1242) loc: (10, 3552, 1536)
Elapsed: 0.400383
(564/1242) loc: (10, 3552, 1680)
Elapsed: 0.396785
(565/1242) loc: (10, 3552, 1824)
Elapsed: 0.399811
(566/1242) loc: (10, 3552, 1968)
Elapsed: 0.400747
(567/1242) loc: (10, 3552, 2112)
Elapsed: 0.397625
(568/1242) loc: (10, 3552, 2256)
Elapsed: 0.399832
(569/1242) loc: (10, 3552, 2400)
Elapsed: 0.396530
(570/1242) loc: (10, 3552, 2544)
Elapsed: 0.398077
(571/1242) loc: (10, 3552, 2688)
Elapsed: 0.396667
(572/1242) loc: (10, 3552, 2832)
Elapsed: 0.398144
(573/1242) loc: (10, 3552, 2976)
Elapsed: 0.396785
(574/1242) loc: (10, 3552, 3120)
Elapsed: 0.397248
(575/1242) loc: (10, 3552, 3232)
Elapsed: 0.397783
(576/1242) loc: (10, 3696, 96)
Elapsed: 0.406915
(577/1242) loc: (10, 3696, 240)
Elapsed: 0.400025
(578/1242) loc: (10, 3696, 384)
Elapsed: 0.397287
(579/1242) loc: (10, 3696, 528)
Elapsed: 0.399635
(580/1242) loc: (10, 3696, 672)
Elapsed: 0.401556
(581/1242) loc: (10, 3696, 816)
Elapsed: 0.396763
(582/1242) loc: (10, 3696, 960)
Elapsed: 0.398959
(583/1242) loc: (10, 3696, 1104)
Elapsed: 0.396927
(584/1242) loc: (10, 3696, 1248)
Elapsed: 0.400290
(585/1242) loc: (10, 3696, 1392)
Elapsed: 0.397671
(586/1242) loc: (10, 3696, 1536)
Elapsed: 0.400669
(587/1242) loc: (10, 3696, 1680)
Elapsed: 0.397029
(588/1242) loc: (10, 3696, 1824)
Elapsed: 0.400130
(589/1242) loc: (10, 3696, 1968)
Elapsed: 0.399927
(590/1242) loc: (10, 3696, 2112)
Elapsed: 0.397210
(591/1242) loc: (10, 3696, 2256)
Elapsed: 0.401115
(592/1242) loc: (10, 3696, 2400)
Elapsed: 0.397073
(593/1242) loc: (10, 3696, 2544)
Elapsed: 0.397481
(594/1242) loc: (10, 3696, 2688)
Elapsed: 0.396884
(595/1242) loc: (10, 3696, 2832)
Elapsed: 0.398031
(596/1242) loc: (10, 3696, 2976)
Elapsed: 0.396340
(597/1242) loc: (10, 3696, 3120)
Elapsed: 0.397458
(598/1242) loc: (10, 3696, 3232)
Elapsed: 0.397773
(599/1242) loc: (10, 3744, 96)
Elapsed: 0.399896
(600/1242) loc: (10, 3744, 240)
Elapsed: 0.398271
(601/1242) loc: (10, 3744, 384)
Elapsed: 0.397275
(602/1242) loc: (10, 3744, 528)
Elapsed: 0.400017
(603/1242) loc: (10, 3744, 672)
Elapsed: 0.398739
(604/1242) loc: (10, 3744, 816)
Elapsed: 0.396779
(605/1242) loc: (10, 3744, 960)
Elapsed: 0.397460
(606/1242) loc: (10, 3744, 1104)
Elapsed: 0.399103
(607/1242) loc: (10, 3744, 1248)
Elapsed: 0.398635
(608/1242) loc: (10, 3744, 1392)
Elapsed: 0.396283
(609/1242) loc: (10, 3744, 1536)
Elapsed: 0.399139
(610/1242) loc: (10, 3744, 1680)
Elapsed: 0.397058
(611/1242) loc: (10, 3744, 1824)
Elapsed: 0.400996
(612/1242) loc: (10, 3744, 1968)
Elapsed: 0.402520
(613/1242) loc: (10, 3744, 2112)
Elapsed: 0.399517
(614/1242) loc: (10, 3744, 2256)
Elapsed: 0.400398
(615/1242) loc: (10, 3744, 2400)
Elapsed: 0.396870
(616/1242) loc: (10, 3744, 2544)
Elapsed: 0.398403
(617/1242) loc: (10, 3744, 2688)
Elapsed: 0.397836
(618/1242) loc: (10, 3744, 2832)
Elapsed: 0.398700
(619/1242) loc: (10, 3744, 2976)
Elapsed: 0.397538
(620/1242) loc: (10, 3744, 3120)
Elapsed: 0.396846
(621/1242) loc: (10, 3744, 3232)
Elapsed: 0.398376
(622/1242) loc: (15, 96, 96)
Elapsed: 0.410599
(623/1242) loc: (15, 96, 240)
Elapsed: 0.400652
(624/1242) loc: (15, 96, 384)
Elapsed: 0.397570
(625/1242) loc: (15, 96, 528)
Elapsed: 0.401104
(626/1242) loc: (15, 96, 672)
Elapsed: 0.401994
(627/1242) loc: (15, 96, 816)
Elapsed: 0.397349
(628/1242) loc: (15, 96, 960)
Elapsed: 0.402209
(629/1242) loc: (15, 96, 1104)
Elapsed: 0.397577
(630/1242) loc: (15, 96, 1248)
Elapsed: 0.400465
(631/1242) loc: (15, 96, 1392)
Elapsed: 0.397463
(632/1242) loc: (15, 96, 1536)
Elapsed: 0.401697
(633/1242) loc: (15, 96, 1680)
Elapsed: 0.397265
(634/1242) loc: (15, 96, 1824)
Elapsed: 0.400302
(635/1242) loc: (15, 96, 1968)
Elapsed: 0.402083
(636/1242) loc: (15, 96, 2112)
Elapsed: 0.397320
(637/1242) loc: (15, 96, 2256)
Elapsed: 0.400692
(638/1242) loc: (15, 96, 2400)
Elapsed: 0.397389
(639/1242) loc: (15, 96, 2544)
Elapsed: 0.397784
(640/1242) loc: (15, 96, 2688)
Elapsed: 0.397790
(641/1242) loc: (15, 96, 2832)
Elapsed: 0.397380
(642/1242) loc: (15, 96, 2976)
Elapsed: 0.398039
(643/1242) loc: (15, 96, 3120)
Elapsed: 0.398886
(644/1242) loc: (15, 96, 3232)
Elapsed: 0.397062
(645/1242) loc: (15, 240, 96)
Elapsed: 0.407085
(646/1242) loc: (15, 240, 240)
Elapsed: 0.401467
(647/1242) loc: (15, 240, 384)
Elapsed: 0.396028
(648/1242) loc: (15, 240, 528)
Elapsed: 0.399428
(649/1242) loc: (15, 240, 672)
Elapsed: 0.400932
(650/1242) loc: (15, 240, 816)
Elapsed: 0.397925
(651/1242) loc: (15, 240, 960)
Elapsed: 0.399409
(652/1242) loc: (15, 240, 1104)
Elapsed: 0.397802
(653/1242) loc: (15, 240, 1248)
Elapsed: 0.400474
(654/1242) loc: (15, 240, 1392)
Elapsed: 0.396860
(655/1242) loc: (15, 240, 1536)
Elapsed: 0.400073
(656/1242) loc: (15, 240, 1680)
Elapsed: 0.396731
(657/1242) loc: (15, 240, 1824)
Elapsed: 0.399797
(658/1242) loc: (15, 240, 1968)
Elapsed: 0.399719
(659/1242) loc: (15, 240, 2112)
Elapsed: 0.396487
(660/1242) loc: (15, 240, 2256)
Elapsed: 0.400005
(661/1242) loc: (15, 240, 2400)
Elapsed: 0.396160
(662/1242) loc: (15, 240, 2544)
Elapsed: 0.396479
(663/1242) loc: (15, 240, 2688)
Elapsed: 0.397238
(664/1242) loc: (15, 240, 2832)
Elapsed: 0.396340
(665/1242) loc: (15, 240, 2976)
Elapsed: 0.396056
(666/1242) loc: (15, 240, 3120)
Elapsed: 0.395724
(667/1242) loc: (15, 240, 3232)
Elapsed: 0.397768
(668/1242) loc: (15, 384, 96)
Elapsed: 0.407594
(669/1242) loc: (15, 384, 240)
Elapsed: 0.401702
(670/1242) loc: (15, 384, 384)
Elapsed: 0.401597
(671/1242) loc: (15, 384, 528)
Elapsed: 0.400135
(672/1242) loc: (15, 384, 672)
Elapsed: 0.400558
(673/1242) loc: (15, 384, 816)
Elapsed: 0.396898
(674/1242) loc: (15, 384, 960)
Elapsed: 0.400383
(675/1242) loc: (15, 384, 1104)
Elapsed: 0.396616
(676/1242) loc: (15, 384, 1248)
Elapsed: 0.399924
(677/1242) loc: (15, 384, 1392)
Elapsed: 0.395964
(678/1242) loc: (15, 384, 1536)
Elapsed: 0.400450
(679/1242) loc: (15, 384, 1680)
Elapsed: 0.396487
(680/1242) loc: (15, 384, 1824)
Elapsed: 0.401551
(681/1242) loc: (15, 384, 1968)
Elapsed: 0.400202
(682/1242) loc: (15, 384, 2112)
Elapsed: 0.396705
(683/1242) loc: (15, 384, 2256)
Elapsed: 0.399654
(684/1242) loc: (15, 384, 2400)
Elapsed: 0.397156
(685/1242) loc: (15, 384, 2544)
Elapsed: 0.397218
(686/1242) loc: (15, 384, 2688)
Elapsed: 0.398222
(687/1242) loc: (15, 384, 2832)
Elapsed: 0.400665
(688/1242) loc: (15, 384, 2976)
Elapsed: 0.399256
(689/1242) loc: (15, 384, 3120)
Elapsed: 0.396090
(690/1242) loc: (15, 384, 3232)
Elapsed: 0.397994
(691/1242) loc: (15, 528, 96)
Elapsed: 0.408450
(692/1242) loc: (15, 528, 240)
Elapsed: 0.399913
(693/1242) loc: (15, 528, 384)
Elapsed: 0.395631
(694/1242) loc: (15, 528, 528)
Elapsed: 0.399414
(695/1242) loc: (15, 528, 672)
Elapsed: 0.400003
(696/1242) loc: (15, 528, 816)
Elapsed: 0.397413
(697/1242) loc: (15, 528, 960)
Elapsed: 0.400868
(698/1242) loc: (15, 528, 1104)
Elapsed: 0.397042
(699/1242) loc: (15, 528, 1248)
Elapsed: 0.399735
(700/1242) loc: (15, 528, 1392)
Elapsed: 0.397423
(701/1242) loc: (15, 528, 1536)
Elapsed: 0.401174
(702/1242) loc: (15, 528, 1680)
Elapsed: 0.397506
(703/1242) loc: (15, 528, 1824)
Elapsed: 0.401348
(704/1242) loc: (15, 528, 1968)
Elapsed: 0.401474
(705/1242) loc: (15, 528, 2112)
Elapsed: 0.397168
(706/1242) loc: (15, 528, 2256)
Elapsed: 0.401373
(707/1242) loc: (15, 528, 2400)
Elapsed: 0.397985
(708/1242) loc: (15, 528, 2544)
Elapsed: 0.398387
(709/1242) loc: (15, 528, 2688)
Elapsed: 0.396986
(710/1242) loc: (15, 528, 2832)
Elapsed: 0.398074
(711/1242) loc: (15, 528, 2976)
Elapsed: 0.398361
(712/1242) loc: (15, 528, 3120)
Elapsed: 0.397738
(713/1242) loc: (15, 528, 3232)
Elapsed: 0.396936
(714/1242) loc: (15, 672, 96)
Elapsed: 0.406637
(715/1242) loc: (15, 672, 240)
Elapsed: 0.399798
(716/1242) loc: (15, 672, 384)
Elapsed: 0.396727
(717/1242) loc: (15, 672, 528)
Elapsed: 0.400781
(718/1242) loc: (15, 672, 672)
Elapsed: 0.399417
(719/1242) loc: (15, 672, 816)
Elapsed: 0.396604
(720/1242) loc: (15, 672, 960)
Elapsed: 0.399294
(721/1242) loc: (15, 672, 1104)
Elapsed: 0.396661
(722/1242) loc: (15, 672, 1248)
Elapsed: 0.401300
(723/1242) loc: (15, 672, 1392)
Elapsed: 0.397554
(724/1242) loc: (15, 672, 1536)
Elapsed: 0.400653
(725/1242) loc: (15, 672, 1680)
Elapsed: 0.397153
(726/1242) loc: (15, 672, 1824)
Elapsed: 0.399952
(727/1242) loc: (15, 672, 1968)
Elapsed: 0.399847
(728/1242) loc: (15, 672, 2112)
Elapsed: 0.400121
(729/1242) loc: (15, 672, 2256)
Elapsed: 0.401109
(730/1242) loc: (15, 672, 2400)
Elapsed: 0.397509
(731/1242) loc: (15, 672, 2544)
Elapsed: 0.397965
(732/1242) loc: (15, 672, 2688)
Elapsed: 0.396734
(733/1242) loc: (15, 672, 2832)
Elapsed: 0.397852
(734/1242) loc: (15, 672, 2976)
Elapsed: 0.398165
(735/1242) loc: (15, 672, 3120)
Elapsed: 0.397179
(736/1242) loc: (15, 672, 3232)
Elapsed: 0.397810
(737/1242) loc: (15, 816, 96)
Elapsed: 0.406170
(738/1242) loc: (15, 816, 240)
Elapsed: 0.400809
(739/1242) loc: (15, 816, 384)
Elapsed: 0.396011
(740/1242) loc: (15, 816, 528)
Elapsed: 0.399313
(741/1242) loc: (15, 816, 672)
Elapsed: 0.400366
(742/1242) loc: (15, 816, 816)
Elapsed: 0.398139
(743/1242) loc: (15, 816, 960)
Elapsed: 0.399511
(744/1242) loc: (15, 816, 1104)
Elapsed: 0.397882
(745/1242) loc: (15, 816, 1248)
Elapsed: 0.400405
(746/1242) loc: (15, 816, 1392)
Elapsed: 0.396498
(747/1242) loc: (15, 816, 1536)
Elapsed: 0.400512
(748/1242) loc: (15, 816, 1680)
Elapsed: 0.397087
(749/1242) loc: (15, 816, 1824)
Elapsed: 0.399466
(750/1242) loc: (15, 816, 1968)
Elapsed: 0.400134
(751/1242) loc: (15, 816, 2112)
Elapsed: 0.396118
(752/1242) loc: (15, 816, 2256)
Elapsed: 0.400142
(753/1242) loc: (15, 816, 2400)
Elapsed: 0.397981
(754/1242) loc: (15, 816, 2544)
Elapsed: 0.398066
(755/1242) loc: (15, 816, 2688)
Elapsed: 0.397022
(756/1242) loc: (15, 816, 2832)
Elapsed: 0.398227
(757/1242) loc: (15, 816, 2976)
Elapsed: 0.397365
(758/1242) loc: (15, 816, 3120)
Elapsed: 0.396710
(759/1242) loc: (15, 816, 3232)
Elapsed: 0.398243
(760/1242) loc: (15, 960, 96)
Elapsed: 0.410012
(761/1242) loc: (15, 960, 240)
Elapsed: 0.400523
(762/1242) loc: (15, 960, 384)
Elapsed: 0.395561
(763/1242) loc: (15, 960, 528)
Elapsed: 0.402150
(764/1242) loc: (15, 960, 672)
Elapsed: 0.400769
(765/1242) loc: (15, 960, 816)
Elapsed: 0.398184
(766/1242) loc: (15, 960, 960)
Elapsed: 0.400870
(767/1242) loc: (15, 960, 1104)
Elapsed: 0.396756
(768/1242) loc: (15, 960, 1248)
Elapsed: 0.400748
(769/1242) loc: (15, 960, 1392)
Elapsed: 0.396281
(770/1242) loc: (15, 960, 1536)
Elapsed: 0.401444
(771/1242) loc: (15, 960, 1680)
Elapsed: 0.398407
(772/1242) loc: (15, 960, 1824)
Elapsed: 0.401023
(773/1242) loc: (15, 960, 1968)
Elapsed: 0.400540
(774/1242) loc: (15, 960, 2112)
Elapsed: 0.399502
(775/1242) loc: (15, 960, 2256)
Elapsed: 0.401095
(776/1242) loc: (15, 960, 2400)
Elapsed: 0.397653
(777/1242) loc: (15, 960, 2544)
Elapsed: 0.397400
(778/1242) loc: (15, 960, 2688)
Elapsed: 0.397101
(779/1242) loc: (15, 960, 2832)
Elapsed: 0.397754
(780/1242) loc: (15, 960, 2976)
Elapsed: 0.397032
(781/1242) loc: (15, 960, 3120)
Elapsed: 0.397718
(782/1242) loc: (15, 960, 3232)
Elapsed: 0.397775
(783/1242) loc: (15, 1104, 96)
Elapsed: 0.408244
(784/1242) loc: (15, 1104, 240)
Elapsed: 0.400788
(785/1242) loc: (15, 1104, 384)
Elapsed: 0.396005
(786/1242) loc: (15, 1104, 528)
Elapsed: 0.403152
(787/1242) loc: (15, 1104, 672)
Elapsed: 0.400884
(788/1242) loc: (15, 1104, 816)
Elapsed: 0.396826
(789/1242) loc: (15, 1104, 960)
Elapsed: 0.399717
(790/1242) loc: (15, 1104, 1104)
Elapsed: 0.396575
(791/1242) loc: (15, 1104, 1248)
Elapsed: 0.401033
(792/1242) loc: (15, 1104, 1392)
Elapsed: 0.396425
(793/1242) loc: (15, 1104, 1536)
Elapsed: 0.400196
(794/1242) loc: (15, 1104, 1680)
Elapsed: 0.397544
(795/1242) loc: (15, 1104, 1824)
Elapsed: 0.399749
(796/1242) loc: (15, 1104, 1968)
Elapsed: 0.400342
(797/1242) loc: (15, 1104, 2112)
Elapsed: 0.398030
(798/1242) loc: (15, 1104, 2256)
Elapsed: 0.399678
(799/1242) loc: (15, 1104, 2400)
Elapsed: 0.396402
(800/1242) loc: (15, 1104, 2544)
Elapsed: 0.397427
(801/1242) loc: (15, 1104, 2688)
Elapsed: 0.395906
(802/1242) loc: (15, 1104, 2832)
Elapsed: 0.397443
(803/1242) loc: (15, 1104, 2976)
Elapsed: 0.396194
(804/1242) loc: (15, 1104, 3120)
Elapsed: 0.396876
(805/1242) loc: (15, 1104, 3232)
Elapsed: 0.396955
(806/1242) loc: (15, 1248, 96)
Elapsed: 0.406871
(807/1242) loc: (15, 1248, 240)
Elapsed: 0.399505
(808/1242) loc: (15, 1248, 384)
Elapsed: 0.396569
(809/1242) loc: (15, 1248, 528)
Elapsed: 0.401120
(810/1242) loc: (15, 1248, 672)
Elapsed: 0.398954
(811/1242) loc: (15, 1248, 816)
Elapsed: 0.397532
(812/1242) loc: (15, 1248, 960)
Elapsed: 0.400294
(813/1242) loc: (15, 1248, 1104)
Elapsed: 0.396723
(814/1242) loc: (15, 1248, 1248)
Elapsed: 0.399381
(815/1242) loc: (15, 1248, 1392)
Elapsed: 0.396344
(816/1242) loc: (15, 1248, 1536)
Elapsed: 0.399861
(817/1242) loc: (15, 1248, 1680)
Elapsed: 0.401024
(818/1242) loc: (15, 1248, 1824)
Elapsed: 0.399256
(819/1242) loc: (15, 1248, 1968)
Elapsed: 0.400387
(820/1242) loc: (15, 1248, 2112)
Elapsed: 0.396073
(821/1242) loc: (15, 1248, 2256)
Elapsed: 0.399614
(822/1242) loc: (15, 1248, 2400)
Elapsed: 0.397053
(823/1242) loc: (15, 1248, 2544)
Elapsed: 0.396570
(824/1242) loc: (15, 1248, 2688)
Elapsed: 0.397089
(825/1242) loc: (15, 1248, 2832)
Elapsed: 0.397178
(826/1242) loc: (15, 1248, 2976)
Elapsed: 0.396119
(827/1242) loc: (15, 1248, 3120)
Elapsed: 0.395608
(828/1242) loc: (15, 1248, 3232)
Elapsed: 0.399422
(829/1242) loc: (15, 1392, 96)
Elapsed: 0.406607
(830/1242) loc: (15, 1392, 240)
Elapsed: 0.399334
(831/1242) loc: (15, 1392, 384)
Elapsed: 0.396331
(832/1242) loc: (15, 1392, 528)
Elapsed: 0.399397
(833/1242) loc: (15, 1392, 672)
Elapsed: 0.399569
(834/1242) loc: (15, 1392, 816)
Elapsed: 0.396251
(835/1242) loc: (15, 1392, 960)
Elapsed: 0.400339
(836/1242) loc: (15, 1392, 1104)
Elapsed: 0.395931
(837/1242) loc: (15, 1392, 1248)
Elapsed: 0.399151
(838/1242) loc: (15, 1392, 1392)
Elapsed: 0.397883
(839/1242) loc: (15, 1392, 1536)
Elapsed: 0.400966
(840/1242) loc: (15, 1392, 1680)
Elapsed: 0.395707
(841/1242) loc: (15, 1392, 1824)
Elapsed: 0.400165
(842/1242) loc: (15, 1392, 1968)
Elapsed: 0.400605
(843/1242) loc: (15, 1392, 2112)
Elapsed: 0.397533
(844/1242) loc: (15, 1392, 2256)
Elapsed: 0.399870
(845/1242) loc: (15, 1392, 2400)
Elapsed: 0.396687
(846/1242) loc: (15, 1392, 2544)
Elapsed: 0.396967
(847/1242) loc: (15, 1392, 2688)
Elapsed: 0.396842
(848/1242) loc: (15, 1392, 2832)
Elapsed: 0.397283
(849/1242) loc: (15, 1392, 2976)
Elapsed: 0.397449
(850/1242) loc: (15, 1392, 3120)
Elapsed: 0.397194
(851/1242) loc: (15, 1392, 3232)
Elapsed: 0.396986
(852/1242) loc: (15, 1536, 96)
Elapsed: 0.407378
(853/1242) loc: (15, 1536, 240)
Elapsed: 0.400245
(854/1242) loc: (15, 1536, 384)
Elapsed: 0.397409
(855/1242) loc: (15, 1536, 528)
Elapsed: 0.400198
(856/1242) loc: (15, 1536, 672)
Elapsed: 0.399805
(857/1242) loc: (15, 1536, 816)
Elapsed: 0.397397
(858/1242) loc: (15, 1536, 960)
Elapsed: 0.401381
(859/1242) loc: (15, 1536, 1104)
Elapsed: 0.397458
(860/1242) loc: (15, 1536, 1248)
Elapsed: 0.400887
(861/1242) loc: (15, 1536, 1392)
Elapsed: 0.396365
(862/1242) loc: (15, 1536, 1536)
Elapsed: 0.400136
(863/1242) loc: (15, 1536, 1680)
Elapsed: 0.395823
(864/1242) loc: (15, 1536, 1824)
Elapsed: 0.400045
(865/1242) loc: (15, 1536, 1968)
Elapsed: 0.400963
(866/1242) loc: (15, 1536, 2112)
Elapsed: 0.397887
(867/1242) loc: (15, 1536, 2256)
Elapsed: 0.400338
(868/1242) loc: (15, 1536, 2400)
Elapsed: 0.397388
(869/1242) loc: (15, 1536, 2544)
Elapsed: 0.397499
(870/1242) loc: (15, 1536, 2688)
Elapsed: 0.397628
(871/1242) loc: (15, 1536, 2832)
Elapsed: 0.397766
(872/1242) loc: (15, 1536, 2976)
Elapsed: 0.398960
(873/1242) loc: (15, 1536, 3120)
Elapsed: 0.397334
(874/1242) loc: (15, 1536, 3232)
Elapsed: 0.397056
(875/1242) loc: (15, 1680, 96)
Elapsed: 0.407149
(876/1242) loc: (15, 1680, 240)
Elapsed: 0.400687
(877/1242) loc: (15, 1680, 384)
Elapsed: 0.397058
(878/1242) loc: (15, 1680, 528)
Elapsed: 0.399045
(879/1242) loc: (15, 1680, 672)
Elapsed: 0.400397
(880/1242) loc: (15, 1680, 816)
Elapsed: 0.396273
(881/1242) loc: (15, 1680, 960)
Elapsed: 0.400193
(882/1242) loc: (15, 1680, 1104)
Elapsed: 0.397291
(883/1242) loc: (15, 1680, 1248)
Elapsed: 0.400304
(884/1242) loc: (15, 1680, 1392)
Elapsed: 0.396375
(885/1242) loc: (15, 1680, 1536)
Elapsed: 0.400506
(886/1242) loc: (15, 1680, 1680)
Elapsed: 0.396163
(887/1242) loc: (15, 1680, 1824)
Elapsed: 0.400165
(888/1242) loc: (15, 1680, 1968)
Elapsed: 0.399340
(889/1242) loc: (15, 1680, 2112)
Elapsed: 0.396948
(890/1242) loc: (15, 1680, 2256)
Elapsed: 0.400627
(891/1242) loc: (15, 1680, 2400)
Elapsed: 0.396465
(892/1242) loc: (15, 1680, 2544)
Elapsed: 0.399307
(893/1242) loc: (15, 1680, 2688)
Elapsed: 0.396958
(894/1242) loc: (15, 1680, 2832)
Elapsed: 0.396937
(895/1242) loc: (15, 1680, 2976)
Elapsed: 0.397553
(896/1242) loc: (15, 1680, 3120)
Elapsed: 0.396649
(897/1242) loc: (15, 1680, 3232)
Elapsed: 0.396695
(898/1242) loc: (15, 1824, 96)
Elapsed: 0.406808
(899/1242) loc: (15, 1824, 240)
Elapsed: 0.399995
(900/1242) loc: (15, 1824, 384)
Elapsed: 0.396345
(901/1242) loc: (15, 1824, 528)
Elapsed: 0.400540
(902/1242) loc: (15, 1824, 672)
Elapsed: 0.399956
(903/1242) loc: (15, 1824, 816)
Elapsed: 0.396950
(904/1242) loc: (15, 1824, 960)
Elapsed: 0.400032
(905/1242) loc: (15, 1824, 1104)
Elapsed: 0.398144
(906/1242) loc: (15, 1824, 1248)
Elapsed: 0.399751
(907/1242) loc: (15, 1824, 1392)
Elapsed: 0.397033
(908/1242) loc: (15, 1824, 1536)
Elapsed: 0.400410
(909/1242) loc: (15, 1824, 1680)
Elapsed: 0.396479
(910/1242) loc: (15, 1824, 1824)
Elapsed: 0.399369
(911/1242) loc: (15, 1824, 1968)
Elapsed: 0.402063
(912/1242) loc: (15, 1824, 2112)
Elapsed: 0.397400
(913/1242) loc: (15, 1824, 2256)
Elapsed: 0.405934
(914/1242) loc: (15, 1824, 2400)
Elapsed: 0.398236
(915/1242) loc: (15, 1824, 2544)
Elapsed: 0.397578
(916/1242) loc: (15, 1824, 2688)
Elapsed: 0.396331
(917/1242) loc: (15, 1824, 2832)
Elapsed: 0.396895
(918/1242) loc: (15, 1824, 2976)
Elapsed: 0.398631
(919/1242) loc: (15, 1824, 3120)
Elapsed: 0.396542
(920/1242) loc: (15, 1824, 3232)
Elapsed: 0.397318
(921/1242) loc: (15, 1968, 96)
Elapsed: 0.407285
(922/1242) loc: (15, 1968, 240)
Elapsed: 0.400476
(923/1242) loc: (15, 1968, 384)
Elapsed: 0.396967
(924/1242) loc: (15, 1968, 528)
Elapsed: 0.400784
(925/1242) loc: (15, 1968, 672)
Elapsed: 0.400343
(926/1242) loc: (15, 1968, 816)
Elapsed: 0.397382
(927/1242) loc: (15, 1968, 960)
Elapsed: 0.399361
(928/1242) loc: (15, 1968, 1104)
Elapsed: 0.397777
(929/1242) loc: (15, 1968, 1248)
Elapsed: 0.399987
(930/1242) loc: (15, 1968, 1392)
Elapsed: 0.396803
(931/1242) loc: (15, 1968, 1536)
Elapsed: 0.400186
(932/1242) loc: (15, 1968, 1680)
Elapsed: 0.396825
(933/1242) loc: (15, 1968, 1824)
Elapsed: 0.400396
(934/1242) loc: (15, 1968, 1968)
Elapsed: 0.400059
(935/1242) loc: (15, 1968, 2112)
Elapsed: 0.396215
(936/1242) loc: (15, 1968, 2256)
Elapsed: 0.399542
(937/1242) loc: (15, 1968, 2400)
Elapsed: 0.397264
(938/1242) loc: (15, 1968, 2544)
Elapsed: 0.396924
(939/1242) loc: (15, 1968, 2688)
Elapsed: 0.397305
(940/1242) loc: (15, 1968, 2832)
Elapsed: 0.396856
(941/1242) loc: (15, 1968, 2976)
Elapsed: 0.396896
(942/1242) loc: (15, 1968, 3120)
Elapsed: 0.396588
(943/1242) loc: (15, 1968, 3232)
Elapsed: 0.396291
(944/1242) loc: (15, 2112, 96)
Elapsed: 0.407851
(945/1242) loc: (15, 2112, 240)
Elapsed: 0.400474
(946/1242) loc: (15, 2112, 384)
Elapsed: 0.398419
(947/1242) loc: (15, 2112, 528)
Elapsed: 0.400281
(948/1242) loc: (15, 2112, 672)
Elapsed: 0.399942
(949/1242) loc: (15, 2112, 816)
Elapsed: 0.396629
(950/1242) loc: (15, 2112, 960)
Elapsed: 0.404377
(951/1242) loc: (15, 2112, 1104)
Elapsed: 0.397149
(952/1242) loc: (15, 2112, 1248)
Elapsed: 0.401387
(953/1242) loc: (15, 2112, 1392)
Elapsed: 0.396659
(954/1242) loc: (15, 2112, 1536)
Elapsed: 0.399959
(955/1242) loc: (15, 2112, 1680)
Elapsed: 0.397289
(956/1242) loc: (15, 2112, 1824)
Elapsed: 0.400063
(957/1242) loc: (15, 2112, 1968)
Elapsed: 0.400609
(958/1242) loc: (15, 2112, 2112)
Elapsed: 0.396891
(959/1242) loc: (15, 2112, 2256)
Elapsed: 0.400794
(960/1242) loc: (15, 2112, 2400)
Elapsed: 0.397402
(961/1242) loc: (15, 2112, 2544)
Elapsed: 0.396775
(962/1242) loc: (15, 2112, 2688)
Elapsed: 0.397848
(963/1242) loc: (15, 2112, 2832)
Elapsed: 0.397170
(964/1242) loc: (15, 2112, 2976)
Elapsed: 0.396776
(965/1242) loc: (15, 2112, 3120)
Elapsed: 0.397932
(966/1242) loc: (15, 2112, 3232)
Elapsed: 0.398750
(967/1242) loc: (15, 2256, 96)
Elapsed: 0.406690
(968/1242) loc: (15, 2256, 240)
Elapsed: 0.400469
(969/1242) loc: (15, 2256, 384)
Elapsed: 0.396663
(970/1242) loc: (15, 2256, 528)
Elapsed: 0.399979
(971/1242) loc: (15, 2256, 672)
Elapsed: 0.400255
(972/1242) loc: (15, 2256, 816)
Elapsed: 0.397824
(973/1242) loc: (15, 2256, 960)
Elapsed: 0.400164
(974/1242) loc: (15, 2256, 1104)
Elapsed: 0.398867
(975/1242) loc: (15, 2256, 1248)
Elapsed: 0.400889
(976/1242) loc: (15, 2256, 1392)
Elapsed: 0.396370
(977/1242) loc: (15, 2256, 1536)
Elapsed: 0.400161
(978/1242) loc: (15, 2256, 1680)
Elapsed: 0.398359
(979/1242) loc: (15, 2256, 1824)
Elapsed: 0.400032
(980/1242) loc: (15, 2256, 1968)
Elapsed: 0.399364
(981/1242) loc: (15, 2256, 2112)
Elapsed: 0.399163
(982/1242) loc: (15, 2256, 2256)
Elapsed: 0.401145
(983/1242) loc: (15, 2256, 2400)
Elapsed: 0.397528
(984/1242) loc: (15, 2256, 2544)
Elapsed: 0.397543
(985/1242) loc: (15, 2256, 2688)
Elapsed: 0.397162
(986/1242) loc: (15, 2256, 2832)
Elapsed: 0.398338
(987/1242) loc: (15, 2256, 2976)
Elapsed: 0.397729
(988/1242) loc: (15, 2256, 3120)
Elapsed: 0.397201
(989/1242) loc: (15, 2256, 3232)
Elapsed: 0.398629
(990/1242) loc: (15, 2400, 96)
Elapsed: 0.408640
(991/1242) loc: (15, 2400, 240)
Elapsed: 0.400304
(992/1242) loc: (15, 2400, 384)
Elapsed: 0.397312
(993/1242) loc: (15, 2400, 528)
Elapsed: 0.401197
(994/1242) loc: (15, 2400, 672)
Elapsed: 0.400232
(995/1242) loc: (15, 2400, 816)
Elapsed: 0.396204
(996/1242) loc: (15, 2400, 960)
Elapsed: 0.400313
(997/1242) loc: (15, 2400, 1104)
Elapsed: 0.396909
(998/1242) loc: (15, 2400, 1248)
Elapsed: 0.400729
(999/1242) loc: (15, 2400, 1392)
Elapsed: 0.396823
(1000/1242) loc: (15, 2400, 1536)
Elapsed: 0.400719
(1001/1242) loc: (15, 2400, 1680)
Elapsed: 0.395352
(1002/1242) loc: (15, 2400, 1824)
Elapsed: 0.401176
(1003/1242) loc: (15, 2400, 1968)
Elapsed: 0.401194
(1004/1242) loc: (15, 2400, 2112)
Elapsed: 0.397811
(1005/1242) loc: (15, 2400, 2256)
Elapsed: 0.400620
(1006/1242) loc: (15, 2400, 2400)
Elapsed: 0.396320
(1007/1242) loc: (15, 2400, 2544)
Elapsed: 0.397293
(1008/1242) loc: (15, 2400, 2688)
Elapsed: 0.396534
(1009/1242) loc: (15, 2400, 2832)
Elapsed: 0.397186
(1010/1242) loc: (15, 2400, 2976)
Elapsed: 0.397743
(1011/1242) loc: (15, 2400, 3120)
Elapsed: 0.396916
(1012/1242) loc: (15, 2400, 3232)
Elapsed: 0.397162
(1013/1242) loc: (15, 2544, 96)
Elapsed: 0.408909
(1014/1242) loc: (15, 2544, 240)
Elapsed: 0.400630
(1015/1242) loc: (15, 2544, 384)
Elapsed: 0.395987
(1016/1242) loc: (15, 2544, 528)
Elapsed: 0.400018
(1017/1242) loc: (15, 2544, 672)
Elapsed: 0.401234
(1018/1242) loc: (15, 2544, 816)
Elapsed: 0.396467
(1019/1242) loc: (15, 2544, 960)
Elapsed: 0.400441
(1020/1242) loc: (15, 2544, 1104)
Elapsed: 0.400657
(1021/1242) loc: (15, 2544, 1248)
Elapsed: 0.400223
(1022/1242) loc: (15, 2544, 1392)
Elapsed: 0.396448
(1023/1242) loc: (15, 2544, 1536)
Elapsed: 0.399852
(1024/1242) loc: (15, 2544, 1680)
Elapsed: 0.397307
(1025/1242) loc: (15, 2544, 1824)
Elapsed: 0.400195
(1026/1242) loc: (15, 2544, 1968)
Elapsed: 0.400239
(1027/1242) loc: (15, 2544, 2112)
Elapsed: 0.397100
(1028/1242) loc: (15, 2544, 2256)
Elapsed: 0.400265
(1029/1242) loc: (15, 2544, 2400)
Elapsed: 0.397113
(1030/1242) loc: (15, 2544, 2544)
Elapsed: 0.398462
(1031/1242) loc: (15, 2544, 2688)
Elapsed: 0.396400
(1032/1242) loc: (15, 2544, 2832)
Elapsed: 0.397368
(1033/1242) loc: (15, 2544, 2976)
Elapsed: 0.396771
(1034/1242) loc: (15, 2544, 3120)
Elapsed: 0.396371
(1035/1242) loc: (15, 2544, 3232)
Elapsed: 0.397342
(1036/1242) loc: (15, 2688, 96)
Elapsed: 0.405632
(1037/1242) loc: (15, 2688, 240)
Elapsed: 0.399887
(1038/1242) loc: (15, 2688, 384)
Elapsed: 0.396772
(1039/1242) loc: (15, 2688, 528)
Elapsed: 0.401326
(1040/1242) loc: (15, 2688, 672)
Elapsed: 0.400513
(1041/1242) loc: (15, 2688, 816)
Elapsed: 0.397605
(1042/1242) loc: (15, 2688, 960)
Elapsed: 0.400097
(1043/1242) loc: (15, 2688, 1104)
Elapsed: 0.397270
(1044/1242) loc: (15, 2688, 1248)
Elapsed: 0.399719
(1045/1242) loc: (15, 2688, 1392)
Elapsed: 0.397397
(1046/1242) loc: (15, 2688, 1536)
Elapsed: 0.400634
(1047/1242) loc: (15, 2688, 1680)
Elapsed: 0.396046
(1048/1242) loc: (15, 2688, 1824)
Elapsed: 0.400126
(1049/1242) loc: (15, 2688, 1968)
Elapsed: 0.399829
(1050/1242) loc: (15, 2688, 2112)
Elapsed: 0.399390
(1051/1242) loc: (15, 2688, 2256)
Elapsed: 0.400573
(1052/1242) loc: (15, 2688, 2400)
Elapsed: 0.396269
(1053/1242) loc: (15, 2688, 2544)
Elapsed: 0.397887
(1054/1242) loc: (15, 2688, 2688)
Elapsed: 0.396828
(1055/1242) loc: (15, 2688, 2832)
Elapsed: 0.397937
(1056/1242) loc: (15, 2688, 2976)
Elapsed: 0.398561
(1057/1242) loc: (15, 2688, 3120)
Elapsed: 0.397248
(1058/1242) loc: (15, 2688, 3232)
Elapsed: 0.398214
(1059/1242) loc: (15, 2832, 96)
Elapsed: 0.405809
(1060/1242) loc: (15, 2832, 240)
Elapsed: 0.400113
(1061/1242) loc: (15, 2832, 384)
Elapsed: 0.397000
(1062/1242) loc: (15, 2832, 528)
Elapsed: 0.400829
(1063/1242) loc: (15, 2832, 672)
Elapsed: 0.399747
(1064/1242) loc: (15, 2832, 816)
Elapsed: 0.397451
(1065/1242) loc: (15, 2832, 960)
Elapsed: 0.400878
(1066/1242) loc: (15, 2832, 1104)
Elapsed: 0.396125
(1067/1242) loc: (15, 2832, 1248)
Elapsed: 0.399706
(1068/1242) loc: (15, 2832, 1392)
Elapsed: 0.395784
(1069/1242) loc: (15, 2832, 1536)
Elapsed: 0.399158
(1070/1242) loc: (15, 2832, 1680)
Elapsed: 0.397230
(1071/1242) loc: (15, 2832, 1824)
Elapsed: 0.399817
(1072/1242) loc: (15, 2832, 1968)
Elapsed: 0.398591
(1073/1242) loc: (15, 2832, 2112)
Elapsed: 0.396224
(1074/1242) loc: (15, 2832, 2256)
Elapsed: 0.400467
(1075/1242) loc: (15, 2832, 2400)
Elapsed: 0.396977
(1076/1242) loc: (15, 2832, 2544)
Elapsed: 0.397512
(1077/1242) loc: (15, 2832, 2688)
Elapsed: 0.398807
(1078/1242) loc: (15, 2832, 2832)
Elapsed: 0.396868
(1079/1242) loc: (15, 2832, 2976)
Elapsed: 0.398061
(1080/1242) loc: (15, 2832, 3120)
Elapsed: 0.397361
(1081/1242) loc: (15, 2832, 3232)
Elapsed: 0.397132
(1082/1242) loc: (15, 2976, 96)
Elapsed: 0.407304
(1083/1242) loc: (15, 2976, 240)
Elapsed: 0.399595
(1084/1242) loc: (15, 2976, 384)
Elapsed: 0.395863
(1085/1242) loc: (15, 2976, 528)
Elapsed: 0.399548
(1086/1242) loc: (15, 2976, 672)
Elapsed: 0.400532
(1087/1242) loc: (15, 2976, 816)
Elapsed: 0.401988
(1088/1242) loc: (15, 2976, 960)
Elapsed: 0.401325
(1089/1242) loc: (15, 2976, 1104)
Elapsed: 0.396412
(1090/1242) loc: (15, 2976, 1248)
Elapsed: 0.400217
(1091/1242) loc: (15, 2976, 1392)
Elapsed: 0.396618
(1092/1242) loc: (15, 2976, 1536)
Elapsed: 0.401203
(1093/1242) loc: (15, 2976, 1680)
Elapsed: 0.397523
(1094/1242) loc: (15, 2976, 1824)
Elapsed: 0.399372
(1095/1242) loc: (15, 2976, 1968)
Elapsed: 0.399148
(1096/1242) loc: (15, 2976, 2112)
Elapsed: 0.396904
(1097/1242) loc: (15, 2976, 2256)
Elapsed: 0.399589
(1098/1242) loc: (15, 2976, 2400)
Elapsed: 0.396717
(1099/1242) loc: (15, 2976, 2544)
Elapsed: 0.397453
(1100/1242) loc: (15, 2976, 2688)
Elapsed: 0.396416
(1101/1242) loc: (15, 2976, 2832)
Elapsed: 0.396689
(1102/1242) loc: (15, 2976, 2976)
Elapsed: 0.397090
(1103/1242) loc: (15, 2976, 3120)
Elapsed: 0.396712
(1104/1242) loc: (15, 2976, 3232)
Elapsed: 0.397230
(1105/1242) loc: (15, 3120, 96)
Elapsed: 0.406182
(1106/1242) loc: (15, 3120, 240)
Elapsed: 0.399790
(1107/1242) loc: (15, 3120, 384)
Elapsed: 0.396664
(1108/1242) loc: (15, 3120, 528)
Elapsed: 0.400250
(1109/1242) loc: (15, 3120, 672)
Elapsed: 0.400174
(1110/1242) loc: (15, 3120, 816)
Elapsed: 0.396517
(1111/1242) loc: (15, 3120, 960)
Elapsed: 0.400120
(1112/1242) loc: (15, 3120, 1104)
Elapsed: 0.396079
(1113/1242) loc: (15, 3120, 1248)
Elapsed: 0.399883
(1114/1242) loc: (15, 3120, 1392)
Elapsed: 0.396801
(1115/1242) loc: (15, 3120, 1536)
Elapsed: 0.400252
(1116/1242) loc: (15, 3120, 1680)
Elapsed: 0.396801
(1117/1242) loc: (15, 3120, 1824)
Elapsed: 0.399331
(1118/1242) loc: (15, 3120, 1968)
Elapsed: 0.401344
(1119/1242) loc: (15, 3120, 2112)
Elapsed: 0.396864
(1120/1242) loc: (15, 3120, 2256)
Elapsed: 0.399121
(1121/1242) loc: (15, 3120, 2400)
Elapsed: 0.396328
(1122/1242) loc: (15, 3120, 2544)
Elapsed: 0.397663
(1123/1242) loc: (15, 3120, 2688)
Elapsed: 0.396415
(1124/1242) loc: (15, 3120, 2832)
Elapsed: 0.396496
(1125/1242) loc: (15, 3120, 2976)
Elapsed: 0.396269
(1126/1242) loc: (15, 3120, 3120)
Elapsed: 0.397001
(1127/1242) loc: (15, 3120, 3232)
Elapsed: 0.398088
(1128/1242) loc: (15, 3264, 96)
Elapsed: 0.408943
(1129/1242) loc: (15, 3264, 240)
Elapsed: 0.400409
(1130/1242) loc: (15, 3264, 384)
Elapsed: 0.396585
(1131/1242) loc: (15, 3264, 528)
Elapsed: 0.399722
(1132/1242) loc: (15, 3264, 672)
Elapsed: 0.401164
(1133/1242) loc: (15, 3264, 816)
Elapsed: 0.396967
(1134/1242) loc: (15, 3264, 960)
Elapsed: 0.400681
(1135/1242) loc: (15, 3264, 1104)
Elapsed: 0.398523
(1136/1242) loc: (15, 3264, 1248)
Elapsed: 0.400317
(1137/1242) loc: (15, 3264, 1392)
Elapsed: 0.396168
(1138/1242) loc: (15, 3264, 1536)
Elapsed: 0.401534
(1139/1242) loc: (15, 3264, 1680)
Elapsed: 0.399988
(1140/1242) loc: (15, 3264, 1824)
Elapsed: 0.402699
(1141/1242) loc: (15, 3264, 1968)
Elapsed: 0.400690
(1142/1242) loc: (15, 3264, 2112)
Elapsed: 0.397497
(1143/1242) loc: (15, 3264, 2256)
Elapsed: 0.399879
(1144/1242) loc: (15, 3264, 2400)
Elapsed: 0.397090
(1145/1242) loc: (15, 3264, 2544)
Elapsed: 0.398211
(1146/1242) loc: (15, 3264, 2688)
Elapsed: 0.396385
(1147/1242) loc: (15, 3264, 2832)
Elapsed: 0.397798
(1148/1242) loc: (15, 3264, 2976)
Elapsed: 0.397882
(1149/1242) loc: (15, 3264, 3120)
Elapsed: 0.396799
(1150/1242) loc: (15, 3264, 3232)
Elapsed: 0.397918
(1151/1242) loc: (15, 3408, 96)
Elapsed: 0.407145
(1152/1242) loc: (15, 3408, 240)
Elapsed: 0.399035
(1153/1242) loc: (15, 3408, 384)
Elapsed: 0.397105
(1154/1242) loc: (15, 3408, 528)
Elapsed: 0.399861
(1155/1242) loc: (15, 3408, 672)
Elapsed: 0.399752
(1156/1242) loc: (15, 3408, 816)
Elapsed: 0.396832
(1157/1242) loc: (15, 3408, 960)
Elapsed: 0.400151
(1158/1242) loc: (15, 3408, 1104)
Elapsed: 0.396928
(1159/1242) loc: (15, 3408, 1248)
Elapsed: 0.400315
(1160/1242) loc: (15, 3408, 1392)
Elapsed: 0.397350
(1161/1242) loc: (15, 3408, 1536)
Elapsed: 0.399988
(1162/1242) loc: (15, 3408, 1680)
Elapsed: 0.397261
(1163/1242) loc: (15, 3408, 1824)
Elapsed: 0.399853
(1164/1242) loc: (15, 3408, 1968)
Elapsed: 0.399735
(1165/1242) loc: (15, 3408, 2112)
Elapsed: 0.396712
(1166/1242) loc: (15, 3408, 2256)
Elapsed: 0.400612
(1167/1242) loc: (15, 3408, 2400)
Elapsed: 0.397343
(1168/1242) loc: (15, 3408, 2544)
Elapsed: 0.398468
(1169/1242) loc: (15, 3408, 2688)
Elapsed: 0.396933
(1170/1242) loc: (15, 3408, 2832)
Elapsed: 0.397874
(1171/1242) loc: (15, 3408, 2976)
Elapsed: 0.399555
(1172/1242) loc: (15, 3408, 3120)
Elapsed: 0.398054
(1173/1242) loc: (15, 3408, 3232)
Elapsed: 0.397448
(1174/1242) loc: (15, 3552, 96)
Elapsed: 0.406840
(1175/1242) loc: (15, 3552, 240)
Elapsed: 0.400994
(1176/1242) loc: (15, 3552, 384)
Elapsed: 0.397455
(1177/1242) loc: (15, 3552, 528)
Elapsed: 0.401565
(1178/1242) loc: (15, 3552, 672)
Elapsed: 0.400720
(1179/1242) loc: (15, 3552, 816)
Elapsed: 0.396126
(1180/1242) loc: (15, 3552, 960)
Elapsed: 0.401067
(1181/1242) loc: (15, 3552, 1104)
Elapsed: 0.396917
(1182/1242) loc: (15, 3552, 1248)
Elapsed: 0.401556
(1183/1242) loc: (15, 3552, 1392)
Elapsed: 0.396249
(1184/1242) loc: (15, 3552, 1536)
Elapsed: 0.400599
(1185/1242) loc: (15, 3552, 1680)
Elapsed: 0.396231
(1186/1242) loc: (15, 3552, 1824)
Elapsed: 0.399358
(1187/1242) loc: (15, 3552, 1968)
Elapsed: 0.400017
(1188/1242) loc: (15, 3552, 2112)
Elapsed: 0.397261
(1189/1242) loc: (15, 3552, 2256)
Elapsed: 0.399949
(1190/1242) loc: (15, 3552, 2400)
Elapsed: 0.396407
(1191/1242) loc: (15, 3552, 2544)
Elapsed: 0.398127
(1192/1242) loc: (15, 3552, 2688)
Elapsed: 0.397605
(1193/1242) loc: (15, 3552, 2832)
Elapsed: 0.397385
(1194/1242) loc: (15, 3552, 2976)
Elapsed: 0.398461
(1195/1242) loc: (15, 3552, 3120)
Elapsed: 0.396915
(1196/1242) loc: (15, 3552, 3232)
Elapsed: 0.396641
(1197/1242) loc: (15, 3696, 96)
Elapsed: 0.410078
(1198/1242) loc: (15, 3696, 240)
Elapsed: 0.401624
(1199/1242) loc: (15, 3696, 384)
Elapsed: 0.396409
(1200/1242) loc: (15, 3696, 528)
Elapsed: 0.399515
(1201/1242) loc: (15, 3696, 672)
Elapsed: 0.400010
(1202/1242) loc: (15, 3696, 816)
Elapsed: 0.396487
(1203/1242) loc: (15, 3696, 960)
Elapsed: 0.400916
(1204/1242) loc: (15, 3696, 1104)
Elapsed: 0.397819
(1205/1242) loc: (15, 3696, 1248)
Elapsed: 0.399291
(1206/1242) loc: (15, 3696, 1392)
Elapsed: 0.396881
(1207/1242) loc: (15, 3696, 1536)
Elapsed: 0.399729
(1208/1242) loc: (15, 3696, 1680)
Elapsed: 0.397659
(1209/1242) loc: (15, 3696, 1824)
Elapsed: 0.400667
(1210/1242) loc: (15, 3696, 1968)
Elapsed: 0.400120
(1211/1242) loc: (15, 3696, 2112)
Elapsed: 0.396721
(1212/1242) loc: (15, 3696, 2256)
Elapsed: 0.400033
(1213/1242) loc: (15, 3696, 2400)
Elapsed: 0.397146
(1214/1242) loc: (15, 3696, 2544)
Elapsed: 0.400285
(1215/1242) loc: (15, 3696, 2688)
Elapsed: 0.398678
(1216/1242) loc: (15, 3696, 2832)
Elapsed: 0.397469
(1217/1242) loc: (15, 3696, 2976)
Elapsed: 0.397671
(1218/1242) loc: (15, 3696, 3120)
Elapsed: 0.396790
(1219/1242) loc: (15, 3696, 3232)
Elapsed: 0.396742
(1220/1242) loc: (15, 3744, 96)
Elapsed: 0.400213
(1221/1242) loc: (15, 3744, 240)
Elapsed: 0.397604
(1222/1242) loc: (15, 3744, 384)
Elapsed: 0.396322
(1223/1242) loc: (15, 3744, 528)
Elapsed: 0.396798
(1224/1242) loc: (15, 3744, 672)
Elapsed: 0.401876
(1225/1242) loc: (15, 3744, 816)
Elapsed: 0.396105
(1226/1242) loc: (15, 3744, 960)
Elapsed: 0.398478
(1227/1242) loc: (15, 3744, 1104)
Elapsed: 0.397159
(1228/1242) loc: (15, 3744, 1248)
Elapsed: 0.398250
(1229/1242) loc: (15, 3744, 1392)
Elapsed: 0.401200
(1230/1242) loc: (15, 3744, 1536)
Elapsed: 0.397504
(1231/1242) loc: (15, 3744, 1680)
Elapsed: 0.395861
(1232/1242) loc: (15, 3744, 1824)
Elapsed: 0.397317
(1233/1242) loc: (15, 3744, 1968)
Elapsed: 0.397030
(1234/1242) loc: (15, 3744, 2112)
Elapsed: 0.398574
(1235/1242) loc: (15, 3744, 2256)
Elapsed: 0.399063
(1236/1242) loc: (15, 3744, 2400)
Elapsed: 0.395985
(1237/1242) loc: (15, 3744, 2544)
Elapsed: 0.396088
(1238/1242) loc: (15, 3744, 2688)
Elapsed: 0.395807
(1239/1242) loc: (15, 3744, 2832)
Elapsed: 0.397891
(1240/1242) loc: (15, 3744, 2976)
Elapsed: 0.397686
(1241/1242) loc: (15, 3744, 3120)
Elapsed: 0.396597
(1242/1242) loc: (15, 3744, 3232)
Elapsed: 0.397445
\patch 77: 9.1 min
