Array Index: 79
running inference on: 
20170212_tp_bl6_crii_rlat_04
(1/1000) loc: (10, 96, 96)
Elapsed: 0.412868
(2/1000) loc: (10, 96, 240)
Elapsed: 0.399486
(3/1000) loc: (10, 96, 384)
Elapsed: 0.400094
(4/1000) loc: (10, 96, 528)
Elapsed: 0.400397
(5/1000) loc: (10, 96, 672)
Elapsed: 0.399701
(6/1000) loc: (10, 96, 816)
Elapsed: 0.399113
(7/1000) loc: (10, 96, 960)
Elapsed: 0.399168
(8/1000) loc: (10, 96, 1104)
Elapsed: 0.400164
(9/1000) loc: (10, 96, 1248)
Elapsed: 0.399516
(10/1000) loc: (10, 96, 1392)
Elapsed: 0.399764
(11/1000) loc: (10, 96, 1536)
Elapsed: 0.398307
(12/1000) loc: (10, 96, 1680)
Elapsed: 0.399696
(13/1000) loc: (10, 96, 1824)
Elapsed: 0.398984
(14/1000) loc: (10, 96, 1968)
Elapsed: 0.400750
(15/1000) loc: (10, 96, 2112)
Elapsed: 0.398860
(16/1000) loc: (10, 96, 2256)
Elapsed: 0.398989
(17/1000) loc: (10, 96, 2400)
Elapsed: 0.400858
(18/1000) loc: (10, 96, 2544)
Elapsed: 0.400690
(19/1000) loc: (10, 96, 2688)
Elapsed: 0.400662
(20/1000) loc: (10, 96, 2814)
Elapsed: 0.400144
(21/1000) loc: (10, 240, 96)
Elapsed: 0.403239
(22/1000) loc: (10, 240, 240)
Elapsed: 0.399522
(23/1000) loc: (10, 240, 384)
Elapsed: 0.400577
(24/1000) loc: (10, 240, 528)
Elapsed: 0.403812
(25/1000) loc: (10, 240, 672)
Elapsed: 0.401501
(26/1000) loc: (10, 240, 816)
Elapsed: 0.400234
(27/1000) loc: (10, 240, 960)
Elapsed: 0.401424
(28/1000) loc: (10, 240, 1104)
Elapsed: 0.401377
(29/1000) loc: (10, 240, 1248)
Elapsed: 0.401589
(30/1000) loc: (10, 240, 1392)
Elapsed: 0.400017
(31/1000) loc: (10, 240, 1536)
Elapsed: 0.400305
(32/1000) loc: (10, 240, 1680)
Elapsed: 0.400235
(33/1000) loc: (10, 240, 1824)
Elapsed: 0.400373
(34/1000) loc: (10, 240, 1968)
Elapsed: 0.401424
(35/1000) loc: (10, 240, 2112)
Elapsed: 0.400246
(36/1000) loc: (10, 240, 2256)
Elapsed: 0.400443
(37/1000) loc: (10, 240, 2400)
Elapsed: 0.399382
(38/1000) loc: (10, 240, 2544)
Elapsed: 0.399175
(39/1000) loc: (10, 240, 2688)
Elapsed: 0.399444
(40/1000) loc: (10, 240, 2814)
Elapsed: 0.400204
(41/1000) loc: (10, 384, 96)
Elapsed: 0.405699
(42/1000) loc: (10, 384, 240)
Elapsed: 0.401206
(43/1000) loc: (10, 384, 384)
Elapsed: 0.405147
(44/1000) loc: (10, 384, 528)
Elapsed: 0.401460
(45/1000) loc: (10, 384, 672)
Elapsed: 0.400502
(46/1000) loc: (10, 384, 816)
Elapsed: 0.400862
(47/1000) loc: (10, 384, 960)
Elapsed: 0.400269
(48/1000) loc: (10, 384, 1104)
Elapsed: 0.400485
(49/1000) loc: (10, 384, 1248)
Elapsed: 0.400772
(50/1000) loc: (10, 384, 1392)
Elapsed: 0.400849
(51/1000) loc: (10, 384, 1536)
Elapsed: 0.401025
(52/1000) loc: (10, 384, 1680)
Elapsed: 0.400522
(53/1000) loc: (10, 384, 1824)
Elapsed: 0.400936
(54/1000) loc: (10, 384, 1968)
Elapsed: 0.400925
(55/1000) loc: (10, 384, 2112)
Elapsed: 0.399246
(56/1000) loc: (10, 384, 2256)
Elapsed: 0.400970
(57/1000) loc: (10, 384, 2400)
Elapsed: 0.399910
(58/1000) loc: (10, 384, 2544)
Elapsed: 0.400471
(59/1000) loc: (10, 384, 2688)
Elapsed: 0.400734
(60/1000) loc: (10, 384, 2814)
Elapsed: 0.401918
(61/1000) loc: (10, 528, 96)
Elapsed: 0.407428
(62/1000) loc: (10, 528, 240)
Elapsed: 0.401331
(63/1000) loc: (10, 528, 384)
Elapsed: 0.401225
(64/1000) loc: (10, 528, 528)
Elapsed: 0.401430
(65/1000) loc: (10, 528, 672)
Elapsed: 0.400393
(66/1000) loc: (10, 528, 816)
Elapsed: 0.400380
(67/1000) loc: (10, 528, 960)
Elapsed: 0.400844
(68/1000) loc: (10, 528, 1104)
Elapsed: 0.400226
(69/1000) loc: (10, 528, 1248)
Elapsed: 0.400384
(70/1000) loc: (10, 528, 1392)
Elapsed: 0.399565
(71/1000) loc: (10, 528, 1536)
Elapsed: 0.400446
(72/1000) loc: (10, 528, 1680)
Elapsed: 0.402344
(73/1000) loc: (10, 528, 1824)
Elapsed: 0.399452
(74/1000) loc: (10, 528, 1968)
Elapsed: 0.400476
(75/1000) loc: (10, 528, 2112)
Elapsed: 0.399923
(76/1000) loc: (10, 528, 2256)
Elapsed: 0.400823
(77/1000) loc: (10, 528, 2400)
Elapsed: 0.400203
(78/1000) loc: (10, 528, 2544)
Elapsed: 0.399527
(79/1000) loc: (10, 528, 2688)
Elapsed: 0.399708
(80/1000) loc: (10, 528, 2814)
Elapsed: 0.401965
(81/1000) loc: (10, 672, 96)
Elapsed: 0.406289
(82/1000) loc: (10, 672, 240)
Elapsed: 0.400022
(83/1000) loc: (10, 672, 384)
Elapsed: 0.401630
(84/1000) loc: (10, 672, 528)
Elapsed: 0.400963
(85/1000) loc: (10, 672, 672)
Elapsed: 0.400685
(86/1000) loc: (10, 672, 816)
Elapsed: 0.400770
(87/1000) loc: (10, 672, 960)
Elapsed: 0.401495
(88/1000) loc: (10, 672, 1104)
Elapsed: 0.400431
(89/1000) loc: (10, 672, 1248)
Elapsed: 0.400792
(90/1000) loc: (10, 672, 1392)
Elapsed: 0.401505
(91/1000) loc: (10, 672, 1536)
Elapsed: 0.400103
(92/1000) loc: (10, 672, 1680)
Elapsed: 0.402204
(93/1000) loc: (10, 672, 1824)
Elapsed: 0.400976
(94/1000) loc: (10, 672, 1968)
Elapsed: 0.400322
(95/1000) loc: (10, 672, 2112)
Elapsed: 0.401064
(96/1000) loc: (10, 672, 2256)
Elapsed: 0.400226
(97/1000) loc: (10, 672, 2400)
Elapsed: 0.399362
(98/1000) loc: (10, 672, 2544)
Elapsed: 0.400114
(99/1000) loc: (10, 672, 2688)
Elapsed: 0.401352
(100/1000) loc: (10, 672, 2814)
Elapsed: 0.399203
(101/1000) loc: (10, 816, 96)
Elapsed: 0.405665
(102/1000) loc: (10, 816, 240)
Elapsed: 0.400873
(103/1000) loc: (10, 816, 384)
Elapsed: 0.401149
(104/1000) loc: (10, 816, 528)
Elapsed: 0.400648
(105/1000) loc: (10, 816, 672)
Elapsed: 0.400128
(106/1000) loc: (10, 816, 816)
Elapsed: 0.401619
(107/1000) loc: (10, 816, 960)
Elapsed: 0.400394
(108/1000) loc: (10, 816, 1104)
Elapsed: 0.400173
(109/1000) loc: (10, 816, 1248)
Elapsed: 0.399918
(110/1000) loc: (10, 816, 1392)
Elapsed: 0.400076
(111/1000) loc: (10, 816, 1536)
Elapsed: 0.401376
(112/1000) loc: (10, 816, 1680)
Elapsed: 0.399928
(113/1000) loc: (10, 816, 1824)
Elapsed: 0.400477
(114/1000) loc: (10, 816, 1968)
Elapsed: 0.399552
(115/1000) loc: (10, 816, 2112)
Elapsed: 0.399600
(116/1000) loc: (10, 816, 2256)
Elapsed: 0.399863
(117/1000) loc: (10, 816, 2400)
Elapsed: 0.400166
(118/1000) loc: (10, 816, 2544)
Elapsed: 0.403976
(119/1000) loc: (10, 816, 2688)
Elapsed: 0.399581
(120/1000) loc: (10, 816, 2814)
Elapsed: 0.399112
(121/1000) loc: (10, 960, 96)
Elapsed: 0.404974
(122/1000) loc: (10, 960, 240)
Elapsed: 0.401503
(123/1000) loc: (10, 960, 384)
Elapsed: 0.400054
(124/1000) loc: (10, 960, 528)
Elapsed: 0.401169
(125/1000) loc: (10, 960, 672)
Elapsed: 0.399324
(126/1000) loc: (10, 960, 816)
Elapsed: 0.400924
(127/1000) loc: (10, 960, 960)
Elapsed: 0.399313
(128/1000) loc: (10, 960, 1104)
Elapsed: 0.400600
(129/1000) loc: (10, 960, 1248)
Elapsed: 0.401078
(130/1000) loc: (10, 960, 1392)
Elapsed: 0.400483
(131/1000) loc: (10, 960, 1536)
Elapsed: 0.400364
(132/1000) loc: (10, 960, 1680)
Elapsed: 0.401248
(133/1000) loc: (10, 960, 1824)
Elapsed: 0.399019
(134/1000) loc: (10, 960, 1968)
Elapsed: 0.399275
(135/1000) loc: (10, 960, 2112)
Elapsed: 0.398981
(136/1000) loc: (10, 960, 2256)
Elapsed: 0.400061
(137/1000) loc: (10, 960, 2400)
Elapsed: 0.399693
(138/1000) loc: (10, 960, 2544)
Elapsed: 0.399601
(139/1000) loc: (10, 960, 2688)
Elapsed: 0.398931
(140/1000) loc: (10, 960, 2814)
Elapsed: 0.399725
(141/1000) loc: (10, 1104, 96)
Elapsed: 0.406537
(142/1000) loc: (10, 1104, 240)
Elapsed: 0.400867
(143/1000) loc: (10, 1104, 384)
Elapsed: 0.400197
(144/1000) loc: (10, 1104, 528)
Elapsed: 0.400161
(145/1000) loc: (10, 1104, 672)
Elapsed: 0.399668
(146/1000) loc: (10, 1104, 816)
Elapsed: 0.399171
(147/1000) loc: (10, 1104, 960)
Elapsed: 0.399866
(148/1000) loc: (10, 1104, 1104)
Elapsed: 0.401291
(149/1000) loc: (10, 1104, 1248)
Elapsed: 0.400064
(150/1000) loc: (10, 1104, 1392)
Elapsed: 0.400043
(151/1000) loc: (10, 1104, 1536)
Elapsed: 0.399627
(152/1000) loc: (10, 1104, 1680)
Elapsed: 0.400909
(153/1000) loc: (10, 1104, 1824)
Elapsed: 0.400932
(154/1000) loc: (10, 1104, 1968)
Elapsed: 0.400800
(155/1000) loc: (10, 1104, 2112)
Elapsed: 0.399999
(156/1000) loc: (10, 1104, 2256)
Elapsed: 0.399525
(157/1000) loc: (10, 1104, 2400)
Elapsed: 0.399162
(158/1000) loc: (10, 1104, 2544)
Elapsed: 0.399354
(159/1000) loc: (10, 1104, 2688)
Elapsed: 0.399830
(160/1000) loc: (10, 1104, 2814)
Elapsed: 0.400684
(161/1000) loc: (10, 1248, 96)
Elapsed: 0.405617
(162/1000) loc: (10, 1248, 240)
Elapsed: 0.399255
(163/1000) loc: (10, 1248, 384)
Elapsed: 0.400283
(164/1000) loc: (10, 1248, 528)
Elapsed: 0.400831
(165/1000) loc: (10, 1248, 672)
Elapsed: 0.400361
(166/1000) loc: (10, 1248, 816)
Elapsed: 0.400316
(167/1000) loc: (10, 1248, 960)
Elapsed: 0.400350
(168/1000) loc: (10, 1248, 1104)
Elapsed: 0.400034
(169/1000) loc: (10, 1248, 1248)
Elapsed: 0.401355
(170/1000) loc: (10, 1248, 1392)
Elapsed: 0.400877
(171/1000) loc: (10, 1248, 1536)
Elapsed: 0.400927
(172/1000) loc: (10, 1248, 1680)
Elapsed: 0.400510
(173/1000) loc: (10, 1248, 1824)
Elapsed: 0.401030
(174/1000) loc: (10, 1248, 1968)
Elapsed: 0.401063
(175/1000) loc: (10, 1248, 2112)
Elapsed: 0.399778
(176/1000) loc: (10, 1248, 2256)
Elapsed: 0.400667
(177/1000) loc: (10, 1248, 2400)
Elapsed: 0.400196
(178/1000) loc: (10, 1248, 2544)
Elapsed: 0.399424
(179/1000) loc: (10, 1248, 2688)
Elapsed: 0.400472
(180/1000) loc: (10, 1248, 2814)
Elapsed: 0.400300
(181/1000) loc: (10, 1392, 96)
Elapsed: 0.406510
(182/1000) loc: (10, 1392, 240)
Elapsed: 0.401042
(183/1000) loc: (10, 1392, 384)
Elapsed: 0.399929
(184/1000) loc: (10, 1392, 528)
Elapsed: 0.400622
(185/1000) loc: (10, 1392, 672)
Elapsed: 0.400261
(186/1000) loc: (10, 1392, 816)
Elapsed: 0.401822
(187/1000) loc: (10, 1392, 960)
Elapsed: 0.401757
(188/1000) loc: (10, 1392, 1104)
Elapsed: 0.402090
(189/1000) loc: (10, 1392, 1248)
Elapsed: 0.401301
(190/1000) loc: (10, 1392, 1392)
Elapsed: 0.400530
(191/1000) loc: (10, 1392, 1536)
Elapsed: 0.402891
(192/1000) loc: (10, 1392, 1680)
Elapsed: 0.401462
(193/1000) loc: (10, 1392, 1824)
Elapsed: 0.402709
(194/1000) loc: (10, 1392, 1968)
Elapsed: 0.400429
(195/1000) loc: (10, 1392, 2112)
Elapsed: 0.401213
(196/1000) loc: (10, 1392, 2256)
Elapsed: 0.403787
(197/1000) loc: (10, 1392, 2400)
Elapsed: 0.400854
(198/1000) loc: (10, 1392, 2544)
Elapsed: 0.401372
(199/1000) loc: (10, 1392, 2688)
Elapsed: 0.398738
(200/1000) loc: (10, 1392, 2814)
Elapsed: 0.400316
(201/1000) loc: (10, 1536, 96)
Elapsed: 0.405971
(202/1000) loc: (10, 1536, 240)
Elapsed: 0.399853
(203/1000) loc: (10, 1536, 384)
Elapsed: 0.401985
(204/1000) loc: (10, 1536, 528)
Elapsed: 0.400519
(205/1000) loc: (10, 1536, 672)
Elapsed: 0.399925
(206/1000) loc: (10, 1536, 816)
Elapsed: 0.400496
(207/1000) loc: (10, 1536, 960)
Elapsed: 0.400270
(208/1000) loc: (10, 1536, 1104)
Elapsed: 0.400440
(209/1000) loc: (10, 1536, 1248)
Elapsed: 0.400692
(210/1000) loc: (10, 1536, 1392)
Elapsed: 0.400344
(211/1000) loc: (10, 1536, 1536)
Elapsed: 0.401963
(212/1000) loc: (10, 1536, 1680)
Elapsed: 0.401271
(213/1000) loc: (10, 1536, 1824)
Elapsed: 0.400043
(214/1000) loc: (10, 1536, 1968)
Elapsed: 0.399501
(215/1000) loc: (10, 1536, 2112)
Elapsed: 0.398602
(216/1000) loc: (10, 1536, 2256)
Elapsed: 0.400401
(217/1000) loc: (10, 1536, 2400)
Elapsed: 0.400476
(218/1000) loc: (10, 1536, 2544)
Elapsed: 0.399424
(219/1000) loc: (10, 1536, 2688)
Elapsed: 0.400026
(220/1000) loc: (10, 1536, 2814)
Elapsed: 0.399781
(221/1000) loc: (10, 1680, 96)
Elapsed: 0.406185
(222/1000) loc: (10, 1680, 240)
Elapsed: 0.400018
(223/1000) loc: (10, 1680, 384)
Elapsed: 0.400495
(224/1000) loc: (10, 1680, 528)
Elapsed: 0.400601
(225/1000) loc: (10, 1680, 672)
Elapsed: 0.400106
(226/1000) loc: (10, 1680, 816)
Elapsed: 0.400462
(227/1000) loc: (10, 1680, 960)
Elapsed: 0.400345
(228/1000) loc: (10, 1680, 1104)
Elapsed: 0.400156
(229/1000) loc: (10, 1680, 1248)
Elapsed: 0.400389
(230/1000) loc: (10, 1680, 1392)
Elapsed: 0.400821
(231/1000) loc: (10, 1680, 1536)
Elapsed: 0.399461
(232/1000) loc: (10, 1680, 1680)
Elapsed: 0.400010
(233/1000) loc: (10, 1680, 1824)
Elapsed: 0.399313
(234/1000) loc: (10, 1680, 1968)
Elapsed: 0.399405
(235/1000) loc: (10, 1680, 2112)
Elapsed: 0.399961
(236/1000) loc: (10, 1680, 2256)
Elapsed: 0.399232
(237/1000) loc: (10, 1680, 2400)
Elapsed: 0.399683
(238/1000) loc: (10, 1680, 2544)
Elapsed: 0.403977
(239/1000) loc: (10, 1680, 2688)
Elapsed: 0.399622
(240/1000) loc: (10, 1680, 2814)
Elapsed: 0.399834
(241/1000) loc: (10, 1824, 96)
Elapsed: 0.405922
(242/1000) loc: (10, 1824, 240)
Elapsed: 0.400677
(243/1000) loc: (10, 1824, 384)
Elapsed: 0.400576
(244/1000) loc: (10, 1824, 528)
Elapsed: 0.400503
(245/1000) loc: (10, 1824, 672)
Elapsed: 0.400445
(246/1000) loc: (10, 1824, 816)
Elapsed: 0.401696
(247/1000) loc: (10, 1824, 960)
Elapsed: 0.401068
(248/1000) loc: (10, 1824, 1104)
Elapsed: 0.401261
(249/1000) loc: (10, 1824, 1248)
Elapsed: 0.399099
(250/1000) loc: (10, 1824, 1392)
Elapsed: 0.399689
(251/1000) loc: (10, 1824, 1536)
Elapsed: 0.399222
(252/1000) loc: (10, 1824, 1680)
Elapsed: 0.400088
(253/1000) loc: (10, 1824, 1824)
Elapsed: 0.400198
(254/1000) loc: (10, 1824, 1968)
Elapsed: 0.399315
(255/1000) loc: (10, 1824, 2112)
Elapsed: 0.401258
(256/1000) loc: (10, 1824, 2256)
Elapsed: 0.399509
(257/1000) loc: (10, 1824, 2400)
Elapsed: 0.399137
(258/1000) loc: (10, 1824, 2544)
Elapsed: 0.399562
(259/1000) loc: (10, 1824, 2688)
Elapsed: 0.400120
(260/1000) loc: (10, 1824, 2814)
Elapsed: 0.399111
(261/1000) loc: (10, 1968, 96)
Elapsed: 0.405271
(262/1000) loc: (10, 1968, 240)
Elapsed: 0.400222
(263/1000) loc: (10, 1968, 384)
Elapsed: 0.400487
(264/1000) loc: (10, 1968, 528)
Elapsed: 0.400488
(265/1000) loc: (10, 1968, 672)
Elapsed: 0.400481
(266/1000) loc: (10, 1968, 816)
Elapsed: 0.399888
(267/1000) loc: (10, 1968, 960)
Elapsed: 0.400587
(268/1000) loc: (10, 1968, 1104)
Elapsed: 0.400859
(269/1000) loc: (10, 1968, 1248)
Elapsed: 0.399572
(270/1000) loc: (10, 1968, 1392)
Elapsed: 0.400322
(271/1000) loc: (10, 1968, 1536)
Elapsed: 0.400702
(272/1000) loc: (10, 1968, 1680)
Elapsed: 0.401272
(273/1000) loc: (10, 1968, 1824)
Elapsed: 0.400180
(274/1000) loc: (10, 1968, 1968)
Elapsed: 0.399497
(275/1000) loc: (10, 1968, 2112)
Elapsed: 0.399994
(276/1000) loc: (10, 1968, 2256)
Elapsed: 0.400118
(277/1000) loc: (10, 1968, 2400)
Elapsed: 0.399895
(278/1000) loc: (10, 1968, 2544)
Elapsed: 0.400025
(279/1000) loc: (10, 1968, 2688)
Elapsed: 0.399322
(280/1000) loc: (10, 1968, 2814)
Elapsed: 0.399995
(281/1000) loc: (10, 2112, 96)
Elapsed: 0.406267
(282/1000) loc: (10, 2112, 240)
Elapsed: 0.400292
(283/1000) loc: (10, 2112, 384)
Elapsed: 0.400748
(284/1000) loc: (10, 2112, 528)
Elapsed: 0.400798
(285/1000) loc: (10, 2112, 672)
Elapsed: 0.401012
(286/1000) loc: (10, 2112, 816)
Elapsed: 0.400932
(287/1000) loc: (10, 2112, 960)
Elapsed: 0.400190
(288/1000) loc: (10, 2112, 1104)
Elapsed: 0.401558
(289/1000) loc: (10, 2112, 1248)
Elapsed: 0.401336
(290/1000) loc: (10, 2112, 1392)
Elapsed: 0.401182
(291/1000) loc: (10, 2112, 1536)
Elapsed: 0.399745
(292/1000) loc: (10, 2112, 1680)
Elapsed: 0.402260
(293/1000) loc: (10, 2112, 1824)
Elapsed: 0.400733
(294/1000) loc: (10, 2112, 1968)
Elapsed: 0.399278
(295/1000) loc: (10, 2112, 2112)
Elapsed: 0.400506
(296/1000) loc: (10, 2112, 2256)
Elapsed: 0.400264
(297/1000) loc: (10, 2112, 2400)
Elapsed: 0.399171
(298/1000) loc: (10, 2112, 2544)
Elapsed: 0.400995
(299/1000) loc: (10, 2112, 2688)
Elapsed: 0.399224
(300/1000) loc: (10, 2112, 2814)
Elapsed: 0.399887
(301/1000) loc: (10, 2256, 96)
Elapsed: 0.406122
(302/1000) loc: (10, 2256, 240)
Elapsed: 0.400585
(303/1000) loc: (10, 2256, 384)
Elapsed: 0.400145
(304/1000) loc: (10, 2256, 528)
Elapsed: 0.399288
(305/1000) loc: (10, 2256, 672)
Elapsed: 0.401182
(306/1000) loc: (10, 2256, 816)
Elapsed: 0.400387
(307/1000) loc: (10, 2256, 960)
Elapsed: 0.400733
(308/1000) loc: (10, 2256, 1104)
Elapsed: 0.401983
(309/1000) loc: (10, 2256, 1248)
Elapsed: 0.399332
(310/1000) loc: (10, 2256, 1392)
Elapsed: 0.400016
(311/1000) loc: (10, 2256, 1536)
Elapsed: 0.402041
(312/1000) loc: (10, 2256, 1680)
Elapsed: 0.401099
(313/1000) loc: (10, 2256, 1824)
Elapsed: 0.400148
(314/1000) loc: (10, 2256, 1968)
Elapsed: 0.401126
(315/1000) loc: (10, 2256, 2112)
Elapsed: 0.400093
(316/1000) loc: (10, 2256, 2256)
Elapsed: 0.399978
(317/1000) loc: (10, 2256, 2400)
Elapsed: 0.400822
(318/1000) loc: (10, 2256, 2544)
Elapsed: 0.399440
(319/1000) loc: (10, 2256, 2688)
Elapsed: 0.400347
(320/1000) loc: (10, 2256, 2814)
Elapsed: 0.400295
(321/1000) loc: (10, 2400, 96)
Elapsed: 0.405857
(322/1000) loc: (10, 2400, 240)
Elapsed: 0.401520
(323/1000) loc: (10, 2400, 384)
Elapsed: 0.401468
(324/1000) loc: (10, 2400, 528)
Elapsed: 0.402646
(325/1000) loc: (10, 2400, 672)
Elapsed: 0.401274
(326/1000) loc: (10, 2400, 816)
Elapsed: 0.402143
(327/1000) loc: (10, 2400, 960)
Elapsed: 0.401298
(328/1000) loc: (10, 2400, 1104)
Elapsed: 0.402632
(329/1000) loc: (10, 2400, 1248)
Elapsed: 0.401296
(330/1000) loc: (10, 2400, 1392)
Elapsed: 0.401544
(331/1000) loc: (10, 2400, 1536)
Elapsed: 0.400740
(332/1000) loc: (10, 2400, 1680)
Elapsed: 0.401487
(333/1000) loc: (10, 2400, 1824)
Elapsed: 0.401140
(334/1000) loc: (10, 2400, 1968)
Elapsed: 0.401581
(335/1000) loc: (10, 2400, 2112)
Elapsed: 0.400314
(336/1000) loc: (10, 2400, 2256)
Elapsed: 0.401052
(337/1000) loc: (10, 2400, 2400)
Elapsed: 0.400002
(338/1000) loc: (10, 2400, 2544)
Elapsed: 0.398847
(339/1000) loc: (10, 2400, 2688)
Elapsed: 0.400117
(340/1000) loc: (10, 2400, 2814)
Elapsed: 0.399838
(341/1000) loc: (10, 2544, 96)
Elapsed: 0.405705
(342/1000) loc: (10, 2544, 240)
Elapsed: 0.400599
(343/1000) loc: (10, 2544, 384)
Elapsed: 0.401061
(344/1000) loc: (10, 2544, 528)
Elapsed: 0.399802
(345/1000) loc: (10, 2544, 672)
Elapsed: 0.400403
(346/1000) loc: (10, 2544, 816)
Elapsed: 0.401122
(347/1000) loc: (10, 2544, 960)
Elapsed: 0.399789
(348/1000) loc: (10, 2544, 1104)
Elapsed: 0.400167
(349/1000) loc: (10, 2544, 1248)
Elapsed: 0.400121
(350/1000) loc: (10, 2544, 1392)
Elapsed: 0.400433
(351/1000) loc: (10, 2544, 1536)
Elapsed: 0.400362
(352/1000) loc: (10, 2544, 1680)
Elapsed: 0.399683
(353/1000) loc: (10, 2544, 1824)
Elapsed: 0.400301
(354/1000) loc: (10, 2544, 1968)
Elapsed: 0.399214
(355/1000) loc: (10, 2544, 2112)
Elapsed: 0.399791
(356/1000) loc: (10, 2544, 2256)
Elapsed: 0.399791
(357/1000) loc: (10, 2544, 2400)
Elapsed: 0.399575
(358/1000) loc: (10, 2544, 2544)
Elapsed: 0.398546
(359/1000) loc: (10, 2544, 2688)
Elapsed: 0.399568
(360/1000) loc: (10, 2544, 2814)
Elapsed: 0.399325
(361/1000) loc: (10, 2688, 96)
Elapsed: 0.405515
(362/1000) loc: (10, 2688, 240)
Elapsed: 0.399796
(363/1000) loc: (10, 2688, 384)
Elapsed: 0.400804
(364/1000) loc: (10, 2688, 528)
Elapsed: 0.400486
(365/1000) loc: (10, 2688, 672)
Elapsed: 0.401026
(366/1000) loc: (10, 2688, 816)
Elapsed: 0.400656
(367/1000) loc: (10, 2688, 960)
Elapsed: 0.400123
(368/1000) loc: (10, 2688, 1104)
Elapsed: 0.400038
(369/1000) loc: (10, 2688, 1248)
Elapsed: 0.400296
(370/1000) loc: (10, 2688, 1392)
Elapsed: 0.400260
(371/1000) loc: (10, 2688, 1536)
Elapsed: 0.400426
(372/1000) loc: (10, 2688, 1680)
Elapsed: 0.399896
(373/1000) loc: (10, 2688, 1824)
Elapsed: 0.401506
(374/1000) loc: (10, 2688, 1968)
Elapsed: 0.400769
(375/1000) loc: (10, 2688, 2112)
Elapsed: 0.399664
(376/1000) loc: (10, 2688, 2256)
Elapsed: 0.398938
(377/1000) loc: (10, 2688, 2400)
Elapsed: 0.404470
(378/1000) loc: (10, 2688, 2544)
Elapsed: 0.399865
(379/1000) loc: (10, 2688, 2688)
Elapsed: 0.398977
(380/1000) loc: (10, 2688, 2814)
Elapsed: 0.402160
(381/1000) loc: (10, 2832, 96)
Elapsed: 0.406178
(382/1000) loc: (10, 2832, 240)
Elapsed: 0.400433
(383/1000) loc: (10, 2832, 384)
Elapsed: 0.401826
(384/1000) loc: (10, 2832, 528)
Elapsed: 0.400492
(385/1000) loc: (10, 2832, 672)
Elapsed: 0.400420
(386/1000) loc: (10, 2832, 816)
Elapsed: 0.400193
(387/1000) loc: (10, 2832, 960)
Elapsed: 0.400381
(388/1000) loc: (10, 2832, 1104)
Elapsed: 0.400851
(389/1000) loc: (10, 2832, 1248)
Elapsed: 0.400826
(390/1000) loc: (10, 2832, 1392)
Elapsed: 0.401108
(391/1000) loc: (10, 2832, 1536)
Elapsed: 0.401015
(392/1000) loc: (10, 2832, 1680)
Elapsed: 0.399945
(393/1000) loc: (10, 2832, 1824)
Elapsed: 0.400296
(394/1000) loc: (10, 2832, 1968)
Elapsed: 0.399520
(395/1000) loc: (10, 2832, 2112)
Elapsed: 0.399042
(396/1000) loc: (10, 2832, 2256)
Elapsed: 0.399881
(397/1000) loc: (10, 2832, 2400)
Elapsed: 0.399211
(398/1000) loc: (10, 2832, 2544)
Elapsed: 0.399136
(399/1000) loc: (10, 2832, 2688)
Elapsed: 0.399547
(400/1000) loc: (10, 2832, 2814)
Elapsed: 0.400505
(401/1000) loc: (10, 2976, 96)
Elapsed: 0.405627
(402/1000) loc: (10, 2976, 240)
Elapsed: 0.400585
(403/1000) loc: (10, 2976, 384)
Elapsed: 0.399954
(404/1000) loc: (10, 2976, 528)
Elapsed: 0.401293
(405/1000) loc: (10, 2976, 672)
Elapsed: 0.400576
(406/1000) loc: (10, 2976, 816)
Elapsed: 0.399811
(407/1000) loc: (10, 2976, 960)
Elapsed: 0.400115
(408/1000) loc: (10, 2976, 1104)
Elapsed: 0.401129
(409/1000) loc: (10, 2976, 1248)
Elapsed: 0.400380
(410/1000) loc: (10, 2976, 1392)
Elapsed: 0.402203
(411/1000) loc: (10, 2976, 1536)
Elapsed: 0.399701
(412/1000) loc: (10, 2976, 1680)
Elapsed: 0.400234
(413/1000) loc: (10, 2976, 1824)
Elapsed: 0.400650
(414/1000) loc: (10, 2976, 1968)
Elapsed: 0.399476
(415/1000) loc: (10, 2976, 2112)
Elapsed: 0.400175
(416/1000) loc: (10, 2976, 2256)
Elapsed: 0.399526
(417/1000) loc: (10, 2976, 2400)
Elapsed: 0.400244
(418/1000) loc: (10, 2976, 2544)
Elapsed: 0.399504
(419/1000) loc: (10, 2976, 2688)
Elapsed: 0.399652
(420/1000) loc: (10, 2976, 2814)
Elapsed: 0.401019
(421/1000) loc: (10, 3120, 96)
Elapsed: 0.405967
(422/1000) loc: (10, 3120, 240)
Elapsed: 0.399598
(423/1000) loc: (10, 3120, 384)
Elapsed: 0.400723
(424/1000) loc: (10, 3120, 528)
Elapsed: 0.400765
(425/1000) loc: (10, 3120, 672)
Elapsed: 0.400682
(426/1000) loc: (10, 3120, 816)
Elapsed: 0.399525
(427/1000) loc: (10, 3120, 960)
Elapsed: 0.400961
(428/1000) loc: (10, 3120, 1104)
Elapsed: 0.400272
(429/1000) loc: (10, 3120, 1248)
Elapsed: 0.400350
(430/1000) loc: (10, 3120, 1392)
Elapsed: 0.400155
(431/1000) loc: (10, 3120, 1536)
Elapsed: 0.401290
(432/1000) loc: (10, 3120, 1680)
Elapsed: 0.399734
(433/1000) loc: (10, 3120, 1824)
Elapsed: 0.400877
(434/1000) loc: (10, 3120, 1968)
Elapsed: 0.398974
(435/1000) loc: (10, 3120, 2112)
Elapsed: 0.399546
(436/1000) loc: (10, 3120, 2256)
Elapsed: 0.399833
(437/1000) loc: (10, 3120, 2400)
Elapsed: 0.398774
(438/1000) loc: (10, 3120, 2544)
Elapsed: 0.399672
(439/1000) loc: (10, 3120, 2688)
Elapsed: 0.399763
(440/1000) loc: (10, 3120, 2814)
Elapsed: 0.399281
(441/1000) loc: (10, 3264, 96)
Elapsed: 0.404980
(442/1000) loc: (10, 3264, 240)
Elapsed: 0.400111
(443/1000) loc: (10, 3264, 384)
Elapsed: 0.400997
(444/1000) loc: (10, 3264, 528)
Elapsed: 0.402125
(445/1000) loc: (10, 3264, 672)
Elapsed: 0.400965
(446/1000) loc: (10, 3264, 816)
Elapsed: 0.400299
(447/1000) loc: (10, 3264, 960)
Elapsed: 0.400534
(448/1000) loc: (10, 3264, 1104)
Elapsed: 0.401044
(449/1000) loc: (10, 3264, 1248)
Elapsed: 0.400754
(450/1000) loc: (10, 3264, 1392)
Elapsed: 0.402877
(451/1000) loc: (10, 3264, 1536)
Elapsed: 0.401153
(452/1000) loc: (10, 3264, 1680)
Elapsed: 0.401726
(453/1000) loc: (10, 3264, 1824)
Elapsed: 0.402004
(454/1000) loc: (10, 3264, 1968)
Elapsed: 0.402425
(455/1000) loc: (10, 3264, 2112)
Elapsed: 0.403511
(456/1000) loc: (10, 3264, 2256)
Elapsed: 0.402291
(457/1000) loc: (10, 3264, 2400)
Elapsed: 0.401197
(458/1000) loc: (10, 3264, 2544)
Elapsed: 0.401628
(459/1000) loc: (10, 3264, 2688)
Elapsed: 0.400382
(460/1000) loc: (10, 3264, 2814)
Elapsed: 0.399671
(461/1000) loc: (10, 3408, 96)
Elapsed: 0.407135
(462/1000) loc: (10, 3408, 240)
Elapsed: 0.401518
(463/1000) loc: (10, 3408, 384)
Elapsed: 0.401968
(464/1000) loc: (10, 3408, 528)
Elapsed: 0.400811
(465/1000) loc: (10, 3408, 672)
Elapsed: 0.401416
(466/1000) loc: (10, 3408, 816)
Elapsed: 0.399785
(467/1000) loc: (10, 3408, 960)
Elapsed: 0.399659
(468/1000) loc: (10, 3408, 1104)
Elapsed: 0.401314
(469/1000) loc: (10, 3408, 1248)
Elapsed: 0.400397
(470/1000) loc: (10, 3408, 1392)
Elapsed: 0.400218
(471/1000) loc: (10, 3408, 1536)
Elapsed: 0.400568
(472/1000) loc: (10, 3408, 1680)
Elapsed: 0.400825
(473/1000) loc: (10, 3408, 1824)
Elapsed: 0.401079
(474/1000) loc: (10, 3408, 1968)
Elapsed: 0.401679
(475/1000) loc: (10, 3408, 2112)
Elapsed: 0.399453
(476/1000) loc: (10, 3408, 2256)
Elapsed: 0.399170
(477/1000) loc: (10, 3408, 2400)
Elapsed: 0.399351
(478/1000) loc: (10, 3408, 2544)
Elapsed: 0.399803
(479/1000) loc: (10, 3408, 2688)
Elapsed: 0.399310
(480/1000) loc: (10, 3408, 2814)
Elapsed: 0.400676
(481/1000) loc: (10, 3422, 96)
Elapsed: 0.401337
(482/1000) loc: (10, 3422, 240)
Elapsed: 0.400464
(483/1000) loc: (10, 3422, 384)
Elapsed: 0.400041
(484/1000) loc: (10, 3422, 528)
Elapsed: 0.400069
(485/1000) loc: (10, 3422, 672)
Elapsed: 0.400373
(486/1000) loc: (10, 3422, 816)
Elapsed: 0.400083
(487/1000) loc: (10, 3422, 960)
Elapsed: 0.400278
(488/1000) loc: (10, 3422, 1104)
Elapsed: 0.400192
(489/1000) loc: (10, 3422, 1248)
Elapsed: 0.400864
(490/1000) loc: (10, 3422, 1392)
Elapsed: 0.399753
(491/1000) loc: (10, 3422, 1536)
Elapsed: 0.399534
(492/1000) loc: (10, 3422, 1680)
Elapsed: 0.400271
(493/1000) loc: (10, 3422, 1824)
Elapsed: 0.400022
(494/1000) loc: (10, 3422, 1968)
Elapsed: 0.399854
(495/1000) loc: (10, 3422, 2112)
Elapsed: 0.400073
(496/1000) loc: (10, 3422, 2256)
Elapsed: 0.400308
(497/1000) loc: (10, 3422, 2400)
Elapsed: 0.400062
(498/1000) loc: (10, 3422, 2544)
Elapsed: 0.400127
(499/1000) loc: (10, 3422, 2688)
Elapsed: 0.400223
(500/1000) loc: (10, 3422, 2814)
Elapsed: 0.400014
(501/1000) loc: (15, 96, 96)
Elapsed: 0.408427
(502/1000) loc: (15, 96, 240)
Elapsed: 0.400836
(503/1000) loc: (15, 96, 384)
Elapsed: 0.400834
(504/1000) loc: (15, 96, 528)
Elapsed: 0.400808
(505/1000) loc: (15, 96, 672)
Elapsed: 0.400998
(506/1000) loc: (15, 96, 816)
Elapsed: 0.399842
(507/1000) loc: (15, 96, 960)
Elapsed: 0.400280
(508/1000) loc: (15, 96, 1104)
Elapsed: 0.400964
(509/1000) loc: (15, 96, 1248)
Elapsed: 0.401981
(510/1000) loc: (15, 96, 1392)
Elapsed: 0.403040
(511/1000) loc: (15, 96, 1536)
Elapsed: 0.401513
(512/1000) loc: (15, 96, 1680)
Elapsed: 0.401494
(513/1000) loc: (15, 96, 1824)
Elapsed: 0.400588
(514/1000) loc: (15, 96, 1968)
Elapsed: 0.399905
(515/1000) loc: (15, 96, 2112)
Elapsed: 0.398856
(516/1000) loc: (15, 96, 2256)
Elapsed: 0.404430
(517/1000) loc: (15, 96, 2400)
Elapsed: 0.400105
(518/1000) loc: (15, 96, 2544)
Elapsed: 0.401110
(519/1000) loc: (15, 96, 2688)
Elapsed: 0.398806
(520/1000) loc: (15, 96, 2814)
Elapsed: 0.399608
(521/1000) loc: (15, 240, 96)
Elapsed: 0.405566
(522/1000) loc: (15, 240, 240)
Elapsed: 0.402044
(523/1000) loc: (15, 240, 384)
Elapsed: 0.401368
(524/1000) loc: (15, 240, 528)
Elapsed: 0.401222
(525/1000) loc: (15, 240, 672)
Elapsed: 0.401145
(526/1000) loc: (15, 240, 816)
Elapsed: 0.399634
(527/1000) loc: (15, 240, 960)
Elapsed: 0.399917
(528/1000) loc: (15, 240, 1104)
Elapsed: 0.400803
(529/1000) loc: (15, 240, 1248)
Elapsed: 0.401062
(530/1000) loc: (15, 240, 1392)
Elapsed: 0.400264
(531/1000) loc: (15, 240, 1536)
Elapsed: 0.401137
(532/1000) loc: (15, 240, 1680)
Elapsed: 0.400933
(533/1000) loc: (15, 240, 1824)
Elapsed: 0.401188
(534/1000) loc: (15, 240, 1968)
Elapsed: 0.400590
(535/1000) loc: (15, 240, 2112)
Elapsed: 0.400121
(536/1000) loc: (15, 240, 2256)
Elapsed: 0.398990
(537/1000) loc: (15, 240, 2400)
Elapsed: 0.399898
(538/1000) loc: (15, 240, 2544)
Elapsed: 0.399991
(539/1000) loc: (15, 240, 2688)
Elapsed: 0.399851
(540/1000) loc: (15, 240, 2814)
Elapsed: 0.399772
(541/1000) loc: (15, 384, 96)
Elapsed: 0.406356
(542/1000) loc: (15, 384, 240)
Elapsed: 0.400073
(543/1000) loc: (15, 384, 384)
Elapsed: 0.400661
(544/1000) loc: (15, 384, 528)
Elapsed: 0.400828
(545/1000) loc: (15, 384, 672)
Elapsed: 0.399889
(546/1000) loc: (15, 384, 816)
Elapsed: 0.401072
(547/1000) loc: (15, 384, 960)
Elapsed: 0.401227
(548/1000) loc: (15, 384, 1104)
Elapsed: 0.400786
(549/1000) loc: (15, 384, 1248)
Elapsed: 0.401107
(550/1000) loc: (15, 384, 1392)
Elapsed: 0.400435
(551/1000) loc: (15, 384, 1536)
Elapsed: 0.399265
(552/1000) loc: (15, 384, 1680)
Elapsed: 0.402361
(553/1000) loc: (15, 384, 1824)
Elapsed: 0.400573
(554/1000) loc: (15, 384, 1968)
Elapsed: 0.398757
(555/1000) loc: (15, 384, 2112)
Elapsed: 0.399895
(556/1000) loc: (15, 384, 2256)
Elapsed: 0.400735
(557/1000) loc: (15, 384, 2400)
Elapsed: 0.399190
(558/1000) loc: (15, 384, 2544)
Elapsed: 0.399380
(559/1000) loc: (15, 384, 2688)
Elapsed: 0.399157
(560/1000) loc: (15, 384, 2814)
Elapsed: 0.399310
(561/1000) loc: (15, 528, 96)
Elapsed: 0.406059
(562/1000) loc: (15, 528, 240)
Elapsed: 0.400947
(563/1000) loc: (15, 528, 384)
Elapsed: 0.400690
(564/1000) loc: (15, 528, 528)
Elapsed: 0.400974
(565/1000) loc: (15, 528, 672)
Elapsed: 0.400709
(566/1000) loc: (15, 528, 816)
Elapsed: 0.400220
(567/1000) loc: (15, 528, 960)
Elapsed: 0.400305
(568/1000) loc: (15, 528, 1104)
Elapsed: 0.400357
(569/1000) loc: (15, 528, 1248)
Elapsed: 0.400450
(570/1000) loc: (15, 528, 1392)
Elapsed: 0.400584
(571/1000) loc: (15, 528, 1536)
Elapsed: 0.402390
(572/1000) loc: (15, 528, 1680)
Elapsed: 0.400893
(573/1000) loc: (15, 528, 1824)
Elapsed: 0.400540
(574/1000) loc: (15, 528, 1968)
Elapsed: 0.401178
(575/1000) loc: (15, 528, 2112)
Elapsed: 0.400047
(576/1000) loc: (15, 528, 2256)
Elapsed: 0.399229
(577/1000) loc: (15, 528, 2400)
Elapsed: 0.401545
(578/1000) loc: (15, 528, 2544)
Elapsed: 0.400244
(579/1000) loc: (15, 528, 2688)
Elapsed: 0.399052
(580/1000) loc: (15, 528, 2814)
Elapsed: 0.400045
(581/1000) loc: (15, 672, 96)
Elapsed: 0.407343
(582/1000) loc: (15, 672, 240)
Elapsed: 0.400212
(583/1000) loc: (15, 672, 384)
Elapsed: 0.400611
(584/1000) loc: (15, 672, 528)
Elapsed: 0.401194
(585/1000) loc: (15, 672, 672)
Elapsed: 0.400569
(586/1000) loc: (15, 672, 816)
Elapsed: 0.400437
(587/1000) loc: (15, 672, 960)
Elapsed: 0.400528
(588/1000) loc: (15, 672, 1104)
Elapsed: 0.401512
(589/1000) loc: (15, 672, 1248)
Elapsed: 0.400029
(590/1000) loc: (15, 672, 1392)
Elapsed: 0.402106
(591/1000) loc: (15, 672, 1536)
Elapsed: 0.400787
(592/1000) loc: (15, 672, 1680)
Elapsed: 0.400941
(593/1000) loc: (15, 672, 1824)
Elapsed: 0.400403
(594/1000) loc: (15, 672, 1968)
Elapsed: 0.400446
(595/1000) loc: (15, 672, 2112)
Elapsed: 0.400219
(596/1000) loc: (15, 672, 2256)
Elapsed: 0.401646
(597/1000) loc: (15, 672, 2400)
Elapsed: 0.400316
(598/1000) loc: (15, 672, 2544)
Elapsed: 0.399860
(599/1000) loc: (15, 672, 2688)
Elapsed: 0.400432
(600/1000) loc: (15, 672, 2814)
Elapsed: 0.400137
(601/1000) loc: (15, 816, 96)
Elapsed: 0.407230
(602/1000) loc: (15, 816, 240)
Elapsed: 0.401456
(603/1000) loc: (15, 816, 384)
Elapsed: 0.402035
(604/1000) loc: (15, 816, 528)
Elapsed: 0.400791
(605/1000) loc: (15, 816, 672)
Elapsed: 0.400852
(606/1000) loc: (15, 816, 816)
Elapsed: 0.401737
(607/1000) loc: (15, 816, 960)
Elapsed: 0.402017
(608/1000) loc: (15, 816, 1104)
Elapsed: 0.402191
(609/1000) loc: (15, 816, 1248)
Elapsed: 0.402388
(610/1000) loc: (15, 816, 1392)
Elapsed: 0.402562
(611/1000) loc: (15, 816, 1536)
Elapsed: 0.402156
(612/1000) loc: (15, 816, 1680)
Elapsed: 0.401879
(613/1000) loc: (15, 816, 1824)
Elapsed: 0.402044
(614/1000) loc: (15, 816, 1968)
Elapsed: 0.400570
(615/1000) loc: (15, 816, 2112)
Elapsed: 0.399920
(616/1000) loc: (15, 816, 2256)
Elapsed: 0.400476
(617/1000) loc: (15, 816, 2400)
Elapsed: 0.401140
(618/1000) loc: (15, 816, 2544)
Elapsed: 0.400241
(619/1000) loc: (15, 816, 2688)
Elapsed: 0.401555
(620/1000) loc: (15, 816, 2814)
Elapsed: 0.400563
(621/1000) loc: (15, 960, 96)
Elapsed: 0.406615
(622/1000) loc: (15, 960, 240)
Elapsed: 0.401571
(623/1000) loc: (15, 960, 384)
Elapsed: 0.399997
(624/1000) loc: (15, 960, 528)
Elapsed: 0.401549
(625/1000) loc: (15, 960, 672)
Elapsed: 0.400683
(626/1000) loc: (15, 960, 816)
Elapsed: 0.400322
(627/1000) loc: (15, 960, 960)
Elapsed: 0.400912
(628/1000) loc: (15, 960, 1104)
Elapsed: 0.400225
(629/1000) loc: (15, 960, 1248)
Elapsed: 0.400617
(630/1000) loc: (15, 960, 1392)
Elapsed: 0.400532
(631/1000) loc: (15, 960, 1536)
Elapsed: 0.399661
(632/1000) loc: (15, 960, 1680)
Elapsed: 0.401317
(633/1000) loc: (15, 960, 1824)
Elapsed: 0.400600
(634/1000) loc: (15, 960, 1968)
Elapsed: 0.399847
(635/1000) loc: (15, 960, 2112)
Elapsed: 0.399476
(636/1000) loc: (15, 960, 2256)
Elapsed: 0.399539
(637/1000) loc: (15, 960, 2400)
Elapsed: 0.399709
(638/1000) loc: (15, 960, 2544)
Elapsed: 0.398815
(639/1000) loc: (15, 960, 2688)
Elapsed: 0.400501
(640/1000) loc: (15, 960, 2814)
Elapsed: 0.400558
(641/1000) loc: (15, 1104, 96)
Elapsed: 0.406493
(642/1000) loc: (15, 1104, 240)
Elapsed: 0.400602
(643/1000) loc: (15, 1104, 384)
Elapsed: 0.399533
(644/1000) loc: (15, 1104, 528)
Elapsed: 0.400353
(645/1000) loc: (15, 1104, 672)
Elapsed: 0.400687
(646/1000) loc: (15, 1104, 816)
Elapsed: 0.400474
(647/1000) loc: (15, 1104, 960)
Elapsed: 0.400342
(648/1000) loc: (15, 1104, 1104)
Elapsed: 0.400498
(649/1000) loc: (15, 1104, 1248)
Elapsed: 0.401160
(650/1000) loc: (15, 1104, 1392)
Elapsed: 0.399938
(651/1000) loc: (15, 1104, 1536)
Elapsed: 0.400556
(652/1000) loc: (15, 1104, 1680)
Elapsed: 0.399948
(653/1000) loc: (15, 1104, 1824)
Elapsed: 0.400566
(654/1000) loc: (15, 1104, 1968)
Elapsed: 0.400075
(655/1000) loc: (15, 1104, 2112)
Elapsed: 0.399068
(656/1000) loc: (15, 1104, 2256)
Elapsed: 0.399416
(657/1000) loc: (15, 1104, 2400)
Elapsed: 0.399841
(658/1000) loc: (15, 1104, 2544)
Elapsed: 0.399534
(659/1000) loc: (15, 1104, 2688)
Elapsed: 0.400009
(660/1000) loc: (15, 1104, 2814)
Elapsed: 0.400566
(661/1000) loc: (15, 1248, 96)
Elapsed: 0.405729
(662/1000) loc: (15, 1248, 240)
Elapsed: 0.404977
(663/1000) loc: (15, 1248, 384)
Elapsed: 0.400315
(664/1000) loc: (15, 1248, 528)
Elapsed: 0.401027
(665/1000) loc: (15, 1248, 672)
Elapsed: 0.399887
(666/1000) loc: (15, 1248, 816)
Elapsed: 0.399846
(667/1000) loc: (15, 1248, 960)
Elapsed: 0.400439
(668/1000) loc: (15, 1248, 1104)
Elapsed: 0.400305
(669/1000) loc: (15, 1248, 1248)
Elapsed: 0.400432
(670/1000) loc: (15, 1248, 1392)
Elapsed: 0.400557
(671/1000) loc: (15, 1248, 1536)
Elapsed: 0.400240
(672/1000) loc: (15, 1248, 1680)
Elapsed: 0.400824
(673/1000) loc: (15, 1248, 1824)
Elapsed: 0.400323
(674/1000) loc: (15, 1248, 1968)
Elapsed: 0.399372
(675/1000) loc: (15, 1248, 2112)
Elapsed: 0.399959
(676/1000) loc: (15, 1248, 2256)
Elapsed: 0.399559
(677/1000) loc: (15, 1248, 2400)
Elapsed: 0.398570
(678/1000) loc: (15, 1248, 2544)
Elapsed: 0.399689
(679/1000) loc: (15, 1248, 2688)
Elapsed: 0.398777
(680/1000) loc: (15, 1248, 2814)
Elapsed: 0.400024
(681/1000) loc: (15, 1392, 96)
Elapsed: 0.407311
(682/1000) loc: (15, 1392, 240)
Elapsed: 0.400686
(683/1000) loc: (15, 1392, 384)
Elapsed: 0.400603
(684/1000) loc: (15, 1392, 528)
Elapsed: 0.400270
(685/1000) loc: (15, 1392, 672)
Elapsed: 0.399930
(686/1000) loc: (15, 1392, 816)
Elapsed: 0.401549
(687/1000) loc: (15, 1392, 960)
Elapsed: 0.401027
(688/1000) loc: (15, 1392, 1104)
Elapsed: 0.400657
(689/1000) loc: (15, 1392, 1248)
Elapsed: 0.399463
(690/1000) loc: (15, 1392, 1392)
Elapsed: 0.400853
(691/1000) loc: (15, 1392, 1536)
Elapsed: 0.401119
(692/1000) loc: (15, 1392, 1680)
Elapsed: 0.401627
(693/1000) loc: (15, 1392, 1824)
Elapsed: 0.400328
(694/1000) loc: (15, 1392, 1968)
Elapsed: 0.399500
(695/1000) loc: (15, 1392, 2112)
Elapsed: 0.399660
(696/1000) loc: (15, 1392, 2256)
Elapsed: 0.399847
(697/1000) loc: (15, 1392, 2400)
Elapsed: 0.398355
(698/1000) loc: (15, 1392, 2544)
Elapsed: 0.400533
(699/1000) loc: (15, 1392, 2688)
Elapsed: 0.400114
(700/1000) loc: (15, 1392, 2814)
Elapsed: 0.399418
(701/1000) loc: (15, 1536, 96)
Elapsed: 0.407036
(702/1000) loc: (15, 1536, 240)
Elapsed: 0.401339
(703/1000) loc: (15, 1536, 384)
Elapsed: 0.400166
(704/1000) loc: (15, 1536, 528)
Elapsed: 0.401620
(705/1000) loc: (15, 1536, 672)
Elapsed: 0.400993
(706/1000) loc: (15, 1536, 816)
Elapsed: 0.399767
(707/1000) loc: (15, 1536, 960)
Elapsed: 0.401228
(708/1000) loc: (15, 1536, 1104)
Elapsed: 0.399857
(709/1000) loc: (15, 1536, 1248)
Elapsed: 0.400174
(710/1000) loc: (15, 1536, 1392)
Elapsed: 0.401829
(711/1000) loc: (15, 1536, 1536)
Elapsed: 0.400186
(712/1000) loc: (15, 1536, 1680)
Elapsed: 0.400845
(713/1000) loc: (15, 1536, 1824)
Elapsed: 0.400140
(714/1000) loc: (15, 1536, 1968)
Elapsed: 0.399597
(715/1000) loc: (15, 1536, 2112)
Elapsed: 0.399625
(716/1000) loc: (15, 1536, 2256)
Elapsed: 0.400367
(717/1000) loc: (15, 1536, 2400)
Elapsed: 0.399440
(718/1000) loc: (15, 1536, 2544)
Elapsed: 0.400541
(719/1000) loc: (15, 1536, 2688)
Elapsed: 0.398931
(720/1000) loc: (15, 1536, 2814)
Elapsed: 0.399580
(721/1000) loc: (15, 1680, 96)
Elapsed: 0.407286
(722/1000) loc: (15, 1680, 240)
Elapsed: 0.399882
(723/1000) loc: (15, 1680, 384)
Elapsed: 0.401690
(724/1000) loc: (15, 1680, 528)
Elapsed: 0.400497
(725/1000) loc: (15, 1680, 672)
Elapsed: 0.400353
(726/1000) loc: (15, 1680, 816)
Elapsed: 0.401716
(727/1000) loc: (15, 1680, 960)
Elapsed: 0.400548
(728/1000) loc: (15, 1680, 1104)
Elapsed: 0.400138
(729/1000) loc: (15, 1680, 1248)
Elapsed: 0.401554
(730/1000) loc: (15, 1680, 1392)
Elapsed: 0.400565
(731/1000) loc: (15, 1680, 1536)
Elapsed: 0.400736
(732/1000) loc: (15, 1680, 1680)
Elapsed: 0.401349
(733/1000) loc: (15, 1680, 1824)
Elapsed: 0.400693
(734/1000) loc: (15, 1680, 1968)
Elapsed: 0.399845
(735/1000) loc: (15, 1680, 2112)
Elapsed: 0.400786
(736/1000) loc: (15, 1680, 2256)
Elapsed: 0.400108
(737/1000) loc: (15, 1680, 2400)
Elapsed: 0.398909
(738/1000) loc: (15, 1680, 2544)
Elapsed: 0.400381
(739/1000) loc: (15, 1680, 2688)
Elapsed: 0.399462
(740/1000) loc: (15, 1680, 2814)
Elapsed: 0.400157
(741/1000) loc: (15, 1824, 96)
Elapsed: 0.407321
(742/1000) loc: (15, 1824, 240)
Elapsed: 0.401122
(743/1000) loc: (15, 1824, 384)
Elapsed: 0.400547
(744/1000) loc: (15, 1824, 528)
Elapsed: 0.400338
(745/1000) loc: (15, 1824, 672)
Elapsed: 0.400886
(746/1000) loc: (15, 1824, 816)
Elapsed: 0.402850
(747/1000) loc: (15, 1824, 960)
Elapsed: 0.401714
(748/1000) loc: (15, 1824, 1104)
Elapsed: 0.401509
(749/1000) loc: (15, 1824, 1248)
Elapsed: 0.401263
(750/1000) loc: (15, 1824, 1392)
Elapsed: 0.400313
(751/1000) loc: (15, 1824, 1536)
Elapsed: 0.400975
(752/1000) loc: (15, 1824, 1680)
Elapsed: 0.402232
(753/1000) loc: (15, 1824, 1824)
Elapsed: 0.400553
(754/1000) loc: (15, 1824, 1968)
Elapsed: 0.399967
(755/1000) loc: (15, 1824, 2112)
Elapsed: 0.400759
(756/1000) loc: (15, 1824, 2256)
Elapsed: 0.400711
(757/1000) loc: (15, 1824, 2400)
Elapsed: 0.400153
(758/1000) loc: (15, 1824, 2544)
Elapsed: 0.401190
(759/1000) loc: (15, 1824, 2688)
Elapsed: 0.399483
(760/1000) loc: (15, 1824, 2814)
Elapsed: 0.399726
(761/1000) loc: (15, 1968, 96)
Elapsed: 0.406438
(762/1000) loc: (15, 1968, 240)
Elapsed: 0.401453
(763/1000) loc: (15, 1968, 384)
Elapsed: 0.401473
(764/1000) loc: (15, 1968, 528)
Elapsed: 0.403277
(765/1000) loc: (15, 1968, 672)
Elapsed: 0.400095
(766/1000) loc: (15, 1968, 816)
Elapsed: 0.399923
(767/1000) loc: (15, 1968, 960)
Elapsed: 0.400950
(768/1000) loc: (15, 1968, 1104)
Elapsed: 0.400361
(769/1000) loc: (15, 1968, 1248)
Elapsed: 0.401528
(770/1000) loc: (15, 1968, 1392)
Elapsed: 0.401925
(771/1000) loc: (15, 1968, 1536)
Elapsed: 0.401221
(772/1000) loc: (15, 1968, 1680)
Elapsed: 0.402398
(773/1000) loc: (15, 1968, 1824)
Elapsed: 0.401543
(774/1000) loc: (15, 1968, 1968)
Elapsed: 0.401180
(775/1000) loc: (15, 1968, 2112)
Elapsed: 0.401629
(776/1000) loc: (15, 1968, 2256)
Elapsed: 0.400449
(777/1000) loc: (15, 1968, 2400)
Elapsed: 0.399668
(778/1000) loc: (15, 1968, 2544)
Elapsed: 0.400392
(779/1000) loc: (15, 1968, 2688)
Elapsed: 0.401146
(780/1000) loc: (15, 1968, 2814)
Elapsed: 0.400581
(781/1000) loc: (15, 2112, 96)
Elapsed: 0.405870
(782/1000) loc: (15, 2112, 240)
Elapsed: 0.400862
(783/1000) loc: (15, 2112, 384)
Elapsed: 0.401021
(784/1000) loc: (15, 2112, 528)
Elapsed: 0.400610
(785/1000) loc: (15, 2112, 672)
Elapsed: 0.400813
(786/1000) loc: (15, 2112, 816)
Elapsed: 0.400471
(787/1000) loc: (15, 2112, 960)
Elapsed: 0.401122
(788/1000) loc: (15, 2112, 1104)
Elapsed: 0.399705
(789/1000) loc: (15, 2112, 1248)
Elapsed: 0.401611
(790/1000) loc: (15, 2112, 1392)
Elapsed: 0.400358
(791/1000) loc: (15, 2112, 1536)
Elapsed: 0.400734
(792/1000) loc: (15, 2112, 1680)
Elapsed: 0.400308
(793/1000) loc: (15, 2112, 1824)
Elapsed: 0.398884
(794/1000) loc: (15, 2112, 1968)
Elapsed: 0.399727
(795/1000) loc: (15, 2112, 2112)
Elapsed: 0.399427
(796/1000) loc: (15, 2112, 2256)
Elapsed: 0.399192
(797/1000) loc: (15, 2112, 2400)
Elapsed: 0.399373
(798/1000) loc: (15, 2112, 2544)
Elapsed: 0.399776
(799/1000) loc: (15, 2112, 2688)
Elapsed: 0.398615
(800/1000) loc: (15, 2112, 2814)
Elapsed: 0.398139
(801/1000) loc: (15, 2256, 96)
Elapsed: 0.410869
(802/1000) loc: (15, 2256, 240)
Elapsed: 0.399320
(803/1000) loc: (15, 2256, 384)
Elapsed: 0.400955
(804/1000) loc: (15, 2256, 528)
Elapsed: 0.400438
(805/1000) loc: (15, 2256, 672)
Elapsed: 0.401074
(806/1000) loc: (15, 2256, 816)
Elapsed: 0.401108
(807/1000) loc: (15, 2256, 960)
Elapsed: 0.399777
(808/1000) loc: (15, 2256, 1104)
Elapsed: 0.400393
(809/1000) loc: (15, 2256, 1248)
Elapsed: 0.400066
(810/1000) loc: (15, 2256, 1392)
Elapsed: 0.400525
(811/1000) loc: (15, 2256, 1536)
Elapsed: 0.400796
(812/1000) loc: (15, 2256, 1680)
Elapsed: 0.400418
(813/1000) loc: (15, 2256, 1824)
Elapsed: 0.399725
(814/1000) loc: (15, 2256, 1968)
Elapsed: 0.398581
(815/1000) loc: (15, 2256, 2112)
Elapsed: 0.399951
(816/1000) loc: (15, 2256, 2256)
Elapsed: 0.399935
(817/1000) loc: (15, 2256, 2400)
Elapsed: 0.399597
(818/1000) loc: (15, 2256, 2544)
Elapsed: 0.400990
(819/1000) loc: (15, 2256, 2688)
Elapsed: 0.400610
(820/1000) loc: (15, 2256, 2814)
Elapsed: 0.399392
(821/1000) loc: (15, 2400, 96)
Elapsed: 0.407285
(822/1000) loc: (15, 2400, 240)
Elapsed: 0.401178
(823/1000) loc: (15, 2400, 384)
Elapsed: 0.400825
(824/1000) loc: (15, 2400, 528)
Elapsed: 0.399609
(825/1000) loc: (15, 2400, 672)
Elapsed: 0.399513
(826/1000) loc: (15, 2400, 816)
Elapsed: 0.401422
(827/1000) loc: (15, 2400, 960)
Elapsed: 0.399555
(828/1000) loc: (15, 2400, 1104)
Elapsed: 0.400059
(829/1000) loc: (15, 2400, 1248)
Elapsed: 0.400169
(830/1000) loc: (15, 2400, 1392)
Elapsed: 0.401464
(831/1000) loc: (15, 2400, 1536)
Elapsed: 0.399908
(832/1000) loc: (15, 2400, 1680)
Elapsed: 0.400843
(833/1000) loc: (15, 2400, 1824)
Elapsed: 0.400642
(834/1000) loc: (15, 2400, 1968)
Elapsed: 0.399400
(835/1000) loc: (15, 2400, 2112)
Elapsed: 0.399635
(836/1000) loc: (15, 2400, 2256)
Elapsed: 0.399664
(837/1000) loc: (15, 2400, 2400)
Elapsed: 0.399604
(838/1000) loc: (15, 2400, 2544)
Elapsed: 0.399173
(839/1000) loc: (15, 2400, 2688)
Elapsed: 0.398596
(840/1000) loc: (15, 2400, 2814)
Elapsed: 0.398529
(841/1000) loc: (15, 2544, 96)
Elapsed: 0.405717
(842/1000) loc: (15, 2544, 240)
Elapsed: 0.401283
(843/1000) loc: (15, 2544, 384)
Elapsed: 0.400809
(844/1000) loc: (15, 2544, 528)
Elapsed: 0.400145
(845/1000) loc: (15, 2544, 672)
Elapsed: 0.400814
(846/1000) loc: (15, 2544, 816)
Elapsed: 0.401385
(847/1000) loc: (15, 2544, 960)
Elapsed: 0.401070
(848/1000) loc: (15, 2544, 1104)
Elapsed: 0.401225
(849/1000) loc: (15, 2544, 1248)
Elapsed: 0.401458
(850/1000) loc: (15, 2544, 1392)
Elapsed: 0.400821
(851/1000) loc: (15, 2544, 1536)
Elapsed: 0.399812
(852/1000) loc: (15, 2544, 1680)
Elapsed: 0.400934
(853/1000) loc: (15, 2544, 1824)
Elapsed: 0.400447
(854/1000) loc: (15, 2544, 1968)
Elapsed: 0.400301
(855/1000) loc: (15, 2544, 2112)
Elapsed: 0.401286
(856/1000) loc: (15, 2544, 2256)
Elapsed: 0.399859
(857/1000) loc: (15, 2544, 2400)
Elapsed: 0.400056
(858/1000) loc: (15, 2544, 2544)
Elapsed: 0.400058
(859/1000) loc: (15, 2544, 2688)
Elapsed: 0.399606
(860/1000) loc: (15, 2544, 2814)
Elapsed: 0.399582
(861/1000) loc: (15, 2688, 96)
Elapsed: 0.406342
(862/1000) loc: (15, 2688, 240)
Elapsed: 0.401134
(863/1000) loc: (15, 2688, 384)
Elapsed: 0.401281
(864/1000) loc: (15, 2688, 528)
Elapsed: 0.400113
(865/1000) loc: (15, 2688, 672)
Elapsed: 0.400253
(866/1000) loc: (15, 2688, 816)
Elapsed: 0.400644
(867/1000) loc: (15, 2688, 960)
Elapsed: 0.400696
(868/1000) loc: (15, 2688, 1104)
Elapsed: 0.401663
(869/1000) loc: (15, 2688, 1248)
Elapsed: 0.400743
(870/1000) loc: (15, 2688, 1392)
Elapsed: 0.400582
(871/1000) loc: (15, 2688, 1536)
Elapsed: 0.401125
(872/1000) loc: (15, 2688, 1680)
Elapsed: 0.400096
(873/1000) loc: (15, 2688, 1824)
Elapsed: 0.400172
(874/1000) loc: (15, 2688, 1968)
Elapsed: 0.401962
(875/1000) loc: (15, 2688, 2112)
Elapsed: 0.399601
(876/1000) loc: (15, 2688, 2256)
Elapsed: 0.400051
(877/1000) loc: (15, 2688, 2400)
Elapsed: 0.400029
(878/1000) loc: (15, 2688, 2544)
Elapsed: 0.400663
(879/1000) loc: (15, 2688, 2688)
Elapsed: 0.399504
(880/1000) loc: (15, 2688, 2814)
Elapsed: 0.399964
(881/1000) loc: (15, 2832, 96)
Elapsed: 0.405974
(882/1000) loc: (15, 2832, 240)
Elapsed: 0.400133
(883/1000) loc: (15, 2832, 384)
Elapsed: 0.400851
(884/1000) loc: (15, 2832, 528)
Elapsed: 0.400899
(885/1000) loc: (15, 2832, 672)
Elapsed: 0.400306
(886/1000) loc: (15, 2832, 816)
Elapsed: 0.400874
(887/1000) loc: (15, 2832, 960)
Elapsed: 0.400045
(888/1000) loc: (15, 2832, 1104)
Elapsed: 0.401298
(889/1000) loc: (15, 2832, 1248)
Elapsed: 0.400105
(890/1000) loc: (15, 2832, 1392)
Elapsed: 0.400834
(891/1000) loc: (15, 2832, 1536)
Elapsed: 0.399654
(892/1000) loc: (15, 2832, 1680)
Elapsed: 0.401331
(893/1000) loc: (15, 2832, 1824)
Elapsed: 0.400781
(894/1000) loc: (15, 2832, 1968)
Elapsed: 0.400106
(895/1000) loc: (15, 2832, 2112)
Elapsed: 0.400378
(896/1000) loc: (15, 2832, 2256)
Elapsed: 0.398875
(897/1000) loc: (15, 2832, 2400)
Elapsed: 0.399522
(898/1000) loc: (15, 2832, 2544)
Elapsed: 0.400585
(899/1000) loc: (15, 2832, 2688)
Elapsed: 0.398998
(900/1000) loc: (15, 2832, 2814)
Elapsed: 0.400208
(901/1000) loc: (15, 2976, 96)
Elapsed: 0.405640
(902/1000) loc: (15, 2976, 240)
Elapsed: 0.399991
(903/1000) loc: (15, 2976, 384)
Elapsed: 0.400142
(904/1000) loc: (15, 2976, 528)
Elapsed: 0.400222
(905/1000) loc: (15, 2976, 672)
Elapsed: 0.399844
(906/1000) loc: (15, 2976, 816)
Elapsed: 0.399439
(907/1000) loc: (15, 2976, 960)
Elapsed: 0.399565
(908/1000) loc: (15, 2976, 1104)
Elapsed: 0.401532
(909/1000) loc: (15, 2976, 1248)
Elapsed: 0.400647
(910/1000) loc: (15, 2976, 1392)
Elapsed: 0.400889
(911/1000) loc: (15, 2976, 1536)
Elapsed: 0.399508
(912/1000) loc: (15, 2976, 1680)
Elapsed: 0.401648
(913/1000) loc: (15, 2976, 1824)
Elapsed: 0.400708
(914/1000) loc: (15, 2976, 1968)
Elapsed: 0.398849
(915/1000) loc: (15, 2976, 2112)
Elapsed: 0.398304
(916/1000) loc: (15, 2976, 2256)
Elapsed: 0.398674
(917/1000) loc: (15, 2976, 2400)
Elapsed: 0.400300
(918/1000) loc: (15, 2976, 2544)
Elapsed: 0.399774
(919/1000) loc: (15, 2976, 2688)
Elapsed: 0.399822
(920/1000) loc: (15, 2976, 2814)
Elapsed: 0.399950
(921/1000) loc: (15, 3120, 96)
Elapsed: 0.406576
(922/1000) loc: (15, 3120, 240)
Elapsed: 0.400864
(923/1000) loc: (15, 3120, 384)
Elapsed: 0.400660
(924/1000) loc: (15, 3120, 528)
Elapsed: 0.400228
(925/1000) loc: (15, 3120, 672)
Elapsed: 0.399869
(926/1000) loc: (15, 3120, 816)
Elapsed: 0.400378
(927/1000) loc: (15, 3120, 960)
Elapsed: 0.401399
(928/1000) loc: (15, 3120, 1104)
Elapsed: 0.400763
(929/1000) loc: (15, 3120, 1248)
Elapsed: 0.400984
(930/1000) loc: (15, 3120, 1392)
Elapsed: 0.400320
(931/1000) loc: (15, 3120, 1536)
Elapsed: 0.398927
(932/1000) loc: (15, 3120, 1680)
Elapsed: 0.401412
(933/1000) loc: (15, 3120, 1824)
Elapsed: 0.399275
(934/1000) loc: (15, 3120, 1968)
Elapsed: 0.399423
(935/1000) loc: (15, 3120, 2112)
Elapsed: 0.399183
(936/1000) loc: (15, 3120, 2256)
Elapsed: 0.399699
(937/1000) loc: (15, 3120, 2400)
Elapsed: 0.398782
(938/1000) loc: (15, 3120, 2544)
Elapsed: 0.399020
(939/1000) loc: (15, 3120, 2688)
Elapsed: 0.399066
(940/1000) loc: (15, 3120, 2814)
Elapsed: 0.404006
(941/1000) loc: (15, 3264, 96)
Elapsed: 0.406024
(942/1000) loc: (15, 3264, 240)
Elapsed: 0.400836
(943/1000) loc: (15, 3264, 384)
Elapsed: 0.400954
(944/1000) loc: (15, 3264, 528)
Elapsed: 0.400003
(945/1000) loc: (15, 3264, 672)
Elapsed: 0.399938
(946/1000) loc: (15, 3264, 816)
Elapsed: 0.400358
(947/1000) loc: (15, 3264, 960)
Elapsed: 0.400092
(948/1000) loc: (15, 3264, 1104)
Elapsed: 0.400358
(949/1000) loc: (15, 3264, 1248)
Elapsed: 0.400917
(950/1000) loc: (15, 3264, 1392)
Elapsed: 0.399698
(951/1000) loc: (15, 3264, 1536)
Elapsed: 0.401536
(952/1000) loc: (15, 3264, 1680)
Elapsed: 0.401123
(953/1000) loc: (15, 3264, 1824)
Elapsed: 0.401369
(954/1000) loc: (15, 3264, 1968)
Elapsed: 0.400871
(955/1000) loc: (15, 3264, 2112)
Elapsed: 0.399489
(956/1000) loc: (15, 3264, 2256)
Elapsed: 0.399405
(957/1000) loc: (15, 3264, 2400)
Elapsed: 0.400072
(958/1000) loc: (15, 3264, 2544)
Elapsed: 0.398924
(959/1000) loc: (15, 3264, 2688)
Elapsed: 0.399616
(960/1000) loc: (15, 3264, 2814)
Elapsed: 0.399681
(961/1000) loc: (15, 3408, 96)
Elapsed: 0.407343
(962/1000) loc: (15, 3408, 240)
Elapsed: 0.400945
(963/1000) loc: (15, 3408, 384)
Elapsed: 0.400585
(964/1000) loc: (15, 3408, 528)
Elapsed: 0.400517
(965/1000) loc: (15, 3408, 672)
Elapsed: 0.399845
(966/1000) loc: (15, 3408, 816)
Elapsed: 0.401928
(967/1000) loc: (15, 3408, 960)
Elapsed: 0.400959
(968/1000) loc: (15, 3408, 1104)
Elapsed: 0.400409
(969/1000) loc: (15, 3408, 1248)
Elapsed: 0.400929
(970/1000) loc: (15, 3408, 1392)
Elapsed: 0.400093
(971/1000) loc: (15, 3408, 1536)
Elapsed: 0.399913
(972/1000) loc: (15, 3408, 1680)
Elapsed: 0.399662
(973/1000) loc: (15, 3408, 1824)
Elapsed: 0.400055
(974/1000) loc: (15, 3408, 1968)
Elapsed: 0.399500
(975/1000) loc: (15, 3408, 2112)
Elapsed: 0.399811
(976/1000) loc: (15, 3408, 2256)
Elapsed: 0.401098
(977/1000) loc: (15, 3408, 2400)
Elapsed: 0.400200
(978/1000) loc: (15, 3408, 2544)
Elapsed: 0.399635
(979/1000) loc: (15, 3408, 2688)
Elapsed: 0.399650
(980/1000) loc: (15, 3408, 2814)
Elapsed: 0.399370
(981/1000) loc: (15, 3422, 96)
Elapsed: 0.400271
(982/1000) loc: (15, 3422, 240)
Elapsed: 0.398755
(983/1000) loc: (15, 3422, 384)
Elapsed: 0.400229
(984/1000) loc: (15, 3422, 528)
Elapsed: 0.400064
(985/1000) loc: (15, 3422, 672)
Elapsed: 0.398860
(986/1000) loc: (15, 3422, 816)
Elapsed: 0.398861
(987/1000) loc: (15, 3422, 960)
Elapsed: 0.399869
(988/1000) loc: (15, 3422, 1104)
Elapsed: 0.402678
(989/1000) loc: (15, 3422, 1248)
Elapsed: 0.399747
(990/1000) loc: (15, 3422, 1392)
Elapsed: 0.399319
(991/1000) loc: (15, 3422, 1536)
Elapsed: 0.398966
(992/1000) loc: (15, 3422, 1680)
Elapsed: 0.400518
(993/1000) loc: (15, 3422, 1824)
Elapsed: 0.400214
(994/1000) loc: (15, 3422, 1968)
Elapsed: 0.398799
(995/1000) loc: (15, 3422, 2112)
Elapsed: 0.400505
(996/1000) loc: (15, 3422, 2256)
Elapsed: 0.400547
(997/1000) loc: (15, 3422, 2400)
Elapsed: 0.401139
(998/1000) loc: (15, 3422, 2544)
Elapsed: 0.399632
(999/1000) loc: (15, 3422, 2688)
Elapsed: 0.398900
(1000/1000) loc: (15, 3422, 2814)
Elapsed: 0.400019
\patch 80: 7.4 min
